* EvoSuite 1.0.6-SNAPSHOT
* Going to generate test cases for class: okhttp3.internal.tls.DistinguishedNameParser
* Starting client
* Connecting to master process on port 17186
* Analyzing classpath: 
  - /var/benchmarks/projects/okhttp/okhttp/target/classes
  - /var/benchmarks/projects/okhttp/okhttp/target/classes
* Finished analyzing classpath
* Generating tests for class okhttp3.internal.tls.DistinguishedNameParser
* Test criteria:
  - Line Coverage
  - Branch Coverage
  - Exception
  - Mutation testing (weak)
  - Method-Output Coverage
  - Top-Level Method Coverage
  - No-Exception Top-Level Method Coverage
  - Context Branch Coverage
* Setting up search algorithm for whole suite generation
* Total number of test goals: 
  - Line 156
  - Branch 211
  - Exception 0
  - MutationFactory 739
  - Output 3
  - Method 2
  - MethodNoException 2
  - CBranchFitnessFactory 211
* Using seed 1516817616027
* Starting evolution
[MASTER] 19:14:25.626 [logback-2] ERROR TestCluster - Failed to check cache for java.util.Set<E> : Type points to itself
[MASTER] 19:14:26.585 [logback-2] ERROR TestCluster - Failed to check cache for java.util.Enumeration<E> : Type points to itself
* Search finished after 72s and 151 generations, 28168 statements, best individual has fitness: 1541.4586021505374
* Minimizing test suite
* Generated 8 tests with total length 31
* Resulting test suite's coverage: 48% (average coverage for all fitness functions)
* Generating assertions
* Compiling and checking tests
* Permissions denied during test execution: 
  - java.security.SecurityPermission: 
         createAccessControlContext: 2
  - javax.security.auth.AuthPermission: 
         getSubject: 21
* Writing JUnit test case 'DistinguishedNameParser_ESTest' to temp/testcases
* Done!

* Computation finished
