* EvoSuite 1.0.6-SNAPSHOT
* Going to generate test cases for class: org.apache.commons.jxpath.JXPathContext
* Starting client
* Connecting to master process on port 4958
* Analyzing classpath: 
  - /var/benchmarks/projects/commons-jxpath-1.3-src/target/classes
  - /var/benchmarks/projects/commons-jxpath-1.3-src/target/classes
* Finished analyzing classpath
* Generating tests for class org.apache.commons.jxpath.JXPathContext
* Test criteria:
  - Line Coverage
  - Branch Coverage
  - Exception
  - Mutation testing (weak)
  - Method-Output Coverage
  - Top-Level Method Coverage
  - No-Exception Top-Level Method Coverage
  - Context Branch Coverage
* Setting up search algorithm for whole suite generation
* Total number of test goals: 
  - Line 95
  - Branch 63
  - Exception 0
  - MutationFactory 51
  - Output 72
  - Method 44
  - MethodNoException 44
  - CBranchFitnessFactory 63
* Using seed 1516819294752
* Starting evolution
[MASTER] 19:41:38.615 [logback-1] WARN  TestUsageChecker - class org.apache.commons.jxpath.ri.model.VariablePointer$1 looks like an anonymous class, ignoring it (although reflection says false) VariablePointer$1
[MASTER] 19:42:26.472 [logback-2] ERROR TestCluster - Failed to check cache for java.util.List<E> : Type points to itself
[MASTER] 19:42:26.473 [logback-2] ERROR TestCluster - Failed to check cache for java.util.Collection<E> : Type points to itself
* Search finished after 71s and 319 generations, 99081 statements, best individual has fitness: 77.95634920634922
* Minimizing test suite
* Generated 82 tests with total length 399
* Resulting test suite's coverage: 71% (average coverage for all fitness functions)
* Generating assertions
* Compiling and checking tests
[MASTER] 19:42:54.793 [logback-2] ERROR JUnitAnalyzer - Compilation failed on compilation units: [RegularFileObject[/tmp/EvoSuite_32_1516819374753/org/apache/commons/jxpath/JXPathContext_32_tmp__ESTest.java], RegularFileObject[/tmp/EvoSuite_32_1516819374753/org/apache/commons/jxpath/JXPathContext_32_tmp__ESTest_scaffolding.java]]
[MASTER] 19:42:54.793 [logback-2] ERROR JUnitAnalyzer - Classpath: /var/benchmarks/projects/commons-jxpath-1.3-src/target/classes:/var/benchmarks/projects/commons-jxpath-1.3-src/target/classes:/home/evosuite_6th/.:/home/evosuite_6th/lib/evosuite-master-1.0.6-SNAPSHOT.jar:/home/evosuite_6th/lib/runtool-1.0.jar:/var/benchmarks/projects/commons-jxpath-1.3-src/target/classes:/var/benchmarks/projects/commons-jxpath-1.3-src/target/classes
[MASTER] 19:42:54.793 [logback-2] ERROR JUnitAnalyzer - evosuiteCP: /home/evosuite_6th/.:/home/evosuite_6th/lib/evosuite-master-1.0.6-SNAPSHOT.jar:/home/evosuite_6th/lib/runtool-1.0.jar:/var/benchmarks/projects/commons-jxpath-1.3-src/target/classes:/var/benchmarks/projects/commons-jxpath-1.3-src/target/classes
[MASTER] 19:42:54.796 [logback-2] ERROR JUnitAnalyzer - Diagnostic: compilePath(java.lang.String) has protected access in org.apache.commons.jxpath.ri.JXPathContextReferenceImpl: 84
[MASTER] 19:42:54.797 [logback-2] ERROR JUnitAnalyzer - RegularFileObject[/tmp/EvoSuite_32_1516819374753/org/apache/commons/jxpath/JXPathContext_32_tmp__ESTest.java]
1: /*
2:  * This file was automatically generated by EvoSuite
3:  * Wed Jan 24 18:42:54 GMT 2018
4:  */
5: 
6: package org.apache.commons.jxpath;
7: 
8: import org.junit.Test;
9: import static org.junit.Assert.*;
10: import static org.evosuite.runtime.EvoAssertions.*;
11: import java.text.DecimalFormatSymbols;
12: import java.util.Locale;
13: import org.apache.commons.jxpath.JXPathContext;
14: import org.apache.commons.jxpath.ri.JXPathContextReferenceImpl;
15: import org.evosuite.runtime.EvoRunner;
16: import org.evosuite.runtime.EvoRunnerParameters;
17: import org.junit.runner.RunWith;
18: 
19: @RunWith(EvoRunner.class) @EvoRunnerParameters(mockJVMNonDeterminism = true, useVFS = true, useVNET = true, resetStaticState = true, useJEE = true) 
20: public class JXPathContext_32_tmp__ESTest extends JXPathContext_32_tmp__ESTest_scaffolding {
21: 
22:   @Test(timeout = 4000)
23:   public void test0()  throws Throwable  {
24:       Locale locale0 = Locale.JAPANESE;
25:       assertEquals("", locale0.getISO3Country());
26:       assertEquals("ja", locale0.getLanguage());
27:       assertEquals("", locale0.getCountry());
28:       assertEquals("jpn", locale0.getISO3Language());
29:       assertEquals("ja", locale0.toString());
30:       assertEquals("", locale0.getVariant());
31:       assertNotNull(locale0);
32:       
33:       DecimalFormatSymbols decimalFormatSymbols0 = new DecimalFormatSymbols(locale0);
34:       assertEquals("", locale0.getISO3Country());
35:       assertEquals("ja", locale0.getLanguage());
36:       assertEquals("", locale0.getCountry());
37:       assertEquals("jpn", locale0.getISO3Language());
38:       assertEquals("ja", locale0.toString());
39:       assertEquals("", locale0.getVariant());
40:       assertEquals('%', decimalFormatSymbols0.getPercent());
41:       assertEquals(',', decimalFormatSymbols0.getGroupingSeparator());
42:       assertEquals('0', decimalFormatSymbols0.getZeroDigit());
43:       assertEquals("E", decimalFormatSymbols0.getExponentSeparator());
44:       assertEquals("\uFFFD", decimalFormatSymbols0.getNaN());
45:       assertEquals("\u00A4", decimalFormatSymbols0.getCurrencySymbol());
46:       assertEquals('\u2030', decimalFormatSymbols0.getPerMill());
47:       assertEquals(';', decimalFormatSymbols0.getPatternSeparator());
48:       assertEquals('#', decimalFormatSymbols0.getDigit());
49:       assertEquals('-', decimalFormatSymbols0.getMinusSign());
50:       assertEquals('.', decimalFormatSymbols0.getDecimalSeparator());
51:       assertEquals("XXX", decimalFormatSymbols0.getInternationalCurrencySymbol());
52:       assertEquals("\u221E", decimalFormatSymbols0.getInfinity());
53:       assertEquals('.', decimalFormatSymbols0.getMonetaryDecimalSeparator());
54:       assertNotNull(decimalFormatSymbols0);
55:       
56:       JXPathContextReferenceImpl jXPathContextReferenceImpl0 = (JXPathContextReferenceImpl)JXPathContext.newContext((Object) decimalFormatSymbols0);
57:       assertEquals("", locale0.getISO3Country());
58:       assertEquals("ja", locale0.getLanguage());
59:       assertEquals("", locale0.getCountry());
60:       assertEquals("jpn", locale0.getISO3Language());
61:       assertEquals("ja", locale0.toString());
62:       assertEquals("", locale0.getVariant());
63:       assertEquals('%', decimalFormatSymbols0.getPercent());
64:       assertEquals(',', decimalFormatSymbols0.getGroupingSeparator());
65:       assertEquals('0', decimalFormatSymbols0.getZeroDigit());
66:       assertEquals("E", decimalFormatSymbols0.getExponentSeparator());
67:       assertEquals("\uFFFD", decimalFormatSymbols0.getNaN());
68:       assertEquals("\u00A4", decimalFormatSymbols0.getCurrencySymbol());
69:       assertEquals('\u2030', decimalFormatSymbols0.getPerMill());
70:       assertEquals(';', decimalFormatSymbols0.getPatternSeparator());
71:       assertEquals('#', decimalFormatSymbols0.getDigit());
72:       assertEquals('-', decimalFormatSymbols0.getMinusSign());
73:       assertEquals('.', decimalFormatSymbols0.getDecimalSeparator());
74:       assertEquals("XXX", decimalFormatSymbols0.getInternationalCurrencySymbol());
75:       assertEquals("\u221E", decimalFormatSymbols0.getInfinity());
76:       assertEquals('.', decimalFormatSymbols0.getMonetaryDecimalSeparator());
77:       assertFalse(jXPathContextReferenceImpl0.isLenient());
78:       assertNotNull(jXPathContextReferenceImpl0);
79:       assertTrue(JXPathContextReferenceImpl.USE_SOFT_CACHE);
80:       
81:       String string0 = null;
82:       // Undeclared exception!
83:       try { 
84:         jXPathContextReferenceImpl0.compilePath(string0);
85:         fail("Expecting exception: NullPointerException");
86:       
87:       } catch(NullPointerException e) {
88:          //
89:          // no message in exception (getMessage() returned null)
90:          //
91:       }
92:   }
93: }
RegularFileObject[/tmp/EvoSuite_32_1516819374753/org/apache/commons/jxpath/JXPathContext_32_tmp__ESTest.java]
1: /**
2:  * Scaffolding file used to store all the setups needed to run 
3:  * tests automatically generated by EvoSuite
4:  * Wed Jan 24 18:42:54 GMT 2018
5:  */
6: 
7: package org.apache.commons.jxpath;
8: 
9: import org.evosuite.runtime.annotation.EvoSuiteClassExclude;
10: import org.junit.BeforeClass;
11: import org.junit.Before;
12: import org.junit.After;
13: import org.junit.AfterClass;
14: import org.evosuite.runtime.sandbox.Sandbox;
15: import org.evosuite.runtime.sandbox.Sandbox.SandboxMode;
16: 
17: @EvoSuiteClassExclude
18: public class JXPathContext_32_tmp__ESTest_scaffolding {
19: 
20:   @org.junit.Rule 
21:   public org.evosuite.runtime.vnet.NonFunctionalRequirementRule nfr = new org.evosuite.runtime.vnet.NonFunctionalRequirementRule();
22: 
23:   private static final java.util.Properties defaultProperties = (java.util.Properties) java.lang.System.getProperties().clone(); 
24: 
25:   private org.evosuite.runtime.thread.ThreadStopper threadStopper =  new org.evosuite.runtime.thread.ThreadStopper (org.evosuite.runtime.thread.KillSwitchHandler.getInstance(), 3000);
26: 
27: 
28:   @BeforeClass 
29:   public static void initEvoSuiteFramework() { 
30:     org.evosuite.runtime.RuntimeSettings.className = "org.apache.commons.jxpath.JXPathContext"; 
31:     org.evosuite.runtime.GuiSupport.initialize(); 
32:     org.evosuite.runtime.RuntimeSettings.maxNumberOfThreads = 100; 
33:     org.evosuite.runtime.RuntimeSettings.maxNumberOfIterationsPerLoop = 10000; 
34:     org.evosuite.runtime.RuntimeSettings.mockSystemIn = true; 
35:     org.evosuite.runtime.RuntimeSettings.sandboxMode = org.evosuite.runtime.sandbox.Sandbox.SandboxMode.RECOMMENDED; 
36:     org.evosuite.runtime.sandbox.Sandbox.initializeSecurityManagerForSUT(); 
37:     org.evosuite.runtime.classhandling.JDKClassResetter.init();
38:     setSystemProperties();
39:     initializeClasses();
40:     org.evosuite.runtime.Runtime.getInstance().resetRuntime(); 
41:   } 
42: 
43:   @AfterClass 
44:   public static void clearEvoSuiteFramework(){ 
45:     Sandbox.resetDefaultSecurityManager(); 
46:     java.lang.System.setProperties((java.util.Properties) defaultProperties.clone()); 
47:   } 
48: 
49:   @Before 
50:   public void initTestCase(){ 
51:     threadStopper.storeCurrentThreads();
52:     threadStopper.startRecordingTime();
53:     org.evosuite.runtime.jvm.ShutdownHookHandler.getInstance().initHandler(); 
54:     org.evosuite.runtime.sandbox.Sandbox.goingToExecuteSUTCode(); 
55:     setSystemProperties(); 
56:     org.evosuite.runtime.GuiSupport.setHeadless(); 
57:     org.evosuite.runtime.Runtime.getInstance().resetRuntime(); 
58:     org.evosuite.runtime.agent.InstrumentingAgent.activate(); 
59:   } 
60: 
61:   @After 
62:   public void doneWithTestCase(){ 
63:     threadStopper.killAndJoinClientThreads();
64:     org.evosuite.runtime.jvm.ShutdownHookHandler.getInstance().safeExecuteAddedHooks(); 
65:     org.evosuite.runtime.classhandling.JDKClassResetter.reset(); 
66:     resetClasses(); 
67:     org.evosuite.runtime.sandbox.Sandbox.doneWithExecutingSUTCode(); 
68:     org.evosuite.runtime.agent.InstrumentingAgent.deactivate(); 
69:     org.evosuite.runtime.GuiSupport.restoreHeadlessMode(); 
70:   } 
71: 
72:   public static void setSystemProperties() {
73:  
74:     java.lang.System.setProperties((java.util.Properties) defaultProperties.clone()); 
75:     java.lang.System.setProperty("file.encoding", "ANSI_X3.4-1968"); 
76:     java.lang.System.setProperty("java.awt.headless", "true"); 
77:     java.lang.System.setProperty("java.io.tmpdir", "/tmp"); 
78:     java.lang.System.setProperty("user.country", "US"); 
79:     java.lang.System.setProperty("user.dir", "/home/evosuite_6th"); 
80:     java.lang.System.setProperty("user.home", "/home/evosuite_6th"); 
81:     java.lang.System.setProperty("user.language", "en"); 
82:     java.lang.System.setProperty("user.name", "evosuite_6th"); 
83:     java.lang.System.setProperty("user.timezone", "Europe/Madrid"); 
84:   }
85: 
86:   private static void initializeClasses() {
87:     org.evosuite.runtime.classhandling.ClassStateSupport.initializeClasses(JXPathContext_32_tmp__ESTest_scaffolding.class.getClassLoader() ,
88:       "org.apache.commons.jxpath.Variables",
89:       "org.apache.commons.jxpath.JXPathBeanInfo",
90:       "org.apache.commons.jxpath.ri.compiler.CoreOperationLessThan",
91:       "org.apache.commons.jxpath.ri.axes.ChildContext",
92:       "org.apache.commons.jxpath.JXPathInvalidSyntaxException",
93:       "org.apache.commons.jxpath.util.ReverseComparator",
94:       "org.apache.commons.jxpath.ri.model.beans.PropertyPointer",
95:       "org.apache.commons.jxpath.ri.parser.SimpleCharStream",
96:       "org.apache.commons.jxpath.ri.model.beans.BeanPointer",
97:       "org.apache.commons.jxpath.ri.parser.XPathParserTokenManager",
98:       "org.apache.commons.jxpath.ri.axes.SelfContext",
99:       "org.apache.commons.jxpath.ri.model.dynamic.DynamicPointer",
100:       "org.apache.commons.jxpath.ri.model.VariablePointerFactory$VariableContextWrapper",
101:       "org.apache.commons.jxpath.util.BasicTypeConverter",
102:       "org.apache.commons.jxpath.ri.model.VariablePointer",
103:       "org.apache.commons.jxpath.ri.model.dynamic.DynamicPointerFactory",
104:       "org.apache.commons.jxpath.ri.model.NodeIterator",
105:       "org.apache.commons.jxpath.JXPathContextFactory",
106:       "org.apache.commons.jxpath.ri.compiler.CoreOperationCompare",
107:       "org.apache.commons.jxpath.ri.compiler.CoreOperationRelationalExpression",
108:       "org.apache.commons.jxpath.ExpressionContext",
109:       "org.apache.commons.jxpath.ri.QName",
110:       "org.apache.commons.jxpath.ri.compiler.Expression$ValueIterator",
111:       "org.apache.commons.jxpath.ri.model.beans.CollectionPointer",
112:       "org.apache.commons.jxpath.CompiledExpression",
113:       "org.apache.commons.jxpath.NodeSet",
114:       "org.apache.commons.jxpath.ri.parser.Token",
115:       "org.apache.commons.jxpath.ri.axes.AttributeContext",
116:       "org.apache.commons.jxpath.JXPathContext",
117:       "org.apache.commons.jxpath.ri.compiler.TreeCompiler",
118:       "org.apache.commons.jxpath.JXPathNotFoundException",
119:       "org.apache.commons.jxpath.ri.model.beans.NullPointer",
120:       "org.apache.commons.jxpath.ri.axes.DescendantContext",
121:       "org.apache.commons.jxpath.ri.JXPathCompiledExpression",
122:       "org.apache.commons.jxpath.ri.model.beans.LangAttributePointer",
123:       "org.apache.commons.jxpath.JXPathIntrospector",
124:       "org.apache.commons.jxpath.ri.compiler.NodeTest",
125:       "org.apache.commons.jxpath.JXPathBasicBeanInfo$1",
126:       "org.apache.commons.jxpath.KeyManager",
127:       "org.apache.commons.jxpath.util.TypeConverter",
128:       "org.apache.commons.jxpath.ri.compiler.NameAttributeTest",
129:       "org.apache.commons.jxpath.ri.JXPathContextReferenceImpl$1",
130:       "org.apache.commons.jxpath.DynamicPropertyHandler",
131:       "org.apache.commons.jxpath.Container",
132:       "org.apache.commons.jxpath.ri.compiler.Constant",
133:       "org.apache.commons.jxpath.ri.model.NodePointerFactory",
134:       "org.apache.commons.jxpath.ri.NamespaceResolver",
135:       "org.apache.commons.jxpath.ri.model.beans.BeanPropertyPointer",
136:       "org.apache.commons.jxpath.ri.compiler.LocationPath",
137:       "org.apache.commons.jxpath.AbstractFactory",
138:       "org.apache.commons.jxpath.ri.model.beans.CollectionPointerFactory",
139:       "org.apache.commons.jxpath.ri.Compiler",
140:       "org.apache.commons.jxpath.BasicVariables",
141:       "org.apache.commons.jxpath.ri.axes.UnionContext",
142:       "org.apache.commons.jxpath.ri.parser.XPathParser",
143:       "org.apache.commons.jxpath.JXPathAbstractFactoryException",
144:       "org.apache.commons.jxpath.JXPathInvalidAccessException",
145:       "org.apache.commons.jxpath.ri.compiler.CoreOperationEqual",
146:       "org.apache.commons.jxpath.ri.model.beans.NullElementPointer",
147:       "org.apache.commons.jxpath.ri.axes.PredicateContext",
148:       "org.apache.commons.jxpath.ri.model.NodePointer",
149:       "org.apache.commons.jxpath.ri.model.VariablePointer$1",
150:       "org.apache.commons.jxpath.ri.compiler.CoreOperation",
151:       "org.apache.commons.jxpath.Functions",
152:       "org.apache.commons.jxpath.ri.axes.NodeSetContext",
153:       "org.apache.commons.jxpath.ri.model.container.ContainerPointer",
154:       "org.apache.commons.jxpath.ri.model.beans.BeanPointerFactory",
155:       "org.apache.commons.jxpath.ri.axes.NamespaceContext",
156:       "org.apache.commons.jxpath.ri.JXPathContextFactoryReferenceImpl",
157:       "org.apache.commons.jxpath.ri.axes.RootContext",
158:       "org.apache.commons.jxpath.ri.axes.InitialContext",
159:       "org.apache.commons.jxpath.ri.compiler.Expression$PointerIterator",
160:       "org.apache.commons.jxpath.MapDynamicPropertyHandler",
161:       "org.apache.commons.jxpath.ri.JXPathContextReferenceImpl",
162:       "org.apache.commons.jxpath.util.TypeUtils$1",
163:       "org.apache.commons.jxpath.IdentityManager",
164:       "org.apache.commons.jxpath.util.ValueUtils",
165:       "org.apache.commons.jxpath.ri.model.beans.PropertyIterator",
166:       "org.apache.commons.jxpath.ri.parser.TokenMgrError",
167:       "org.apache.commons.jxpath.ClassFunctions",
168:       "org.apache.commons.jxpath.ri.axes.AncestorContext",
169:       "org.apache.commons.jxpath.ri.compiler.Step",
170:       "org.apache.commons.jxpath.JXPathException",
171:       "org.apache.commons.jxpath.ri.Parser",
172:       "org.apache.commons.jxpath.ri.model.beans.PropertyOwnerPointer",
173:       "org.apache.commons.jxpath.PackageFunctions",
174:       "org.apache.commons.jxpath.ri.model.VariablePointerFactory",
175:       "org.apache.commons.jxpath.ri.model.dom.DOMPointerFactory",
176:       "org.apache.commons.jxpath.JXPathContextFactoryConfigurationError",
177:       "org.apache.commons.jxpath.ri.axes.SimplePathInterpreter",
178:       "org.apache.commons.jxpath.util.TypeUtils",
179:       "org.apache.commons.jxpath.JXPathTypeConversionException",
180:       "org.apache.commons.jxpath.JXPathBasicBeanInfo",
181:       "org.apache.commons.jxpath.ri.EvalContext",
182:       "org.apache.commons.jxpath.JXPathFunctionNotFoundException",
183:       "org.apache.commons.jxpath.ri.compiler.Path",
184:       "org.apache.commons.jxpath.ri.model.container.ContainerPointerFactory",
185:       "org.apache.commons.jxpath.ri.compiler.NodeNameTest",
186:       "org.apache.commons.jxpath.ri.parser.ParseException",
187:       "org.apache.commons.jxpath.ri.parser.XPathParserConstants",
188:       "org.apache.commons.jxpath.Pointer",
189:       "org.apache.commons.jxpath.ri.axes.PrecedingOrFollowingContext",
190:       "org.apache.commons.jxpath.ri.model.dom.DOMNodePointer",
191:       "org.apache.commons.jxpath.ri.axes.ParentContext",
192:       "org.apache.commons.jxpath.ri.parser.XPathParser$JJCalls",
193:       "org.apache.commons.jxpath.ri.compiler.Expression",
194:       "org.apache.commons.jxpath.ri.compiler.Operation",
195:       "org.apache.commons.jxpath.Function",
196:       "org.apache.commons.jxpath.ri.model.beans.NullPropertyPointer"
197:     );
198:   } 
199: 
200:   private static void resetClasses() {
201:     org.evosuite.runtime.classhandling.ClassResetter.getInstance().setClassLoader(JXPathContext_32_tmp__ESTest_scaffolding.class.getClassLoader()); 
202: 
203:     org.evosuite.runtime.classhandling.ClassStateSupport.resetClasses(
204:       "org.apache.commons.jxpath.PackageFunctions",
205:       "org.apache.commons.jxpath.JXPathContext",
206:       "org.apache.commons.jxpath.JXPathContextFactory",
207:       "org.apache.commons.jxpath.ri.QName",
208:       "org.apache.commons.jxpath.ri.compiler.TreeCompiler",
209:       "org.apache.commons.jxpath.ri.model.beans.CollectionPointerFactory",
210:       "org.apache.commons.jxpath.ri.model.beans.BeanPointerFactory",
211:       "org.apache.commons.jxpath.ri.model.dynamic.DynamicPointerFactory",
212:       "org.apache.commons.jxpath.ri.model.VariablePointerFactory",
213:       "org.apache.commons.jxpath.ri.model.dom.DOMPointerFactory",
214:       "org.apache.commons.jxpath.ri.model.container.ContainerPointerFactory",
215:       "org.apache.commons.jxpath.ri.JXPathContextReferenceImpl",
216:       "org.apache.commons.jxpath.ri.model.NodePointer",
217:       "org.apache.commons.jxpath.ri.model.beans.PropertyOwnerPointer",
218:       "org.apache.commons.jxpath.ri.model.beans.NullPointer",
219:       "org.apache.commons.jxpath.ri.NamespaceResolver",
220:       "org.apache.commons.jxpath.ri.model.VariablePointer",
221:       "org.apache.commons.jxpath.util.ValueUtils",
222:       "org.apache.commons.jxpath.JXPathBasicBeanInfo",
223:       "org.apache.commons.jxpath.JXPathIntrospector",
224:       "org.apache.commons.jxpath.ri.model.beans.BeanPointer",
225:       "org.apache.commons.jxpath.ri.compiler.Expression",
226:       "org.apache.commons.jxpath.ri.compiler.CoreOperation",
227:       "org.apache.commons.jxpath.ri.compiler.CoreFunction",
228:       "org.apache.commons.jxpath.ri.axes.RootContext",
229:       "org.apache.commons.jxpath.JXPathException",
230:       "org.apache.commons.jxpath.BasicVariables",
231:       "org.apache.commons.jxpath.ri.parser.XPathParser",
232:       "org.apache.commons.jxpath.ri.parser.SimpleCharStream",
233:       "org.apache.commons.jxpath.ri.parser.XPathParserTokenManager",
234:       "org.apache.commons.jxpath.ri.Parser",
235:       "org.apache.commons.jxpath.ri.parser.TokenMgrError",
236:       "org.apache.commons.jxpath.JXPathInvalidSyntaxException",
237:       "org.apache.commons.jxpath.ri.axes.AttributeContext",
238:       "org.apache.commons.jxpath.ri.axes.DescendantContext",
239:       "org.apache.commons.jxpath.ri.parser.ParseException",
240:       "org.apache.commons.jxpath.ri.parser.XPathParserConstants",
241:       "org.apache.commons.jxpath.ri.model.beans.PropertyPointer",
242:       "org.apache.commons.jxpath.ri.model.beans.BeanPropertyPointer",
243:       "org.apache.commons.jxpath.ri.axes.SimplePathInterpreter",
244:       "org.apache.commons.jxpath.ri.model.beans.NullPropertyPointer",
245:       "org.apache.commons.jxpath.JXPathInvalidAccessException",
246:       "org.apache.commons.jxpath.JXPathNotFoundException",
247:       "org.apache.commons.jxpath.util.ReverseComparator",
248:       "org.apache.commons.jxpath.ri.model.VariablePointer$1",
249:       "org.apache.commons.jxpath.ClassFunctions",
250:       "org.apache.commons.jxpath.ri.InfoSetUtil",
251:       "org.apache.commons.jxpath.util.BasicTypeConverter",
252:       "org.apache.commons.jxpath.util.TypeUtils$1",
253:       "org.apache.commons.jxpath.util.TypeUtils",
254:       "org.apache.commons.jxpath.JXPathFunctionNotFoundException",
255:       "org.apache.commons.jxpath.util.MethodLookupUtils",
256:       "org.apache.commons.jxpath.JXPathAbstractFactoryException"
257:     );
258:   }
259: }

[MASTER] 19:42:54.798 [logback-2] ERROR JUnitAnalyzer - Failed to compile test case:
Locale locale0 = Locale.JAPANESE;
assertEquals("", locale0.getISO3Country());
assertEquals("ja", locale0.getLanguage());
assertEquals("", locale0.getCountry());
assertEquals("jpn", locale0.getISO3Language());
assertEquals("ja", locale0.toString());
assertEquals("", locale0.getVariant());
assertNotNull(locale0);

DecimalFormatSymbols decimalFormatSymbols0 = new DecimalFormatSymbols(locale0);
assertEquals("", locale0.getISO3Country());
assertEquals("ja", locale0.getLanguage());
assertEquals("", locale0.getCountry());
assertEquals("jpn", locale0.getISO3Language());
assertEquals("ja", locale0.toString());
assertEquals("", locale0.getVariant());
assertEquals('%', decimalFormatSymbols0.getPercent());
assertEquals(',', decimalFormatSymbols0.getGroupingSeparator());
assertEquals('0', decimalFormatSymbols0.getZeroDigit());
assertEquals("E", decimalFormatSymbols0.getExponentSeparator());
assertEquals("\uFFFD", decimalFormatSymbols0.getNaN());
assertEquals("\u00A4", decimalFormatSymbols0.getCurrencySymbol());
assertEquals('\u2030', decimalFormatSymbols0.getPerMill());
assertEquals(';', decimalFormatSymbols0.getPatternSeparator());
assertEquals('#', decimalFormatSymbols0.getDigit());
assertEquals('-', decimalFormatSymbols0.getMinusSign());
assertEquals('.', decimalFormatSymbols0.getDecimalSeparator());
assertEquals("XXX", decimalFormatSymbols0.getInternationalCurrencySymbol());
assertEquals("\u221E", decimalFormatSymbols0.getInfinity());
assertEquals('.', decimalFormatSymbols0.getMonetaryDecimalSeparator());
assertNotNull(decimalFormatSymbols0);

JXPathContextReferenceImpl jXPathContextReferenceImpl0 = (JXPathContextReferenceImpl)JXPathContext.newContext((Object) decimalFormatSymbols0);
assertEquals("", locale0.getISO3Country());
assertEquals("ja", locale0.getLanguage());
assertEquals("", locale0.getCountry());
assertEquals("jpn", locale0.getISO3Language());
assertEquals("ja", locale0.toString());
assertEquals("", locale0.getVariant());
assertEquals('%', decimalFormatSymbols0.getPercent());
assertEquals(',', decimalFormatSymbols0.getGroupingSeparator());
assertEquals('0', decimalFormatSymbols0.getZeroDigit());
assertEquals("E", decimalFormatSymbols0.getExponentSeparator());
assertEquals("\uFFFD", decimalFormatSymbols0.getNaN());
assertEquals("\u00A4", decimalFormatSymbols0.getCurrencySymbol());
assertEquals('\u2030', decimalFormatSymbols0.getPerMill());
assertEquals(';', decimalFormatSymbols0.getPatternSeparator());
assertEquals('#', decimalFormatSymbols0.getDigit());
assertEquals('-', decimalFormatSymbols0.getMinusSign());
assertEquals('.', decimalFormatSymbols0.getDecimalSeparator());
assertEquals("XXX", decimalFormatSymbols0.getInternationalCurrencySymbol());
assertEquals("\u221E", decimalFormatSymbols0.getInfinity());
assertEquals('.', decimalFormatSymbols0.getMonetaryDecimalSeparator());
assertFalse(jXPathContextReferenceImpl0.isLenient());
assertNotNull(jXPathContextReferenceImpl0);
assertTrue(JXPathContextReferenceImpl.USE_SOFT_CACHE);

String string0 = null;
jXPathContextReferenceImpl0.compilePath(string0);

[MASTER] 19:42:54.828 [logback-2] ERROR JUnitAnalyzer - Compilation failed on compilation units: [RegularFileObject[/tmp/EvoSuite_33_1516819374799/org/apache/commons/jxpath/JXPathContext_33_tmp__ESTest.java], RegularFileObject[/tmp/EvoSuite_33_1516819374799/org/apache/commons/jxpath/JXPathContext_33_tmp__ESTest_scaffolding.java]]
[MASTER] 19:42:54.828 [logback-2] ERROR JUnitAnalyzer - Classpath: /var/benchmarks/projects/commons-jxpath-1.3-src/target/classes:/var/benchmarks/projects/commons-jxpath-1.3-src/target/classes:/home/evosuite_6th/.:/home/evosuite_6th/lib/evosuite-master-1.0.6-SNAPSHOT.jar:/home/evosuite_6th/lib/runtool-1.0.jar:/var/benchmarks/projects/commons-jxpath-1.3-src/target/classes:/var/benchmarks/projects/commons-jxpath-1.3-src/target/classes
[MASTER] 19:42:54.828 [logback-2] ERROR JUnitAnalyzer - evosuiteCP: /home/evosuite_6th/.:/home/evosuite_6th/lib/evosuite-master-1.0.6-SNAPSHOT.jar:/home/evosuite_6th/lib/runtool-1.0.jar:/var/benchmarks/projects/commons-jxpath-1.3-src/target/classes:/var/benchmarks/projects/commons-jxpath-1.3-src/target/classes
[MASTER] 19:42:54.829 [logback-2] ERROR JUnitAnalyzer - Diagnostic: compilePath(java.lang.String) has protected access in org.apache.commons.jxpath.ri.JXPathContextReferenceImpl: 34
[MASTER] 19:42:54.829 [logback-2] ERROR JUnitAnalyzer - RegularFileObject[/tmp/EvoSuite_33_1516819374799/org/apache/commons/jxpath/JXPathContext_33_tmp__ESTest.java]
1: /*
2:  * This file was automatically generated by EvoSuite
3:  * Wed Jan 24 18:42:54 GMT 2018
4:  */
5: 
6: package org.apache.commons.jxpath;
7: 
8: import org.junit.Test;
9: import static org.junit.Assert.*;
10: import static org.evosuite.runtime.EvoAssertions.*;
11: import org.apache.commons.jxpath.JXPathContext;
12: import org.apache.commons.jxpath.ri.JXPathContextReferenceImpl;
13: import org.apache.commons.jxpath.ri.axes.RootContext;
14: import org.evosuite.runtime.EvoRunner;
15: import org.evosuite.runtime.EvoRunnerParameters;
16: import org.junit.runner.RunWith;
17: 
18: @RunWith(EvoRunner.class) @EvoRunnerParameters(mockJVMNonDeterminism = true, useVFS = true, useVNET = true, resetStaticState = true, useJEE = true) 
19: public class JXPathContext_33_tmp__ESTest extends JXPathContext_33_tmp__ESTest_scaffolding {
20: 
21:   @Test(timeout = 4000)
22:   public void test0()  throws Throwable  {
23:       Object object0 = RootContext.UNKNOWN_VALUE;
24:       assertNotNull(object0);
25:       
26:       JXPathContextReferenceImpl jXPathContextReferenceImpl0 = (JXPathContextReferenceImpl)JXPathContext.newContext(object0);
27:       assertFalse(jXPathContextReferenceImpl0.isLenient());
28:       assertNotNull(jXPathContextReferenceImpl0);
29:       assertTrue(JXPathContextReferenceImpl.USE_SOFT_CACHE);
30:       
31:       String string0 = "0wM8";
32:       // Undeclared exception!
33:       try { 
34:         jXPathContextReferenceImpl0.compilePath(string0);
35:         fail("Expecting exception: RuntimeException");
36:       
37:       } catch(RuntimeException e) {
38:          //
39:          // Invalid XPath: '0wM8'. Syntax error after: '0'
40:          //
41:          verifyException("org.apache.commons.jxpath.ri.Parser", e);
42:       }
43:   }
44: }
RegularFileObject[/tmp/EvoSuite_33_1516819374799/org/apache/commons/jxpath/JXPathContext_33_tmp__ESTest.java]
1: /**
2:  * Scaffolding file used to store all the setups needed to run 
3:  * tests automatically generated by EvoSuite
4:  * Wed Jan 24 18:42:54 GMT 2018
5:  */
6: 
7: package org.apache.commons.jxpath;
8: 
9: import org.evosuite.runtime.annotation.EvoSuiteClassExclude;
10: import org.junit.BeforeClass;
11: import org.junit.Before;
12: import org.junit.After;
13: import org.junit.AfterClass;
14: import org.evosuite.runtime.sandbox.Sandbox;
15: import org.evosuite.runtime.sandbox.Sandbox.SandboxMode;
16: 
17: @EvoSuiteClassExclude
18: public class JXPathContext_33_tmp__ESTest_scaffolding {
19: 
20:   @org.junit.Rule 
21:   public org.evosuite.runtime.vnet.NonFunctionalRequirementRule nfr = new org.evosuite.runtime.vnet.NonFunctionalRequirementRule();
22: 
23:   private static final java.util.Properties defaultProperties = (java.util.Properties) java.lang.System.getProperties().clone(); 
24: 
25:   private org.evosuite.runtime.thread.ThreadStopper threadStopper =  new org.evosuite.runtime.thread.ThreadStopper (org.evosuite.runtime.thread.KillSwitchHandler.getInstance(), 3000);
26: 
27: 
28:   @BeforeClass 
29:   public static void initEvoSuiteFramework() { 
30:     org.evosuite.runtime.RuntimeSettings.className = "org.apache.commons.jxpath.JXPathContext"; 
31:     org.evosuite.runtime.GuiSupport.initialize(); 
32:     org.evosuite.runtime.RuntimeSettings.maxNumberOfThreads = 100; 
33:     org.evosuite.runtime.RuntimeSettings.maxNumberOfIterationsPerLoop = 10000; 
34:     org.evosuite.runtime.RuntimeSettings.mockSystemIn = true; 
35:     org.evosuite.runtime.RuntimeSettings.sandboxMode = org.evosuite.runtime.sandbox.Sandbox.SandboxMode.RECOMMENDED; 
36:     org.evosuite.runtime.sandbox.Sandbox.initializeSecurityManagerForSUT(); 
37:     org.evosuite.runtime.classhandling.JDKClassResetter.init();
38:     setSystemProperties();
39:     initializeClasses();
40:     org.evosuite.runtime.Runtime.getInstance().resetRuntime(); 
41:   } 
42: 
43:   @AfterClass 
44:   public static void clearEvoSuiteFramework(){ 
45:     Sandbox.resetDefaultSecurityManager(); 
46:     java.lang.System.setProperties((java.util.Properties) defaultProperties.clone()); 
47:   } 
48: 
49:   @Before 
50:   public void initTestCase(){ 
51:     threadStopper.storeCurrentThreads();
52:     threadStopper.startRecordingTime();
53:     org.evosuite.runtime.jvm.ShutdownHookHandler.getInstance().initHandler(); 
54:     org.evosuite.runtime.sandbox.Sandbox.goingToExecuteSUTCode(); 
55:     setSystemProperties(); 
56:     org.evosuite.runtime.GuiSupport.setHeadless(); 
57:     org.evosuite.runtime.Runtime.getInstance().resetRuntime(); 
58:     org.evosuite.runtime.agent.InstrumentingAgent.activate(); 
59:   } 
60: 
61:   @After 
62:   public void doneWithTestCase(){ 
63:     threadStopper.killAndJoinClientThreads();
64:     org.evosuite.runtime.jvm.ShutdownHookHandler.getInstance().safeExecuteAddedHooks(); 
65:     org.evosuite.runtime.classhandling.JDKClassResetter.reset(); 
66:     resetClasses(); 
67:     org.evosuite.runtime.sandbox.Sandbox.doneWithExecutingSUTCode(); 
68:     org.evosuite.runtime.agent.InstrumentingAgent.deactivate(); 
69:     org.evosuite.runtime.GuiSupport.restoreHeadlessMode(); 
70:   } 
71: 
72:   public static void setSystemProperties() {
73:  
74:     java.lang.System.setProperties((java.util.Properties) defaultProperties.clone()); 
75:     java.lang.System.setProperty("file.encoding", "ANSI_X3.4-1968"); 
76:     java.lang.System.setProperty("java.awt.headless", "true"); 
77:     java.lang.System.setProperty("java.io.tmpdir", "/tmp"); 
78:     java.lang.System.setProperty("user.country", "US"); 
79:     java.lang.System.setProperty("user.dir", "/home/evosuite_6th"); 
80:     java.lang.System.setProperty("user.home", "/home/evosuite_6th"); 
81:     java.lang.System.setProperty("user.language", "en"); 
82:     java.lang.System.setProperty("user.name", "evosuite_6th"); 
83:     java.lang.System.setProperty("user.timezone", "Europe/Madrid"); 
84:   }
85: 
86:   private static void initializeClasses() {
87:     org.evosuite.runtime.classhandling.ClassStateSupport.initializeClasses(JXPathContext_33_tmp__ESTest_scaffolding.class.getClassLoader() ,
88:       "org.apache.commons.jxpath.Variables",
89:       "org.apache.commons.jxpath.JXPathBeanInfo",
90:       "org.apache.commons.jxpath.ri.compiler.CoreOperationLessThan",
91:       "org.apache.commons.jxpath.ri.axes.ChildContext",
92:       "org.apache.commons.jxpath.JXPathInvalidSyntaxException",
93:       "org.apache.commons.jxpath.util.ReverseComparator",
94:       "org.apache.commons.jxpath.ri.model.beans.PropertyPointer",
95:       "org.apache.commons.jxpath.ri.parser.SimpleCharStream",
96:       "org.apache.commons.jxpath.ri.model.beans.BeanPointer",
97:       "org.apache.commons.jxpath.ri.parser.XPathParserTokenManager",
98:       "org.apache.commons.jxpath.ri.axes.SelfContext",
99:       "org.apache.commons.jxpath.ri.model.dynamic.DynamicPointer",
100:       "org.apache.commons.jxpath.ri.model.VariablePointerFactory$VariableContextWrapper",
101:       "org.apache.commons.jxpath.util.BasicTypeConverter",
102:       "org.apache.commons.jxpath.ri.model.VariablePointer",
103:       "org.apache.commons.jxpath.ri.model.dynamic.DynamicPointerFactory",
104:       "org.apache.commons.jxpath.ri.model.NodeIterator",
105:       "org.apache.commons.jxpath.JXPathContextFactory",
106:       "org.apache.commons.jxpath.ri.compiler.CoreOperationCompare",
107:       "org.apache.commons.jxpath.ri.compiler.CoreOperationRelationalExpression",
108:       "org.apache.commons.jxpath.ExpressionContext",
109:       "org.apache.commons.jxpath.ri.QName",
110:       "org.apache.commons.jxpath.ri.compiler.Expression$ValueIterator",
111:       "org.apache.commons.jxpath.ri.model.beans.CollectionPointer",
112:       "org.apache.commons.jxpath.CompiledExpression",
113:       "org.apache.commons.jxpath.NodeSet",
114:       "org.apache.commons.jxpath.ri.parser.Token",
115:       "org.apache.commons.jxpath.ri.axes.AttributeContext",
116:       "org.apache.commons.jxpath.JXPathContext",
117:       "org.apache.commons.jxpath.ri.compiler.TreeCompiler",
118:       "org.apache.commons.jxpath.JXPathNotFoundException",
119:       "org.apache.commons.jxpath.ri.model.beans.NullPointer",
120:       "org.apache.commons.jxpath.ri.axes.DescendantContext",
121:       "org.apache.commons.jxpath.ri.JXPathCompiledExpression",
122:       "org.apache.commons.jxpath.ri.model.beans.LangAttributePointer",
123:       "org.apache.commons.jxpath.JXPathIntrospector",
124:       "org.apache.commons.jxpath.ri.compiler.NodeTest",
125:       "org.apache.commons.jxpath.JXPathBasicBeanInfo$1",
126:       "org.apache.commons.jxpath.KeyManager",
127:       "org.apache.commons.jxpath.util.TypeConverter",
128:       "org.apache.commons.jxpath.ri.compiler.NameAttributeTest",
129:       "org.apache.commons.jxpath.ri.JXPathContextReferenceImpl$1",
130:       "org.apache.commons.jxpath.DynamicPropertyHandler",
131:       "org.apache.commons.jxpath.Container",
132:       "org.apache.commons.jxpath.ri.compiler.Constant",
133:       "org.apache.commons.jxpath.ri.model.NodePointerFactory",
134:       "org.apache.commons.jxpath.ri.NamespaceResolver",
135:       "org.apache.commons.jxpath.ri.model.beans.BeanPropertyPointer",
136:       "org.apache.commons.jxpath.ri.compiler.LocationPath",
137:       "org.apache.commons.jxpath.AbstractFactory",
138:       "org.apache.commons.jxpath.ri.model.beans.CollectionPointerFactory",
139:       "org.apache.commons.jxpath.ri.Compiler",
140:       "org.apache.commons.jxpath.BasicVariables",
141:       "org.apache.commons.jxpath.ri.axes.UnionContext",
142:       "org.apache.commons.jxpath.ri.parser.XPathParser",
143:       "org.apache.commons.jxpath.JXPathAbstractFactoryException",
144:       "org.apache.commons.jxpath.JXPathInvalidAccessException",
145:       "org.apache.commons.jxpath.ri.compiler.CoreOperationEqual",
146:       "org.apache.commons.jxpath.ri.model.beans.NullElementPointer",
147:       "org.apache.commons.jxpath.ri.axes.PredicateContext",
148:       "org.apache.commons.jxpath.ri.model.NodePointer",
149:       "org.apache.commons.jxpath.ri.model.VariablePointer$1",
150:       "org.apache.commons.jxpath.ri.compiler.CoreOperation",
151:       "org.apache.commons.jxpath.Functions",
152:       "org.apache.commons.jxpath.ri.axes.NodeSetContext",
153:       "org.apache.commons.jxpath.ri.model.container.ContainerPointer",
154:       "org.apache.commons.jxpath.ri.model.beans.BeanPointerFactory",
155:       "org.apache.commons.jxpath.ri.axes.NamespaceContext",
156:       "org.apache.commons.jxpath.ri.JXPathContextFactoryReferenceImpl",
157:       "org.apache.commons.jxpath.ri.axes.RootContext",
158:       "org.apache.commons.jxpath.ri.axes.InitialContext",
159:       "org.apache.commons.jxpath.ri.compiler.Expression$PointerIterator",
160:       "org.apache.commons.jxpath.MapDynamicPropertyHandler",
161:       "org.apache.commons.jxpath.ri.JXPathContextReferenceImpl",
162:       "org.apache.commons.jxpath.util.TypeUtils$1",
163:       "org.apache.commons.jxpath.IdentityManager",
164:       "org.apache.commons.jxpath.util.ValueUtils",
165:       "org.apache.commons.jxpath.ri.model.beans.PropertyIterator",
166:       "org.apache.commons.jxpath.ri.parser.TokenMgrError",
167:       "org.apache.commons.jxpath.ClassFunctions",
168:       "org.apache.commons.jxpath.ri.axes.AncestorContext",
169:       "org.apache.commons.jxpath.ri.compiler.Step",
170:       "org.apache.commons.jxpath.JXPathException",
171:       "org.apache.commons.jxpath.ri.Parser",
172:       "org.apache.commons.jxpath.ri.model.beans.PropertyOwnerPointer",
173:       "org.apache.commons.jxpath.PackageFunctions",
174:       "org.apache.commons.jxpath.ri.model.VariablePointerFactory",
175:       "org.apache.commons.jxpath.ri.model.dom.DOMPointerFactory",
176:       "org.apache.commons.jxpath.JXPathContextFactoryConfigurationError",
177:       "org.apache.commons.jxpath.ri.axes.SimplePathInterpreter",
178:       "org.apache.commons.jxpath.util.TypeUtils",
179:       "org.apache.commons.jxpath.JXPathTypeConversionException",
180:       "org.apache.commons.jxpath.JXPathBasicBeanInfo",
181:       "org.apache.commons.jxpath.ri.EvalContext",
182:       "org.apache.commons.jxpath.JXPathFunctionNotFoundException",
183:       "org.apache.commons.jxpath.ri.compiler.Path",
184:       "org.apache.commons.jxpath.ri.model.container.ContainerPointerFactory",
185:       "org.apache.commons.jxpath.ri.compiler.NodeNameTest",
186:       "org.apache.commons.jxpath.ri.parser.ParseException",
187:       "org.apache.commons.jxpath.ri.parser.XPathParserConstants",
188:       "org.apache.commons.jxpath.Pointer",
189:       "org.apache.commons.jxpath.ri.axes.PrecedingOrFollowingContext",
190:       "org.apache.commons.jxpath.ri.model.dom.DOMNodePointer",
191:       "org.apache.commons.jxpath.ri.axes.ParentContext",
192:       "org.apache.commons.jxpath.ri.parser.XPathParser$JJCalls",
193:       "org.apache.commons.jxpath.ri.compiler.Expression",
194:       "org.apache.commons.jxpath.ri.compiler.Operation",
195:       "org.apache.commons.jxpath.Function",
196:       "org.apache.commons.jxpath.ri.model.beans.NullPropertyPointer"
197:     );
198:   } 
199: 
200:   private static void resetClasses() {
201:     org.evosuite.runtime.classhandling.ClassResetter.getInstance().setClassLoader(JXPathContext_33_tmp__ESTest_scaffolding.class.getClassLoader()); 
202: 
203:     org.evosuite.runtime.classhandling.ClassStateSupport.resetClasses(
204:       "org.apache.commons.jxpath.PackageFunctions",
205:       "org.apache.commons.jxpath.JXPathContext",
206:       "org.apache.commons.jxpath.JXPathContextFactory",
207:       "org.apache.commons.jxpath.ri.QName",
208:       "org.apache.commons.jxpath.ri.compiler.TreeCompiler",
209:       "org.apache.commons.jxpath.ri.model.beans.CollectionPointerFactory",
210:       "org.apache.commons.jxpath.ri.model.beans.BeanPointerFactory",
211:       "org.apache.commons.jxpath.ri.model.dynamic.DynamicPointerFactory",
212:       "org.apache.commons.jxpath.ri.model.VariablePointerFactory",
213:       "org.apache.commons.jxpath.ri.model.dom.DOMPointerFactory",
214:       "org.apache.commons.jxpath.ri.model.container.ContainerPointerFactory",
215:       "org.apache.commons.jxpath.ri.JXPathContextReferenceImpl",
216:       "org.apache.commons.jxpath.ri.model.NodePointer",
217:       "org.apache.commons.jxpath.ri.model.beans.PropertyOwnerPointer",
218:       "org.apache.commons.jxpath.ri.model.beans.NullPointer",
219:       "org.apache.commons.jxpath.ri.NamespaceResolver",
220:       "org.apache.commons.jxpath.ri.model.VariablePointer",
221:       "org.apache.commons.jxpath.util.ValueUtils",
222:       "org.apache.commons.jxpath.JXPathBasicBeanInfo",
223:       "org.apache.commons.jxpath.JXPathIntrospector",
224:       "org.apache.commons.jxpath.ri.model.beans.BeanPointer",
225:       "org.apache.commons.jxpath.ri.compiler.Expression",
226:       "org.apache.commons.jxpath.ri.compiler.CoreOperation",
227:       "org.apache.commons.jxpath.ri.compiler.CoreFunction",
228:       "org.apache.commons.jxpath.ri.axes.RootContext",
229:       "org.apache.commons.jxpath.JXPathException",
230:       "org.apache.commons.jxpath.BasicVariables",
231:       "org.apache.commons.jxpath.ri.parser.XPathParser",
232:       "org.apache.commons.jxpath.ri.parser.SimpleCharStream",
233:       "org.apache.commons.jxpath.ri.parser.XPathParserTokenManager",
234:       "org.apache.commons.jxpath.ri.Parser",
235:       "org.apache.commons.jxpath.ri.parser.TokenMgrError",
236:       "org.apache.commons.jxpath.JXPathInvalidSyntaxException",
237:       "org.apache.commons.jxpath.ri.axes.AttributeContext",
238:       "org.apache.commons.jxpath.ri.axes.DescendantContext",
239:       "org.apache.commons.jxpath.ri.parser.ParseException",
240:       "org.apache.commons.jxpath.ri.parser.XPathParserConstants",
241:       "org.apache.commons.jxpath.ri.model.beans.PropertyPointer",
242:       "org.apache.commons.jxpath.ri.model.beans.BeanPropertyPointer",
243:       "org.apache.commons.jxpath.ri.axes.SimplePathInterpreter",
244:       "org.apache.commons.jxpath.ri.model.beans.NullPropertyPointer",
245:       "org.apache.commons.jxpath.JXPathInvalidAccessException",
246:       "org.apache.commons.jxpath.JXPathNotFoundException",
247:       "org.apache.commons.jxpath.util.ReverseComparator",
248:       "org.apache.commons.jxpath.ri.model.VariablePointer$1",
249:       "org.apache.commons.jxpath.ClassFunctions",
250:       "org.apache.commons.jxpath.ri.InfoSetUtil",
251:       "org.apache.commons.jxpath.util.BasicTypeConverter",
252:       "org.apache.commons.jxpath.util.TypeUtils$1",
253:       "org.apache.commons.jxpath.util.TypeUtils",
254:       "org.apache.commons.jxpath.JXPathFunctionNotFoundException",
255:       "org.apache.commons.jxpath.util.MethodLookupUtils",
256:       "org.apache.commons.jxpath.JXPathAbstractFactoryException"
257:     );
258:   }
259: }

[MASTER] 19:42:54.829 [logback-2] ERROR JUnitAnalyzer - Failed to compile test case:
Object object0 = RootContext.UNKNOWN_VALUE;
assertNotNull(object0);

JXPathContextReferenceImpl jXPathContextReferenceImpl0 = (JXPathContextReferenceImpl)JXPathContext.newContext(object0);
assertFalse(jXPathContextReferenceImpl0.isLenient());
assertNotNull(jXPathContextReferenceImpl0);
assertTrue(JXPathContextReferenceImpl.USE_SOFT_CACHE);

String string0 = "0wM8";
jXPathContextReferenceImpl0.compilePath(string0);

[MASTER] 19:42:55.740 [logback-2] ERROR JUnitAnalyzer - Compilation failed on compilation units: [RegularFileObject[/tmp/EvoSuite_61_1516819375714/org/apache/commons/jxpath/JXPathContext_61_tmp__ESTest.java], RegularFileObject[/tmp/EvoSuite_61_1516819375714/org/apache/commons/jxpath/JXPathContext_61_tmp__ESTest_scaffolding.java]]
[MASTER] 19:42:55.740 [logback-2] ERROR JUnitAnalyzer - Classpath: /var/benchmarks/projects/commons-jxpath-1.3-src/target/classes:/var/benchmarks/projects/commons-jxpath-1.3-src/target/classes:/home/evosuite_6th/.:/home/evosuite_6th/lib/evosuite-master-1.0.6-SNAPSHOT.jar:/home/evosuite_6th/lib/runtool-1.0.jar:/var/benchmarks/projects/commons-jxpath-1.3-src/target/classes:/var/benchmarks/projects/commons-jxpath-1.3-src/target/classes
[MASTER] 19:42:55.740 [logback-2] ERROR JUnitAnalyzer - evosuiteCP: /home/evosuite_6th/.:/home/evosuite_6th/lib/evosuite-master-1.0.6-SNAPSHOT.jar:/home/evosuite_6th/lib/runtool-1.0.jar:/var/benchmarks/projects/commons-jxpath-1.3-src/target/classes:/var/benchmarks/projects/commons-jxpath-1.3-src/target/classes
[MASTER] 19:42:55.740 [logback-2] ERROR JUnitAnalyzer - Diagnostic: compilePath(java.lang.String) has protected access in org.apache.commons.jxpath.ri.JXPathContextReferenceImpl: 36
[MASTER] 19:42:55.741 [logback-2] ERROR JUnitAnalyzer - RegularFileObject[/tmp/EvoSuite_61_1516819375714/org/apache/commons/jxpath/JXPathContext_61_tmp__ESTest.java]
1: /*
2:  * This file was automatically generated by EvoSuite
3:  * Wed Jan 24 18:42:55 GMT 2018
4:  */
5: 
6: package org.apache.commons.jxpath;
7: 
8: import org.junit.Test;
9: import static org.junit.Assert.*;
10: import org.apache.commons.jxpath.JXPathContext;
11: import org.apache.commons.jxpath.JXPathContextFactory;
12: import org.apache.commons.jxpath.ri.JXPathCompiledExpression;
13: import org.apache.commons.jxpath.ri.JXPathContextFactoryReferenceImpl;
14: import org.apache.commons.jxpath.ri.JXPathContextReferenceImpl;
15: import org.apache.commons.jxpath.ri.axes.RootContext;
16: import org.evosuite.runtime.EvoRunner;
17: import org.evosuite.runtime.EvoRunnerParameters;
18: import org.junit.runner.RunWith;
19: 
20: @RunWith(EvoRunner.class) @EvoRunnerParameters(mockJVMNonDeterminism = true, useVFS = true, useVNET = true, resetStaticState = true, useJEE = true) 
21: public class JXPathContext_61_tmp__ESTest extends JXPathContext_61_tmp__ESTest_scaffolding {
22: 
23:   @Test(timeout = 4000)
24:   public void test0()  throws Throwable  {
25:       Object object0 = RootContext.UNKNOWN_VALUE;
26:       assertNotNull(object0);
27:       
28:       JXPathContextReferenceImpl jXPathContextReferenceImpl0 = (JXPathContextReferenceImpl)JXPathContext.newContext(object0);
29:       assertFalse(jXPathContextReferenceImpl0.isLenient());
30:       assertNotNull(jXPathContextReferenceImpl0);
31:       assertTrue(JXPathContextReferenceImpl.USE_SOFT_CACHE);
32:       
33:       JXPathContextFactoryReferenceImpl jXPathContextFactoryReferenceImpl0 = (JXPathContextFactoryReferenceImpl)JXPathContextFactory.newInstance();
34:       assertNotNull(jXPathContextFactoryReferenceImpl0);
35:       
36:       JXPathCompiledExpression jXPathCompiledExpression0 = (JXPathCompiledExpression)jXPathContextReferenceImpl0.compilePath(jXPathContextFactoryReferenceImpl0.FACTORY_NAME_PROPERTY);
37:       assertFalse(jXPathContextReferenceImpl0.isLenient());
38:       assertEquals("org.apache.commons.jxpath.JXPathContextFactory", jXPathCompiledExpression0.toString());
39:       assertNotNull(jXPathCompiledExpression0);
40:       assertTrue(JXPathContextReferenceImpl.USE_SOFT_CACHE);
41:   }
42: }
RegularFileObject[/tmp/EvoSuite_61_1516819375714/org/apache/commons/jxpath/JXPathContext_61_tmp__ESTest.java]
1: /**
2:  * Scaffolding file used to store all the setups needed to run 
3:  * tests automatically generated by EvoSuite
4:  * Wed Jan 24 18:42:55 GMT 2018
5:  */
6: 
7: package org.apache.commons.jxpath;
8: 
9: import org.evosuite.runtime.annotation.EvoSuiteClassExclude;
10: import org.junit.BeforeClass;
11: import org.junit.Before;
12: import org.junit.After;
13: import org.junit.AfterClass;
14: import org.evosuite.runtime.sandbox.Sandbox;
15: import org.evosuite.runtime.sandbox.Sandbox.SandboxMode;
16: 
17: @EvoSuiteClassExclude
18: public class JXPathContext_61_tmp__ESTest_scaffolding {
19: 
20:   @org.junit.Rule 
21:   public org.evosuite.runtime.vnet.NonFunctionalRequirementRule nfr = new org.evosuite.runtime.vnet.NonFunctionalRequirementRule();
22: 
23:   private static final java.util.Properties defaultProperties = (java.util.Properties) java.lang.System.getProperties().clone(); 
24: 
25:   private org.evosuite.runtime.thread.ThreadStopper threadStopper =  new org.evosuite.runtime.thread.ThreadStopper (org.evosuite.runtime.thread.KillSwitchHandler.getInstance(), 3000);
26: 
27: 
28:   @BeforeClass 
29:   public static void initEvoSuiteFramework() { 
30:     org.evosuite.runtime.RuntimeSettings.className = "org.apache.commons.jxpath.JXPathContext"; 
31:     org.evosuite.runtime.GuiSupport.initialize(); 
32:     org.evosuite.runtime.RuntimeSettings.maxNumberOfThreads = 100; 
33:     org.evosuite.runtime.RuntimeSettings.maxNumberOfIterationsPerLoop = 10000; 
34:     org.evosuite.runtime.RuntimeSettings.mockSystemIn = true; 
35:     org.evosuite.runtime.RuntimeSettings.sandboxMode = org.evosuite.runtime.sandbox.Sandbox.SandboxMode.RECOMMENDED; 
36:     org.evosuite.runtime.sandbox.Sandbox.initializeSecurityManagerForSUT(); 
37:     org.evosuite.runtime.classhandling.JDKClassResetter.init();
38:     setSystemProperties();
39:     initializeClasses();
40:     org.evosuite.runtime.Runtime.getInstance().resetRuntime(); 
41:   } 
42: 
43:   @AfterClass 
44:   public static void clearEvoSuiteFramework(){ 
45:     Sandbox.resetDefaultSecurityManager(); 
46:     java.lang.System.setProperties((java.util.Properties) defaultProperties.clone()); 
47:   } 
48: 
49:   @Before 
50:   public void initTestCase(){ 
51:     threadStopper.storeCurrentThreads();
52:     threadStopper.startRecordingTime();
53:     org.evosuite.runtime.jvm.ShutdownHookHandler.getInstance().initHandler(); 
54:     org.evosuite.runtime.sandbox.Sandbox.goingToExecuteSUTCode(); 
55:     setSystemProperties(); 
56:     org.evosuite.runtime.GuiSupport.setHeadless(); 
57:     org.evosuite.runtime.Runtime.getInstance().resetRuntime(); 
58:     org.evosuite.runtime.agent.InstrumentingAgent.activate(); 
59:   } 
60: 
61:   @After 
62:   public void doneWithTestCase(){ 
63:     threadStopper.killAndJoinClientThreads();
64:     org.evosuite.runtime.jvm.ShutdownHookHandler.getInstance().safeExecuteAddedHooks(); 
65:     org.evosuite.runtime.classhandling.JDKClassResetter.reset(); 
66:     resetClasses(); 
67:     org.evosuite.runtime.sandbox.Sandbox.doneWithExecutingSUTCode(); 
68:     org.evosuite.runtime.agent.InstrumentingAgent.deactivate(); 
69:     org.evosuite.runtime.GuiSupport.restoreHeadlessMode(); 
70:   } 
71: 
72:   public static void setSystemProperties() {
73:  
74:     java.lang.System.setProperties((java.util.Properties) defaultProperties.clone()); 
75:     java.lang.System.setProperty("file.encoding", "ANSI_X3.4-1968"); 
76:     java.lang.System.setProperty("java.awt.headless", "true"); 
77:     java.lang.System.setProperty("java.io.tmpdir", "/tmp"); 
78:     java.lang.System.setProperty("user.country", "US"); 
79:     java.lang.System.setProperty("user.dir", "/home/evosuite_6th"); 
80:     java.lang.System.setProperty("user.home", "/home/evosuite_6th"); 
81:     java.lang.System.setProperty("user.language", "en"); 
82:     java.lang.System.setProperty("user.name", "evosuite_6th"); 
83:     java.lang.System.setProperty("user.timezone", "Europe/Madrid"); 
84:   }
85: 
86:   private static void initializeClasses() {
87:     org.evosuite.runtime.classhandling.ClassStateSupport.initializeClasses(JXPathContext_61_tmp__ESTest_scaffolding.class.getClassLoader() ,
88:       "org.apache.commons.jxpath.Variables",
89:       "org.apache.commons.jxpath.JXPathBeanInfo",
90:       "org.apache.commons.jxpath.ri.compiler.CoreOperationLessThan",
91:       "org.apache.commons.jxpath.ri.axes.ChildContext",
92:       "org.apache.commons.jxpath.JXPathInvalidSyntaxException",
93:       "org.apache.commons.jxpath.util.ReverseComparator",
94:       "org.apache.commons.jxpath.ri.model.beans.PropertyPointer",
95:       "org.apache.commons.jxpath.ri.parser.SimpleCharStream",
96:       "org.apache.commons.jxpath.ri.model.beans.BeanPointer",
97:       "org.apache.commons.jxpath.ri.parser.XPathParserTokenManager",
98:       "org.apache.commons.jxpath.ri.axes.SelfContext",
99:       "org.apache.commons.jxpath.ri.model.dynamic.DynamicPointer",
100:       "org.apache.commons.jxpath.ri.model.VariablePointerFactory$VariableContextWrapper",
101:       "org.apache.commons.jxpath.util.BasicTypeConverter",
102:       "org.apache.commons.jxpath.ri.model.VariablePointer",
103:       "org.apache.commons.jxpath.ri.model.dynamic.DynamicPointerFactory",
104:       "org.apache.commons.jxpath.ri.model.NodeIterator",
105:       "org.apache.commons.jxpath.JXPathContextFactory",
106:       "org.apache.commons.jxpath.ri.compiler.CoreOperationCompare",
107:       "org.apache.commons.jxpath.ri.compiler.CoreOperationRelationalExpression",
108:       "org.apache.commons.jxpath.ExpressionContext",
109:       "org.apache.commons.jxpath.ri.QName",
110:       "org.apache.commons.jxpath.ri.compiler.Expression$ValueIterator",
111:       "org.apache.commons.jxpath.ri.model.beans.CollectionPointer",
112:       "org.apache.commons.jxpath.CompiledExpression",
113:       "org.apache.commons.jxpath.NodeSet",
114:       "org.apache.commons.jxpath.ri.parser.Token",
115:       "org.apache.commons.jxpath.ri.axes.AttributeContext",
116:       "org.apache.commons.jxpath.JXPathContext",
117:       "org.apache.commons.jxpath.ri.compiler.TreeCompiler",
118:       "org.apache.commons.jxpath.JXPathNotFoundException",
119:       "org.apache.commons.jxpath.ri.model.beans.NullPointer",
120:       "org.apache.commons.jxpath.ri.axes.DescendantContext",
121:       "org.apache.commons.jxpath.ri.JXPathCompiledExpression",
122:       "org.apache.commons.jxpath.ri.model.beans.LangAttributePointer",
123:       "org.apache.commons.jxpath.JXPathIntrospector",
124:       "org.apache.commons.jxpath.ri.compiler.NodeTest",
125:       "org.apache.commons.jxpath.JXPathBasicBeanInfo$1",
126:       "org.apache.commons.jxpath.KeyManager",
127:       "org.apache.commons.jxpath.util.TypeConverter",
128:       "org.apache.commons.jxpath.ri.compiler.NameAttributeTest",
129:       "org.apache.commons.jxpath.ri.JXPathContextReferenceImpl$1",
130:       "org.apache.commons.jxpath.DynamicPropertyHandler",
131:       "org.apache.commons.jxpath.Container",
132:       "org.apache.commons.jxpath.ri.compiler.Constant",
133:       "org.apache.commons.jxpath.ri.model.NodePointerFactory",
134:       "org.apache.commons.jxpath.ri.NamespaceResolver",
135:       "org.apache.commons.jxpath.ri.model.beans.BeanPropertyPointer",
136:       "org.apache.commons.jxpath.ri.compiler.LocationPath",
137:       "org.apache.commons.jxpath.AbstractFactory",
138:       "org.apache.commons.jxpath.ri.model.beans.CollectionPointerFactory",
139:       "org.apache.commons.jxpath.ri.Compiler",
140:       "org.apache.commons.jxpath.BasicVariables",
141:       "org.apache.commons.jxpath.ri.axes.UnionContext",
142:       "org.apache.commons.jxpath.ri.parser.XPathParser",
143:       "org.apache.commons.jxpath.JXPathAbstractFactoryException",
144:       "org.apache.commons.jxpath.JXPathInvalidAccessException",
145:       "org.apache.commons.jxpath.ri.compiler.CoreOperationEqual",
146:       "org.apache.commons.jxpath.ri.model.beans.NullElementPointer",
147:       "org.apache.commons.jxpath.ri.axes.PredicateContext",
148:       "org.apache.commons.jxpath.ri.model.NodePointer",
149:       "org.apache.commons.jxpath.ri.model.VariablePointer$1",
150:       "org.apache.commons.jxpath.ri.compiler.CoreOperation",
151:       "org.apache.commons.jxpath.Functions",
152:       "org.apache.commons.jxpath.ri.axes.NodeSetContext",
153:       "org.apache.commons.jxpath.ri.model.container.ContainerPointer",
154:       "org.apache.commons.jxpath.ri.model.beans.BeanPointerFactory",
155:       "org.apache.commons.jxpath.ri.axes.NamespaceContext",
156:       "org.apache.commons.jxpath.ri.JXPathContextFactoryReferenceImpl",
157:       "org.apache.commons.jxpath.ri.axes.RootContext",
158:       "org.apache.commons.jxpath.ri.axes.InitialContext",
159:       "org.apache.commons.jxpath.ri.compiler.Expression$PointerIterator",
160:       "org.apache.commons.jxpath.MapDynamicPropertyHandler",
161:       "org.apache.commons.jxpath.ri.JXPathContextReferenceImpl",
162:       "org.apache.commons.jxpath.util.TypeUtils$1",
163:       "org.apache.commons.jxpath.IdentityManager",
164:       "org.apache.commons.jxpath.util.ValueUtils",
165:       "org.apache.commons.jxpath.ri.model.beans.PropertyIterator",
166:       "org.apache.commons.jxpath.ri.parser.TokenMgrError",
167:       "org.apache.commons.jxpath.ClassFunctions",
168:       "org.apache.commons.jxpath.ri.axes.AncestorContext",
169:       "org.apache.commons.jxpath.ri.compiler.Step",
170:       "org.apache.commons.jxpath.JXPathException",
171:       "org.apache.commons.jxpath.ri.Parser",
172:       "org.apache.commons.jxpath.ri.model.beans.PropertyOwnerPointer",
173:       "org.apache.commons.jxpath.PackageFunctions",
174:       "org.apache.commons.jxpath.ri.model.VariablePointerFactory",
175:       "org.apache.commons.jxpath.ri.model.dom.DOMPointerFactory",
176:       "org.apache.commons.jxpath.JXPathContextFactoryConfigurationError",
177:       "org.apache.commons.jxpath.ri.axes.SimplePathInterpreter",
178:       "org.apache.commons.jxpath.util.TypeUtils",
179:       "org.apache.commons.jxpath.JXPathTypeConversionException",
180:       "org.apache.commons.jxpath.JXPathBasicBeanInfo",
181:       "org.apache.commons.jxpath.ri.EvalContext",
182:       "org.apache.commons.jxpath.JXPathFunctionNotFoundException",
183:       "org.apache.commons.jxpath.ri.compiler.Path",
184:       "org.apache.commons.jxpath.ri.model.container.ContainerPointerFactory",
185:       "org.apache.commons.jxpath.ri.compiler.NodeNameTest",
186:       "org.apache.commons.jxpath.ri.parser.ParseException",
187:       "org.apache.commons.jxpath.ri.parser.XPathParserConstants",
188:       "org.apache.commons.jxpath.Pointer",
189:       "org.apache.commons.jxpath.ri.axes.PrecedingOrFollowingContext",
190:       "org.apache.commons.jxpath.ri.model.dom.DOMNodePointer",
191:       "org.apache.commons.jxpath.ri.axes.ParentContext",
192:       "org.apache.commons.jxpath.ri.parser.XPathParser$JJCalls",
193:       "org.apache.commons.jxpath.ri.compiler.Expression",
194:       "org.apache.commons.jxpath.ri.compiler.Operation",
195:       "org.apache.commons.jxpath.Function",
196:       "org.apache.commons.jxpath.ri.model.beans.NullPropertyPointer"
197:     );
198:   } 
199: 
200:   private static void resetClasses() {
201:     org.evosuite.runtime.classhandling.ClassResetter.getInstance().setClassLoader(JXPathContext_61_tmp__ESTest_scaffolding.class.getClassLoader()); 
202: 
203:     org.evosuite.runtime.classhandling.ClassStateSupport.resetClasses(
204:       "org.apache.commons.jxpath.PackageFunctions",
205:       "org.apache.commons.jxpath.JXPathContext",
206:       "org.apache.commons.jxpath.JXPathContextFactory",
207:       "org.apache.commons.jxpath.ri.QName",
208:       "org.apache.commons.jxpath.ri.compiler.TreeCompiler",
209:       "org.apache.commons.jxpath.ri.model.beans.CollectionPointerFactory",
210:       "org.apache.commons.jxpath.ri.model.beans.BeanPointerFactory",
211:       "org.apache.commons.jxpath.ri.model.dynamic.DynamicPointerFactory",
212:       "org.apache.commons.jxpath.ri.model.VariablePointerFactory",
213:       "org.apache.commons.jxpath.ri.model.dom.DOMPointerFactory",
214:       "org.apache.commons.jxpath.ri.model.container.ContainerPointerFactory",
215:       "org.apache.commons.jxpath.ri.JXPathContextReferenceImpl",
216:       "org.apache.commons.jxpath.ri.model.NodePointer",
217:       "org.apache.commons.jxpath.ri.model.beans.PropertyOwnerPointer",
218:       "org.apache.commons.jxpath.ri.model.beans.NullPointer",
219:       "org.apache.commons.jxpath.ri.NamespaceResolver",
220:       "org.apache.commons.jxpath.ri.model.VariablePointer",
221:       "org.apache.commons.jxpath.util.ValueUtils",
222:       "org.apache.commons.jxpath.JXPathBasicBeanInfo",
223:       "org.apache.commons.jxpath.JXPathIntrospector",
224:       "org.apache.commons.jxpath.ri.model.beans.BeanPointer",
225:       "org.apache.commons.jxpath.ri.compiler.Expression",
226:       "org.apache.commons.jxpath.ri.compiler.CoreOperation",
227:       "org.apache.commons.jxpath.ri.compiler.CoreFunction",
228:       "org.apache.commons.jxpath.ri.axes.RootContext",
229:       "org.apache.commons.jxpath.JXPathException",
230:       "org.apache.commons.jxpath.BasicVariables",
231:       "org.apache.commons.jxpath.ri.parser.XPathParser",
232:       "org.apache.commons.jxpath.ri.parser.SimpleCharStream",
233:       "org.apache.commons.jxpath.ri.parser.XPathParserTokenManager",
234:       "org.apache.commons.jxpath.ri.Parser",
235:       "org.apache.commons.jxpath.ri.parser.TokenMgrError",
236:       "org.apache.commons.jxpath.JXPathInvalidSyntaxException",
237:       "org.apache.commons.jxpath.ri.axes.AttributeContext",
238:       "org.apache.commons.jxpath.ri.axes.DescendantContext",
239:       "org.apache.commons.jxpath.ri.parser.ParseException",
240:       "org.apache.commons.jxpath.ri.parser.XPathParserConstants",
241:       "org.apache.commons.jxpath.ri.model.beans.PropertyPointer",
242:       "org.apache.commons.jxpath.ri.model.beans.BeanPropertyPointer",
243:       "org.apache.commons.jxpath.ri.axes.SimplePathInterpreter",
244:       "org.apache.commons.jxpath.ri.model.beans.NullPropertyPointer",
245:       "org.apache.commons.jxpath.JXPathInvalidAccessException",
246:       "org.apache.commons.jxpath.JXPathNotFoundException",
247:       "org.apache.commons.jxpath.util.ReverseComparator",
248:       "org.apache.commons.jxpath.ri.model.VariablePointer$1",
249:       "org.apache.commons.jxpath.ClassFunctions",
250:       "org.apache.commons.jxpath.ri.InfoSetUtil",
251:       "org.apache.commons.jxpath.util.BasicTypeConverter",
252:       "org.apache.commons.jxpath.util.TypeUtils$1",
253:       "org.apache.commons.jxpath.util.TypeUtils",
254:       "org.apache.commons.jxpath.JXPathFunctionNotFoundException",
255:       "org.apache.commons.jxpath.util.MethodLookupUtils",
256:       "org.apache.commons.jxpath.JXPathAbstractFactoryException"
257:     );
258:   }
259: }

[MASTER] 19:42:55.741 [logback-2] ERROR JUnitAnalyzer - Failed to compile test case:
Object object0 = RootContext.UNKNOWN_VALUE;
assertNotNull(object0);

JXPathContextReferenceImpl jXPathContextReferenceImpl0 = (JXPathContextReferenceImpl)JXPathContext.newContext(object0);
assertFalse(jXPathContextReferenceImpl0.isLenient());
assertNotNull(jXPathContextReferenceImpl0);
assertTrue(JXPathContextReferenceImpl.USE_SOFT_CACHE);

JXPathContextFactoryReferenceImpl jXPathContextFactoryReferenceImpl0 = (JXPathContextFactoryReferenceImpl)JXPathContextFactory.newInstance();
assertNotNull(jXPathContextFactoryReferenceImpl0);

JXPathCompiledExpression jXPathCompiledExpression0 = (JXPathCompiledExpression)jXPathContextReferenceImpl0.compilePath(jXPathContextFactoryReferenceImpl0.FACTORY_NAME_PROPERTY);
assertFalse(jXPathContextReferenceImpl0.isLenient());
assertEquals("org.apache.commons.jxpath.JXPathContextFactory", jXPathCompiledExpression0.toString());
assertNotNull(jXPathCompiledExpression0);
assertTrue(JXPathContextReferenceImpl.USE_SOFT_CACHE);


[MASTER] 19:42:56.687 [logback-2] ERROR ClassStateSupport - Could not initialize org.apache.commons.jxpath.ri.model.beans.CollectionPointer: org/apache/commons/jxpath/ri/model/beans/CollectionAttributeNodeIterator
[MASTER] 19:43:08.230 [logback-1] WARN  JUnitAnalyzer - Found unstable test named test0 -> class org.apache.commons.jxpath.JXPathInvalidSyntaxException: Invalid XPath: 'f450+oH6g,N%q'. Syntax error after: 'f450+o'
[MASTER] 19:43:08.230 [logback-1] WARN  JUnitAnalyzer - Failing test:
 JXPathContext jXPathContext0 = null;
JXPathContextReferenceImpl jXPathContextReferenceImpl0 = (JXPathContextReferenceImpl)JXPathContext.newContext(jXPathContext0, (Object) jXPathContext0);
assertFalse(jXPathContextReferenceImpl0.isLenient());
assertNotNull(jXPathContextReferenceImpl0);
assertTrue(JXPathContextReferenceImpl.USE_SOFT_CACHE);

String string0 = "f450+oH6g,N%q";
jXPathContextReferenceImpl0.selectNodes(string0);

[MASTER] 19:43:13.336 [logback-1] WARN  TimeController - Phase JUNIT_CHECK lasted too long, 10 seconds more than allowed.
* Writing JUnit test case 'JXPathContext_ESTest' to temp/testcases
* Done!

* Computation finished
