* EvoSuite 1.0.6-SNAPSHOT
* Going to generate test cases for class: org.apache.commons.imaging.common.RationalNumber
* Starting client
* Connecting to master process on port 20008
* Analyzing classpath: 
  - /var/benchmarks/projects/commons-imaging/target/classes
  - /var/benchmarks/projects/commons-imaging/target/classes
* Finished analyzing classpath
* Generating tests for class org.apache.commons.imaging.common.RationalNumber
* Test criteria:
  - Line Coverage
  - Branch Coverage
  - Exception
  - Mutation testing (weak)
  - Method-Output Coverage
  - Top-Level Method Coverage
  - No-Exception Top-Level Method Coverage
  - Context Branch Coverage
* Setting up search algorithm for whole suite generation
* Total number of test goals: 
  - Line 82
  - Branch 69
  - Exception 0
  - MutationFactory 432
  - Output 75
  - Method 11
  - MethodNoException 11
  - CBranchFitnessFactory 69
* Using seed 1517345414846
* Starting evolution
* Search finished after 72s and 43 generations, 34714 statements, best individual has fitness: 57.319047603600914
* Minimizing test suite
* Generated 18 tests with total length 258
* Resulting test suite's coverage: 92% (average coverage for all fitness functions)
[MASTER] 21:51:49.031 [logback-1] WARN  TestSuiteMinimizer - Minimization timeout. Roll back to original test suite
* Generating assertions
[MASTER] 21:51:49.033 [logback-1] WARN  TimeController - Phase MINIMIZATION lasted too long, 6 seconds more than allowed.
* Compiling and checking tests
[MASTER] 21:52:03.708 [logback-1] WARN  TimeController - Phase JUNIT_CHECK lasted too long, 2 seconds more than allowed.
* Writing JUnit test case 'RationalNumber_ESTest' to temp/testcases
* Done!

* Computation finished
