* EvoSuite 1.0.6-SNAPSHOT
* Going to generate test cases for class: org.apache.bcel.generic.InstructionList
* Starting client
* Connecting to master process on port 12886
* Analyzing classpath: 
  - /var/benchmarks/projects/bcel-6.0-src/target/classes
  - /var/benchmarks/projects/bcel-6.0-src/target/classes
* Finished analyzing classpath
* Generating tests for class org.apache.bcel.generic.InstructionList
* Test criteria:
  - Line Coverage
  - Branch Coverage
  - Exception
  - Mutation testing (weak)
  - Method-Output Coverage
  - Top-Level Method Coverage
  - No-Exception Top-Level Method Coverage
  - Context Branch Coverage
* Setting up search algorithm for whole suite generation
* Total number of test goals: 
  - Line 450
  - Branch 268
  - Exception 0
  - MutationFactory 617
  - Output 197
  - Method 60
  - MethodNoException 60
  - CBranchFitnessFactory 268
* Using seed 1517343968213
* Starting evolution
[MASTER] 21:26:26.155 [logback-2] ERROR TestCluster - Failed to check cache for java.util.Enumeration<E> : Type points to itself
[MASTER] 21:27:09.075 [logback-2] ERROR TestCluster - Failed to check cache for java.util.List<E> : Type points to itself
* Search finished after 72s and 125 generations, 71519 statements, best individual has fitness: 338.15938997033476
* Minimizing test suite
* Generated 156 tests with total length 2488
* Resulting test suite's coverage: 87% (average coverage for all fitness functions)
[MASTER] 21:27:42.353 [logback-1] WARN  TestSuiteMinimizer - Minimization timeout. Roll back to original test suite
* Generating assertions
[MASTER] 21:27:42.356 [logback-1] WARN  TimeController - Phase MINIMIZATION lasted too long, 3 seconds more than allowed.
* Compiling and checking tests
* Permissions denied during test execution: 
  - java.lang.RuntimePermission: 
         writeFileDescriptor: 1
[MASTER] 21:27:57.468 [logback-1] WARN  TimeController - Phase JUNIT_CHECK lasted too long, 2 seconds more than allowed.
* Writing JUnit test case 'InstructionList_ESTest' to temp/testcases
* Done!

* Computation finished
