* EvoSuite 1.0.6-SNAPSHOT
* Going to generate test cases for class: org.freehep.math.minuit.MnMinos
* Starting client
* Connecting to master process on port 3292
* Analyzing classpath: 
  - /var/benchmarks/projects/freehep/math/freehep-jminuit/target/classes
  - /var/benchmarks/projects/freehep/math/freehep-jminuit/target/classes
* Finished analyzing classpath
* Generating tests for class org.freehep.math.minuit.MnMinos
* Test criteria:
  - Line Coverage
  - Branch Coverage
  - Exception
  - Mutation testing (weak)
  - Method-Output Coverage
  - Top-Level Method Coverage
  - No-Exception Top-Level Method Coverage
  - Context Branch Coverage
* Setting up search algorithm for whole suite generation
* Total number of test goals: 
  - Line 109
  - Branch 88
  - Exception 0
  - MutationFactory 461
  - Output 120
  - Method 21
  - MethodNoException 21
  - CBranchFitnessFactory 88
* Using seed 1517344198468
* Starting evolution
[MASTER] 21:30:35.991 [logback-2] ERROR TestCluster - Failed to check cache for java.util.List<E> : Type points to itself
[MASTER] 21:31:09.676 [logback-2] ERROR TestCluster - Failed to check cache for java.util.function.Predicate<T> : Type points to itself
* Search finished after 71s and 443 generations, 176664 statements, best individual has fitness: 647.4996141230947
* Minimizing test suite
* Generated 75 tests with total length 763
* Resulting test suite's coverage: 36% (average coverage for all fitness functions)
* Generating assertions
* Compiling and checking tests
[MASTER] 21:31:20.718 [logback-2] ERROR ClassStateSupport - Could not initialize org.freehep.math.minuit.ModularFunctionMinimizer: org/freehep/math/minuit/MnFcn
[MASTER] 21:31:20.811 [logback-2] ERROR ClassStateSupport - Could not initialize org.freehep.math.minuit.ModularFunctionMinimizer: org/freehep/math/minuit/MnUserFcn
* Writing JUnit test case 'MnMinos_ESTest' to temp/testcases
* Done!

* Computation finished
