* EvoSuite 1.0.6-SNAPSHOT
* Going to generate test cases for class: okhttp3.internal.tls.OkHostnameVerifier
* Starting client
* Connecting to master process on port 17464
* Analyzing classpath: 
  - /var/benchmarks/projects/okhttp/okhttp/target/classes
  - /var/benchmarks/projects/okhttp/okhttp/target/classes
* Finished analyzing classpath
* Generating tests for class okhttp3.internal.tls.OkHostnameVerifier
* Test criteria:
  - Line Coverage
  - Branch Coverage
  - Exception
  - Mutation testing (weak)
  - Method-Output Coverage
  - Top-Level Method Coverage
  - No-Exception Top-Level Method Coverage
  - Context Branch Coverage
* Setting up search algorithm for whole suite generation
* Total number of test goals: 
  - Line 79
  - Branch 67
  - Exception 0
  - MutationFactory 200
  - Output 10
  - Method 3
  - MethodNoException 3
  - CBranchFitnessFactory 67
* Using seed 1516817791092
* Starting evolution
[MASTER] 19:16:35.138 [logback-1] WARN  TestChromosome - Functional mock problem: org.evosuite.ga.ConstructionFailedException: Error: VariableReference: Statement 1, type java.util.LinkedList<java.util.List<java.lang.Integer>> is not assignable to java.util.Collection<java.util.List<?>>
[MASTER] 19:16:35.205 [logback-1] WARN  TestChromosome - Functional mock problem: org.evosuite.ga.ConstructionFailedException: Error: VariableReference: Statement 0, type java.util.LinkedList<java.util.List<java.security.cert.X509Certificate>> is not assignable to java.util.Collection<java.util.List<?>>
[MASTER] 19:16:35.223 [logback-1] WARN  TestChromosome - Functional mock problem: org.evosuite.ga.ConstructionFailedException: Error: VariableReference: Statement 4, type java.util.LinkedList<java.util.List<java.lang.String>> is not assignable to java.util.Collection<java.util.List<?>>
[MASTER] 19:16:35.251 [logback-1] WARN  TestChromosome - Functional mock problem: org.evosuite.ga.ConstructionFailedException: Error: VariableReference: Statement 2, type java.util.LinkedList<java.util.List<java.lang.Integer>> is not assignable to java.util.Collection<java.util.List<?>>
[MASTER] 19:16:35.270 [logback-1] WARN  TestChromosome - Functional mock problem: org.evosuite.ga.ConstructionFailedException: Error: VariableReference: Statement 0, type java.util.LinkedList<java.util.List<java.lang.Object>> is not assignable to java.util.Collection<java.util.List<?>>
[MASTER] 19:16:35.288 [logback-1] WARN  TestChromosome - Functional mock problem: org.evosuite.ga.ConstructionFailedException: Error: VariableReference: Statement 1, type java.util.LinkedList<java.util.List<java.lang.Object>> is not assignable to java.util.Collection<java.util.List<?>>
[MASTER] 19:16:35.363 [logback-1] WARN  TestChromosome - Functional mock problem: org.evosuite.ga.ConstructionFailedException: Error: VariableReference: Statement 0, type java.util.LinkedList<java.util.List<java.lang.Integer>> is not assignable to java.util.Collection<java.util.List<?>>
[MASTER] 19:16:35.423 [logback-1] WARN  TestChromosome - Functional mock problem: org.evosuite.ga.ConstructionFailedException: Error: VariableReference: Statement 0, type java.util.Collection<java.util.List<java.lang.Integer>> is not assignable to java.util.Collection<java.util.List<?>>
[MASTER] 19:16:35.455 [logback-1] WARN  TestChromosome - Functional mock problem: org.evosuite.ga.ConstructionFailedException: Error: VariableReference: Statement 0, type java.util.LinkedList<java.util.List<java.lang.String>> is not assignable to java.util.Collection<java.util.List<?>>
[MASTER] 19:16:35.468 [logback-1] WARN  TestChromosome - Functional mock problem: org.evosuite.ga.ConstructionFailedException: Error: VariableReference: Statement 4, type java.util.LinkedList<java.util.List<java.lang.Integer>> is not assignable to java.util.Collection<java.util.List<?>>
[MASTER] 19:16:35.567 [logback-1] WARN  TestChromosome - Functional mock problem: org.evosuite.ga.ConstructionFailedException: Error: VariableReference: Statement 5, type java.util.LinkedList<java.util.List<java.security.cert.X509Certificate>> is not assignable to java.util.Collection<java.util.List<?>>
[MASTER] 19:16:35.581 [logback-1] WARN  TestChromosome - Functional mock problem: org.evosuite.ga.ConstructionFailedException: Error: VariableReference: Statement 3, type java.util.LinkedList<java.util.List<java.lang.Object>> is not assignable to java.util.Collection<java.util.List<?>>
[MASTER] 19:16:35.598 [logback-1] WARN  TestChromosome - Functional mock problem: org.evosuite.ga.ConstructionFailedException: Error: VariableReference: Statement 6, type java.util.LinkedList<java.util.List<java.lang.String>> is not assignable to java.util.Collection<java.util.List<?>>
[MASTER] 19:16:35.613 [logback-1] WARN  TestChromosome - Functional mock problem: org.evosuite.ga.ConstructionFailedException: Error: VariableReference: Statement 3, type java.util.LinkedList<java.util.List<java.lang.String>> is not assignable to java.util.Collection<java.util.List<?>>
[MASTER] 19:16:35.613 [logback-1] WARN  TestChromosome - Functional mock problem: org.evosuite.ga.ConstructionFailedException: Error: VariableReference: Statement 0, type java.util.Collection<java.util.List<java.lang.Object>> is not assignable to java.util.Collection<java.util.List<?>>
[MASTER] 19:16:35.630 [logback-1] WARN  TestChromosome - Functional mock problem: org.evosuite.ga.ConstructionFailedException: Error: VariableReference: Statement 1, type java.util.Collection<java.util.List<java.lang.Object>> is not assignable to java.util.Collection<java.util.List<?>>
[MASTER] 19:16:35.693 [logback-1] WARN  TestChromosome - Functional mock problem: org.evosuite.ga.ConstructionFailedException: Failed to add constructor for java.util.LinkedList due to org.evosuite.ga.ConstructionFailedException: Error: VariableReference: Statement 1, type java.util.Collection<java.util.List<java.lang.Integer>> is not assignable to java.util.Collection<? extends java.util.List<java.lang.Object>>
[MASTER] 19:16:35.694 [logback-1] WARN  TestChromosome - Functional mock problem: org.evosuite.ga.ConstructionFailedException: Failed to add constructor for java.util.LinkedList due to org.evosuite.ga.ConstructionFailedException: Error: VariableReference: Statement 0, type java.util.Collection<java.util.List<java.lang.Object>> is not assignable to java.util.Collection<? extends java.util.List<java.security.cert.X509Certificate>>
[MASTER] 19:16:35.728 [logback-1] WARN  TestChromosome - Functional mock problem: org.evosuite.ga.ConstructionFailedException: Error: VariableReference: Statement 1, type java.util.LinkedList<java.util.List<java.security.cert.X509Certificate>> is not assignable to java.util.Collection<java.util.List<?>>
[MASTER] 19:16:35.730 [logback-1] WARN  TestChromosome - Functional mock problem: org.evosuite.ga.ConstructionFailedException: Failed to add constructor for java.util.LinkedList due to org.evosuite.ga.ConstructionFailedException: Error: VariableReference: Statement 0, type java.util.LinkedList<java.util.List<java.lang.String>> is not assignable to java.util.Collection<? extends java.util.List<java.lang.Integer>>
[MASTER] 19:16:35.748 [logback-1] WARN  TestChromosome - Functional mock problem: org.evosuite.ga.ConstructionFailedException: Error: VariableReference: Statement 2, type java.util.Collection<java.util.List<java.lang.Integer>> is not assignable to java.util.Collection<java.util.List<?>>
[MASTER] 19:16:35.784 [logback-1] WARN  TestChromosome - Functional mock problem: org.evosuite.ga.ConstructionFailedException: Error: VariableReference: Statement 4, type java.util.LinkedList<java.util.List<java.lang.Object>> is not assignable to java.util.Collection<java.util.List<?>>
[MASTER] 19:16:35.866 [logback-1] WARN  TestChromosome - Functional mock problem: org.evosuite.ga.ConstructionFailedException: Error: VariableReference: Statement 2, type java.util.Collection<java.util.List<java.lang.Object>> is not assignable to java.util.Collection<java.util.List<?>>
[MASTER] 19:16:36.075 [logback-1] WARN  TestChromosome - Functional mock problem: org.evosuite.ga.ConstructionFailedException: Error: VariableReference: Statement 1, type java.util.LinkedList<java.util.List<java.lang.String>> is not assignable to java.util.Collection<java.util.List<?>>
[MASTER] 19:16:36.102 [logback-1] WARN  TestChromosome - Functional mock problem: org.evosuite.ga.ConstructionFailedException: Error: VariableReference: Statement 2, type java.util.LinkedList<java.util.List<java.lang.Object>> is not assignable to java.util.Collection<java.util.List<?>>
[MASTER] 19:16:36.190 [logback-1] WARN  TestChromosome - Functional mock problem: org.evosuite.ga.ConstructionFailedException: Error: VariableReference: Statement 3, type java.util.LinkedList<java.util.List<java.security.cert.X509Certificate>> is not assignable to java.util.Collection<java.util.List<?>>
[MASTER] 19:16:36.255 [logback-1] WARN  TestChromosome - Functional mock problem: org.evosuite.ga.ConstructionFailedException: Error: VariableReference: Statement 5, type java.util.LinkedList<java.util.List<java.lang.Object>> is not assignable to java.util.Collection<java.util.List<?>>
[MASTER] 19:16:36.291 [logback-1] WARN  TestChromosome - Functional mock problem: org.evosuite.ga.ConstructionFailedException: Error: VariableReference: Statement 3, type java.util.LinkedList<java.util.List<java.lang.Integer>> is not assignable to java.util.Collection<java.util.List<?>>
[MASTER] 19:16:36.337 [logback-1] WARN  TestChromosome - Functional mock problem: org.evosuite.ga.ConstructionFailedException: Error: VariableReference: Statement 10, type java.util.LinkedList<java.util.List<java.security.cert.X509Certificate>> is not assignable to java.util.Collection<java.util.List<?>>
[MASTER] 19:16:36.350 [logback-1] WARN  TestChromosome - Functional mock problem: org.evosuite.ga.ConstructionFailedException: Error: VariableReference: Statement 1, type java.util.Collection<java.util.List<java.lang.String>> is not assignable to java.util.Collection<java.util.List<?>>
[MASTER] 19:16:36.517 [logback-1] WARN  TestChromosome - Functional mock problem: org.evosuite.ga.ConstructionFailedException: Failed to add constructor for java.util.LinkedList due to org.evosuite.ga.ConstructionFailedException: Error: VariableReference: Statement 0, type java.util.LinkedList<java.util.List<java.lang.Integer>> is not assignable to java.util.Collection<? extends java.util.List<java.lang.Object>>
[MASTER] 19:16:36.611 [logback-1] WARN  TestChromosome - Functional mock problem: org.evosuite.ga.ConstructionFailedException: Error: VariableReference: Statement 8, type java.util.LinkedList<java.util.List<java.lang.Object>> is not assignable to java.util.Collection<java.util.List<?>>
[MASTER] 19:16:36.612 [logback-1] WARN  TestChromosome - Functional mock problem: org.evosuite.ga.ConstructionFailedException: Error: VariableReference: Statement 12, type java.util.LinkedList<java.util.List<java.lang.String>> is not assignable to java.util.Collection<java.util.List<?>>
[MASTER] 19:16:36.636 [logback-1] WARN  TestChromosome - Functional mock problem: org.evosuite.ga.ConstructionFailedException: Error: VariableReference: Statement 2, type java.util.LinkedList<java.util.List<java.lang.String>> is not assignable to java.util.Collection<java.util.List<?>>
[MASTER] 19:16:36.662 [logback-1] WARN  TestChromosome - Functional mock problem: org.evosuite.ga.ConstructionFailedException: Error: VariableReference: Statement 5, type java.util.LinkedList<java.util.List<java.lang.Integer>> is not assignable to java.util.Collection<java.util.List<?>>
[MASTER] 19:16:36.688 [logback-1] WARN  TestChromosome - Functional mock problem: org.evosuite.ga.ConstructionFailedException: Error: VariableReference: Statement 12, type java.util.Collection<java.util.List<java.lang.Object>> is not assignable to java.util.Collection<java.util.List<?>>
[MASTER] 19:16:36.785 [logback-1] WARN  TestChromosome - Functional mock problem: org.evosuite.ga.ConstructionFailedException: Error: VariableReference: Statement 13, type java.util.LinkedList<java.util.List<java.lang.String>> is not assignable to java.util.Collection<java.util.List<?>>
[MASTER] 19:16:36.938 [logback-1] WARN  TestChromosome - Functional mock problem: org.evosuite.ga.ConstructionFailedException: Error: VariableReference: Statement 3, type java.util.Collection<java.util.List<java.security.cert.X509Certificate>> is not assignable to java.util.Collection<java.util.List<?>>
[MASTER] 19:16:37.024 [logback-1] WARN  TestChromosome - Functional mock problem: org.evosuite.ga.ConstructionFailedException: Error: VariableReference: Statement 3, type java.util.Collection<java.util.List<java.lang.String>> is not assignable to java.util.Collection<java.util.List<?>>
[MASTER] 19:16:37.033 [logback-1] WARN  TestChromosome - Functional mock problem: org.evosuite.ga.ConstructionFailedException: Error: VariableReference: Statement 12, type java.util.LinkedList<java.util.List<java.lang.Object>> is not assignable to java.util.Collection<java.util.List<?>>
[MASTER] 19:16:37.109 [logback-1] WARN  TestChromosome - Functional mock problem: org.evosuite.ga.ConstructionFailedException: Error: VariableReference: Statement 6, type java.util.LinkedList<java.util.List<java.lang.Integer>> is not assignable to java.util.Collection<java.util.List<?>>
[MASTER] 19:16:37.203 [logback-1] WARN  TestChromosome - Functional mock problem: org.evosuite.ga.ConstructionFailedException: Failed to add constructor for java.util.LinkedList due to org.evosuite.ga.ConstructionFailedException: Error: VariableReference: Statement 3, type java.util.LinkedList<java.util.List<java.lang.String>> is not assignable to java.util.Collection<? extends java.util.List<java.lang.Object>>
[MASTER] 19:16:37.226 [logback-1] WARN  TestChromosome - Functional mock problem: org.evosuite.ga.ConstructionFailedException: Error: VariableReference: Statement 5, type java.util.LinkedList<java.util.List<java.lang.String>> is not assignable to java.util.Collection<java.util.List<?>>
[MASTER] 19:16:37.297 [logback-1] WARN  TestChromosome - Functional mock problem: org.evosuite.ga.ConstructionFailedException: Error: VariableReference: Statement 5, type java.util.Collection<java.util.List<java.security.cert.X509Certificate>> is not assignable to java.util.Collection<java.util.List<?>>
[MASTER] 19:16:37.314 [logback-1] WARN  TestChromosome - Functional mock problem: org.evosuite.ga.ConstructionFailedException: Error: VariableReference: Statement 6, type java.util.Collection<java.util.List<java.lang.Integer>> is not assignable to java.util.Collection<java.util.List<?>>
[MASTER] 19:16:37.452 [logback-1] WARN  TestChromosome - Functional mock problem: org.evosuite.ga.ConstructionFailedException: Error: VariableReference: Statement 5, type java.util.Collection<java.util.List<java.lang.Object>> is not assignable to java.util.Collection<java.util.List<?>>
[MASTER] 19:16:37.623 [logback-1] WARN  TestChromosome - Functional mock problem: org.evosuite.ga.ConstructionFailedException: Error: VariableReference: Statement 0, type java.util.Collection<java.util.List<java.lang.String>> is not assignable to java.util.Collection<java.util.List<?>>
[MASTER] 19:16:37.812 [logback-1] WARN  TestChromosome - Functional mock problem: org.evosuite.ga.ConstructionFailedException: Error: VariableReference: Statement 5, type java.util.Collection<java.util.List<java.lang.String>> is not assignable to java.util.Collection<java.util.List<?>>
[MASTER] 19:16:37.898 [logback-1] WARN  TestChromosome - Functional mock problem: org.evosuite.ga.ConstructionFailedException: Error: VariableReference: Statement 0, type java.util.Collection<java.util.List<java.security.cert.X509Certificate>> is not assignable to java.util.Collection<java.util.List<?>>
[MASTER] 19:16:38.602 [logback-1] WARN  TestChromosome - Functional mock problem: org.evosuite.ga.ConstructionFailedException: Failed to add constructor for java.util.LinkedList due to org.evosuite.ga.ConstructionFailedException: Error: VariableReference: Statement 5, type java.util.LinkedList<java.util.List<java.lang.Integer>> is not assignable to java.util.Collection<? extends java.util.List<java.lang.String>>
[MASTER] 19:16:38.694 [logback-1] WARN  TestChromosome - Functional mock problem: org.evosuite.ga.ConstructionFailedException: Error: VariableReference: Statement 5, type java.util.Collection<java.util.List<java.lang.Integer>> is not assignable to java.util.Collection<java.util.List<?>>
[MASTER] 19:16:38.856 [logback-1] WARN  TestChromosome - Functional mock problem: org.evosuite.ga.ConstructionFailedException: Error: VariableReference: Statement 3, type java.util.Collection<java.util.List<java.lang.Object>> is not assignable to java.util.Collection<java.util.List<?>>
[MASTER] 19:16:38.869 [logback-1] WARN  TestChromosome - Functional mock problem: org.evosuite.ga.ConstructionFailedException: Failed to add constructor for java.util.LinkedList due to org.evosuite.ga.ConstructionFailedException: Error: VariableReference: Statement 5, type java.util.LinkedList<java.util.List<java.lang.String>> is not assignable to java.util.Collection<? extends java.util.List<java.lang.Integer>>
[MASTER] 19:16:39.077 [logback-1] WARN  TestChromosome - Functional mock problem: org.evosuite.ga.ConstructionFailedException: Failed to add constructor for java.util.LinkedList due to org.evosuite.ga.ConstructionFailedException: Error: VariableReference: Statement 5, type java.util.LinkedList<java.util.List<java.lang.Object>> is not assignable to java.util.Collection<? extends java.util.List<java.security.cert.X509Certificate>>
[MASTER] 19:16:39.973 [logback-1] WARN  TestChromosome - Functional mock problem: org.evosuite.ga.ConstructionFailedException: Failed to add constructor for java.util.LinkedList due to org.evosuite.ga.ConstructionFailedException: Error: VariableReference: Statement 3, type java.util.LinkedList<java.util.List<java.lang.Object>> is not assignable to java.util.Collection<? extends java.util.List<java.lang.Integer>>
[MASTER] 19:16:40.624 [logback-1] WARN  TestChromosome - Functional mock problem: org.evosuite.ga.ConstructionFailedException: Failed to add constructor for java.util.LinkedList due to org.evosuite.ga.ConstructionFailedException: Error: VariableReference: Statement 5, type java.util.Collection<java.util.List<java.lang.Object>> is not assignable to java.util.Collection<? extends java.util.List<java.lang.Integer>>
[MASTER] 19:16:41.032 [logback-1] WARN  TestChromosome - Functional mock problem: org.evosuite.ga.ConstructionFailedException: Error: VariableReference: Statement 3, type java.util.Collection<java.util.List<java.lang.Integer>> is not assignable to java.util.Collection<java.util.List<?>>
[MASTER] 19:16:41.154 [logback-1] WARN  TestChromosome - Functional mock problem: org.evosuite.ga.ConstructionFailedException: Error: VariableReference: Statement 6, type java.util.Collection<java.util.List<java.lang.String>> is not assignable to java.util.Collection<java.util.List<?>>
[MASTER] 19:16:42.145 [logback-1] WARN  TestChromosome - Functional mock problem: org.evosuite.ga.ConstructionFailedException: Failed to add constructor for java.util.LinkedList due to org.evosuite.ga.ConstructionFailedException: Error: VariableReference: Statement 0, type java.util.LinkedList<java.util.List<java.security.cert.X509Certificate>> is not assignable to java.util.Collection<? extends java.util.List<java.lang.String>>
[MASTER] 19:16:42.469 [logback-1] WARN  TestChromosome - Functional mock problem: org.evosuite.ga.ConstructionFailedException: Failed to add constructor for java.util.LinkedList due to org.evosuite.ga.ConstructionFailedException: Error: VariableReference: Statement 3, type java.util.LinkedList<java.util.List<java.lang.String>> is not assignable to java.util.Collection<? extends java.util.List<java.lang.Integer>>
[MASTER] 19:16:42.573 [logback-1] WARN  TestChromosome - Functional mock problem: org.evosuite.ga.ConstructionFailedException: Failed to add constructor for java.util.LinkedList due to org.evosuite.ga.ConstructionFailedException: Error: VariableReference: Statement 3, type java.util.LinkedList<java.util.List<java.security.cert.X509Certificate>> is not assignable to java.util.Collection<? extends java.util.List<java.lang.Integer>>
[MASTER] 19:16:42.692 [logback-1] WARN  TestChromosome - Functional mock problem: org.evosuite.ga.ConstructionFailedException: Error: VariableReference: Statement 6, type java.util.Collection<java.util.List<java.security.cert.X509Certificate>> is not assignable to java.util.Collection<java.util.List<?>>
[MASTER] 19:16:42.760 [logback-1] WARN  TestChromosome - Functional mock problem: org.evosuite.ga.ConstructionFailedException: Error: VariableReference: Statement 2, type java.util.LinkedList<java.util.List<java.security.cert.X509Certificate>> is not assignable to java.util.Collection<java.util.List<?>>
[MASTER] 19:16:43.605 [logback-1] WARN  TestChromosome - Functional mock problem: org.evosuite.ga.ConstructionFailedException: Error: VariableReference: Statement 6, type java.util.LinkedList<java.util.List<java.lang.Object>> is not assignable to java.util.Collection<java.util.List<?>>
[MASTER] 19:16:44.980 [logback-1] WARN  TestChromosome - Functional mock problem: org.evosuite.ga.ConstructionFailedException: Error: VariableReference: Statement 8, type java.util.LinkedList<java.util.List<java.security.cert.X509Certificate>> is not assignable to java.util.Collection<java.util.List<?>>
[MASTER] 19:16:45.032 [logback-1] WARN  TestChromosome - Functional mock problem: org.evosuite.ga.ConstructionFailedException: Failed to add constructor for java.util.LinkedList due to org.evosuite.ga.ConstructionFailedException: Error: VariableReference: Statement 3, type java.util.Collection<java.util.List<java.lang.Object>> is not assignable to java.util.Collection<? extends java.util.List<java.lang.Integer>>
[MASTER] 19:16:45.200 [logback-1] WARN  TestChromosome - Functional mock problem: org.evosuite.ga.ConstructionFailedException: Failed to add constructor for java.util.LinkedList due to org.evosuite.ga.ConstructionFailedException: Error: VariableReference: Statement 3, type java.util.LinkedList<java.util.List<java.lang.Object>> is not assignable to java.util.Collection<? extends java.util.List<java.lang.String>>
[MASTER] 19:16:45.241 [logback-1] WARN  TestChromosome - Functional mock problem: org.evosuite.ga.ConstructionFailedException: Failed to add constructor for java.util.LinkedList due to org.evosuite.ga.ConstructionFailedException: Error: VariableReference: Statement 3, type java.util.LinkedList<java.util.List<java.lang.Integer>> is not assignable to java.util.Collection<? extends java.util.List<java.lang.String>>
[MASTER] 19:16:45.504 [logback-1] WARN  TestChromosome - Functional mock problem: org.evosuite.ga.ConstructionFailedException: Failed to add constructor for java.util.LinkedList due to org.evosuite.ga.ConstructionFailedException: Error: VariableReference: Statement 3, type java.util.LinkedList<java.util.List<java.lang.String>> is not assignable to java.util.Collection<? extends java.util.List<java.security.cert.X509Certificate>>
[MASTER] 19:16:45.903 [logback-1] WARN  TestChromosome - Functional mock problem: org.evosuite.ga.ConstructionFailedException: Error: VariableReference: Statement 4, type java.util.Collection<java.util.List<java.lang.Object>> is not assignable to java.util.Collection<java.util.List<?>>
[MASTER] 19:16:45.966 [logback-1] WARN  TestChromosome - Functional mock problem: org.evosuite.ga.ConstructionFailedException: Error: VariableReference: Statement 6, type java.util.Collection<java.util.List<java.lang.Object>> is not assignable to java.util.Collection<java.util.List<?>>
[MASTER] 19:16:46.031 [logback-1] WARN  TestChromosome - Functional mock problem: org.evosuite.ga.ConstructionFailedException: Error: VariableReference: Statement 4, type java.util.LinkedList<java.util.List<java.security.cert.X509Certificate>> is not assignable to java.util.Collection<java.util.List<?>>
[MASTER] 19:16:46.661 [logback-1] WARN  TestChromosome - Functional mock problem: org.evosuite.ga.ConstructionFailedException: Error: VariableReference: Statement 6, type java.util.LinkedList<java.util.List<java.security.cert.X509Certificate>> is not assignable to java.util.Collection<java.util.List<?>>
[MASTER] 19:16:47.739 [logback-1] WARN  TestChromosome - Functional mock problem: org.evosuite.ga.ConstructionFailedException: Error: VariableReference: Statement 1, type java.util.Collection<java.util.List<java.security.cert.X509Certificate>> is not assignable to java.util.Collection<java.util.List<?>>
[MASTER] 19:16:48.311 [logback-1] WARN  TestChromosome - Functional mock problem: org.evosuite.ga.ConstructionFailedException: Failed to add constructor for java.util.LinkedList due to org.evosuite.ga.ConstructionFailedException: Error: VariableReference: Statement 3, type java.util.LinkedList<java.util.List<java.lang.Object>> is not assignable to java.util.Collection<? extends java.util.List<java.security.cert.X509Certificate>>
[MASTER] 19:16:49.670 [logback-1] WARN  TestChromosome - Functional mock problem: org.evosuite.ga.ConstructionFailedException: Error: VariableReference: Statement 7, type java.util.LinkedList<java.util.List<java.lang.String>> is not assignable to java.util.Collection<java.util.List<?>>
[MASTER] 19:16:50.062 [logback-1] WARN  TestChromosome - Functional mock problem: org.evosuite.ga.ConstructionFailedException: Error: VariableReference: Statement 2, type java.util.Collection<java.util.List<java.security.cert.X509Certificate>> is not assignable to java.util.Collection<java.util.List<?>>
[MASTER] 19:16:50.327 [logback-1] WARN  TestChromosome - Functional mock problem: org.evosuite.ga.ConstructionFailedException: Error: VariableReference: Statement 2, type java.util.Collection<java.util.List<java.lang.String>> is not assignable to java.util.Collection<java.util.List<?>>
[MASTER] 19:16:50.739 [logback-1] WARN  TestChromosome - Functional mock problem: org.evosuite.ga.ConstructionFailedException: Failed to add constructor for java.util.LinkedList due to org.evosuite.ga.ConstructionFailedException: Error: VariableReference: Statement 2, type java.util.LinkedList<java.util.List<java.lang.String>> is not assignable to java.util.Collection<? extends java.util.List<java.lang.Integer>>
[MASTER] 19:16:50.957 [logback-1] WARN  TestChromosome - Functional mock problem: org.evosuite.ga.ConstructionFailedException: Failed to add constructor for java.util.LinkedList due to org.evosuite.ga.ConstructionFailedException: Error: VariableReference: Statement 2, type java.util.LinkedList<java.util.List<java.lang.Object>> is not assignable to java.util.Collection<? extends java.util.List<java.lang.Integer>>
[MASTER] 19:16:51.787 [logback-1] WARN  TestChromosome - Functional mock problem: org.evosuite.ga.ConstructionFailedException: Failed to add constructor for java.util.LinkedList due to org.evosuite.ga.ConstructionFailedException: Error: VariableReference: Statement 2, type java.util.Collection<java.util.List<java.lang.Integer>> is not assignable to java.util.Collection<? extends java.util.List<java.lang.Object>>
[MASTER] 19:16:51.911 [logback-1] WARN  TestChromosome - Functional mock problem: org.evosuite.ga.ConstructionFailedException: Failed to add constructor for java.util.LinkedList due to org.evosuite.ga.ConstructionFailedException: Error: VariableReference: Statement 2, type java.util.LinkedList<java.util.List<java.lang.Integer>> is not assignable to java.util.Collection<? extends java.util.List<java.lang.Object>>
[MASTER] 19:16:52.037 [logback-1] WARN  TestChromosome - Functional mock problem: org.evosuite.ga.ConstructionFailedException: Failed to add constructor for java.util.LinkedList due to org.evosuite.ga.ConstructionFailedException: Error: VariableReference: Statement 2, type java.util.LinkedList<java.util.List<java.lang.String>> is not assignable to java.util.Collection<? extends java.util.List<java.security.cert.X509Certificate>>
[MASTER] 19:16:52.382 [logback-1] WARN  TestChromosome - Functional mock problem: org.evosuite.ga.ConstructionFailedException: Failed to add constructor for java.util.LinkedList due to org.evosuite.ga.ConstructionFailedException: Error: VariableReference: Statement 2, type java.util.Collection<java.util.List<java.lang.Object>> is not assignable to java.util.Collection<? extends java.util.List<java.lang.String>>
[MASTER] 19:16:52.443 [logback-1] WARN  TestChromosome - Functional mock problem: org.evosuite.ga.ConstructionFailedException: Failed to add constructor for java.util.LinkedList due to org.evosuite.ga.ConstructionFailedException: Error: VariableReference: Statement 2, type java.util.LinkedList<java.util.List<java.lang.Object>> is not assignable to java.util.Collection<? extends java.util.List<java.lang.String>>
[MASTER] 19:16:53.660 [logback-1] WARN  TestChromosome - Functional mock problem: org.evosuite.ga.ConstructionFailedException: Error: VariableReference: Statement 9, type java.util.Collection<java.util.List<java.lang.Object>> is not assignable to java.util.Collection<java.util.List<?>>
[MASTER] 19:16:53.665 [logback-1] WARN  TestChromosome - Functional mock problem: org.evosuite.ga.ConstructionFailedException: Failed to add constructor for java.util.LinkedList due to org.evosuite.ga.ConstructionFailedException: Error: VariableReference: Statement 2, type java.util.LinkedList<java.util.List<java.lang.Integer>> is not assignable to java.util.Collection<? extends java.util.List<java.lang.String>>
[MASTER] 19:16:53.930 [logback-1] WARN  TestChromosome - Functional mock problem: org.evosuite.ga.ConstructionFailedException: Failed to add constructor for java.util.LinkedList due to org.evosuite.ga.ConstructionFailedException: Error: VariableReference: Statement 1, type java.util.LinkedList<java.util.List<java.lang.Object>> is not assignable to java.util.Collection<? extends java.util.List<java.security.cert.X509Certificate>>
[MASTER] 19:16:54.142 [logback-1] WARN  TestChromosome - Functional mock problem: org.evosuite.ga.ConstructionFailedException: Failed to add constructor for java.util.LinkedList due to org.evosuite.ga.ConstructionFailedException: Error: VariableReference: Statement 2, type java.util.LinkedList<java.util.List<java.security.cert.X509Certificate>> is not assignable to java.util.Collection<? extends java.util.List<java.lang.Object>>
[MASTER] 19:16:54.416 [logback-1] WARN  TestChromosome - Functional mock problem: org.evosuite.ga.ConstructionFailedException: Failed to add constructor for java.util.LinkedList due to org.evosuite.ga.ConstructionFailedException: Failed to add constructor for java.util.LinkedList due to org.evosuite.ga.ConstructionFailedException: Error: VariableReference: Statement 2, type java.util.Collection<java.util.List<java.lang.Object>> is not assignable to java.util.Collection<? extends java.util.List<java.lang.String>>
[MASTER] 19:16:55.069 [logback-1] WARN  TestChromosome - Functional mock problem: org.evosuite.ga.ConstructionFailedException: Failed to add constructor for java.util.LinkedList due to org.evosuite.ga.ConstructionFailedException: Error: VariableReference: Statement 2, type java.util.Collection<java.util.List<java.lang.Object>> is not assignable to java.util.Collection<? extends java.util.List<java.security.cert.X509Certificate>>
[MASTER] 19:16:55.218 [logback-1] WARN  TestChromosome - Functional mock problem: org.evosuite.ga.ConstructionFailedException: Failed to add constructor for java.util.LinkedList due to org.evosuite.ga.ConstructionFailedException: Error: VariableReference: Statement 2, type java.util.LinkedList<java.util.List<java.lang.String>> is not assignable to java.util.Collection<? extends java.util.List<java.lang.Object>>
[MASTER] 19:16:56.445 [logback-1] WARN  TestChromosome - Functional mock problem: org.evosuite.ga.ConstructionFailedException: Failed to add constructor for java.util.LinkedList due to org.evosuite.ga.ConstructionFailedException: Error: VariableReference: Statement 2, type java.util.LinkedList<java.util.List<java.lang.Integer>> is not assignable to java.util.Collection<? extends java.util.List<java.security.cert.X509Certificate>>
[MASTER] 19:16:57.188 [logback-1] WARN  TestChromosome - Functional mock problem: org.evosuite.ga.ConstructionFailedException: Failed to add constructor for java.util.LinkedList due to org.evosuite.ga.ConstructionFailedException: Error: VariableReference: Statement 0, type java.util.LinkedList<java.util.List<java.lang.Object>> is not assignable to java.util.Collection<? extends java.util.List<java.lang.String>>
[MASTER] 19:16:57.334 [logback-1] WARN  TestChromosome - Functional mock problem: org.evosuite.ga.ConstructionFailedException: Failed to add constructor for java.util.LinkedList due to org.evosuite.ga.ConstructionFailedException: Error: VariableReference: Statement 2, type java.util.LinkedList<java.util.List<java.security.cert.X509Certificate>> is not assignable to java.util.Collection<? extends java.util.List<java.lang.String>>
[MASTER] 19:16:59.224 [logback-1] WARN  TestChromosome - Functional mock problem: org.evosuite.ga.ConstructionFailedException: Error: VariableReference: Statement 4, type java.util.Collection<java.util.List<java.lang.String>> is not assignable to java.util.Collection<java.util.List<?>>
[MASTER] 19:16:59.702 [logback-1] WARN  TestChromosome - Functional mock problem: org.evosuite.ga.ConstructionFailedException: Error: VariableReference: Statement 7, type java.util.LinkedList<java.util.List<java.lang.Object>> is not assignable to java.util.Collection<java.util.List<?>>
[MASTER] 19:17:00.368 [logback-1] WARN  TestChromosome - Functional mock problem: org.evosuite.ga.ConstructionFailedException: Failed to add constructor for java.util.LinkedList due to org.evosuite.ga.ConstructionFailedException: Error: VariableReference: Statement 2, type java.util.LinkedList<java.util.List<java.lang.Object>> is not assignable to java.util.Collection<? extends java.util.List<java.security.cert.X509Certificate>>
[MASTER] 19:17:01.031 [logback-1] WARN  TestChromosome - Functional mock problem: org.evosuite.ga.ConstructionFailedException: Failed to add constructor for java.util.LinkedList due to org.evosuite.ga.ConstructionFailedException: Error: VariableReference: Statement 2, type java.util.LinkedList<java.util.List<java.security.cert.X509Certificate>> is not assignable to java.util.Collection<? extends java.util.List<java.lang.Integer>>
[MASTER] 19:17:01.309 [logback-1] WARN  TestChromosome - Functional mock problem: org.evosuite.ga.ConstructionFailedException: Failed to add constructor for java.util.LinkedList due to org.evosuite.ga.ConstructionFailedException: Failed to add constructor for java.util.LinkedList due to org.evosuite.ga.ConstructionFailedException: Error: VariableReference: Statement 2, type java.util.LinkedList<java.util.List<java.lang.String>> is not assignable to java.util.Collection<? extends java.util.List<java.lang.Integer>>
[MASTER] 19:17:01.504 [logback-1] WARN  TestChromosome - Functional mock problem: org.evosuite.ga.ConstructionFailedException: Failed to add constructor for java.util.LinkedList due to org.evosuite.ga.ConstructionFailedException: Error: VariableReference: Statement 1, type java.util.LinkedList<java.util.List<java.lang.Object>> is not assignable to java.util.Collection<? extends java.util.List<java.lang.Integer>>
[MASTER] 19:17:03.630 [logback-1] WARN  TestChromosome - Functional mock problem: org.evosuite.ga.ConstructionFailedException: Failed to add constructor for java.util.LinkedList due to org.evosuite.ga.ConstructionFailedException: Failed to add constructor for java.util.LinkedList due to org.evosuite.ga.ConstructionFailedException: Error: VariableReference: Statement 2, type java.util.LinkedList<java.util.List<java.lang.Integer>> is not assignable to java.util.Collection<? extends java.util.List<java.lang.String>>
[MASTER] 19:17:03.762 [logback-1] WARN  TestChromosome - Functional mock problem: org.evosuite.ga.ConstructionFailedException: Failed to add constructor for java.util.LinkedList due to org.evosuite.ga.ConstructionFailedException: Failed to add constructor for java.util.LinkedList due to org.evosuite.ga.ConstructionFailedException: Error: VariableReference: Statement 2, type java.util.LinkedList<java.util.List<java.lang.String>> is not assignable to java.util.Collection<? extends java.util.List<java.lang.Object>>
[MASTER] 19:17:03.780 [logback-1] WARN  TestChromosome - Functional mock problem: org.evosuite.ga.ConstructionFailedException: Failed to add constructor for java.util.LinkedList due to org.evosuite.ga.ConstructionFailedException: Error: VariableReference: Statement 2, type java.util.Collection<java.util.List<java.lang.String>> is not assignable to java.util.Collection<? extends java.util.List<java.security.cert.X509Certificate>>
[MASTER] 19:17:05.414 [logback-1] WARN  TestChromosome - Functional mock problem: org.evosuite.ga.ConstructionFailedException: Error: VariableReference: Statement 1, type java.util.Collection<java.util.List<java.lang.Integer>> is not assignable to java.util.Collection<java.util.List<?>>
[MASTER] 19:17:05.737 [logback-1] WARN  TestChromosome - Functional mock problem: org.evosuite.ga.ConstructionFailedException: Failed to add constructor for java.util.LinkedList due to org.evosuite.ga.ConstructionFailedException: Error: VariableReference: Statement 2, type java.util.Collection<java.util.List<java.lang.String>> is not assignable to java.util.Collection<? extends java.util.List<java.lang.Integer>>
[MASTER] 19:17:06.680 [logback-1] WARN  TestChromosome - Functional mock problem: org.evosuite.ga.ConstructionFailedException: Failed to add constructor for java.util.LinkedList due to org.evosuite.ga.ConstructionFailedException: Error: VariableReference: Statement 0, type java.util.LinkedList<java.util.List<java.lang.String>> is not assignable to java.util.Collection<? extends java.util.List<java.security.cert.X509Certificate>>
[MASTER] 19:17:07.420 [logback-1] WARN  TestChromosome - Functional mock problem: org.evosuite.ga.ConstructionFailedException: Failed to add constructor for java.util.LinkedList due to org.evosuite.ga.ConstructionFailedException: Error: VariableReference: Statement 5, type java.util.Collection<java.util.List<java.lang.Integer>> is not assignable to java.util.Collection<? extends java.util.List<java.lang.String>>
[MASTER] 19:17:08.481 [logback-1] WARN  TestChromosome - Functional mock problem: org.evosuite.ga.ConstructionFailedException: Failed to add constructor for java.util.LinkedList due to org.evosuite.ga.ConstructionFailedException: Error: VariableReference: Statement 2, type java.util.Collection<java.util.List<java.lang.String>> is not assignable to java.util.Collection<? extends java.util.List<java.lang.Object>>
[MASTER] 19:17:12.590 [logback-1] WARN  TestChromosome - Functional mock problem: org.evosuite.ga.ConstructionFailedException: Failed to add constructor for java.util.LinkedList due to org.evosuite.ga.ConstructionFailedException: Error: VariableReference: Statement 2, type java.util.Collection<java.util.List<java.lang.Object>> is not assignable to java.util.Collection<? extends java.util.List<java.lang.Integer>>
[MASTER] 19:17:19.346 [logback-1] WARN  TestChromosome - Functional mock problem: org.evosuite.ga.ConstructionFailedException: Error: VariableReference: Statement 7, type java.util.Collection<java.util.List<java.lang.String>> is not assignable to java.util.Collection<java.util.List<?>>
[MASTER] 19:17:24.145 [logback-1] WARN  TestChromosome - Functional mock problem: org.evosuite.ga.ConstructionFailedException: Error: VariableReference: Statement 20, type java.util.Collection<java.util.List<java.lang.String>> is not assignable to java.util.Collection<java.util.List<?>>
[MASTER] 19:17:24.949 [logback-1] WARN  TestChromosome - Functional mock problem: org.evosuite.ga.ConstructionFailedException: Failed to add constructor for java.util.LinkedList due to org.evosuite.ga.ConstructionFailedException: Error: VariableReference: Statement 2, type java.util.Collection<java.util.List<java.lang.Integer>> is not assignable to java.util.Collection<? extends java.util.List<java.lang.String>>
[MASTER] 19:17:25.155 [logback-1] WARN  TestChromosome - Functional mock problem: org.evosuite.ga.ConstructionFailedException: Failed to add constructor for java.util.LinkedList due to org.evosuite.ga.ConstructionFailedException: Error: VariableReference: Statement 2, type java.util.Collection<java.util.List<java.security.cert.X509Certificate>> is not assignable to java.util.Collection<? extends java.util.List<java.lang.Object>>
[MASTER] 19:17:26.039 [logback-1] WARN  TestChromosome - Functional mock problem: org.evosuite.ga.ConstructionFailedException: Failed to add constructor for java.util.LinkedList due to org.evosuite.ga.ConstructionFailedException: Error: VariableReference: Statement 2, type java.util.Collection<java.util.List<java.security.cert.X509Certificate>> is not assignable to java.util.Collection<? extends java.util.List<java.lang.String>>
[MASTER] 19:17:30.053 [logback-1] WARN  TestChromosome - Functional mock problem: org.evosuite.ga.ConstructionFailedException: Error: VariableReference: Statement 12, type java.util.Collection<java.util.List<java.lang.String>> is not assignable to java.util.Collection<java.util.List<?>>
[MASTER] 19:17:30.087 [logback-1] WARN  TestChromosome - Functional mock problem: org.evosuite.ga.ConstructionFailedException: Error: VariableReference: Statement 19, type java.util.Collection<java.util.List<java.lang.Object>> is not assignable to java.util.Collection<java.util.List<?>>
[MASTER] 19:17:30.154 [logback-1] WARN  TestChromosome - Functional mock problem: org.evosuite.ga.ConstructionFailedException: Error: VariableReference: Statement 7, type java.util.Collection<java.util.List<java.lang.Object>> is not assignable to java.util.Collection<java.util.List<?>>
[MASTER] 19:17:30.451 [logback-1] WARN  TestChromosome - Functional mock problem: org.evosuite.ga.ConstructionFailedException: Error: VariableReference: Statement 14, type java.util.Collection<java.util.List<java.lang.String>> is not assignable to java.util.Collection<java.util.List<?>>
[MASTER] 19:17:31.100 [logback-1] WARN  TestChromosome - Functional mock problem: org.evosuite.ga.ConstructionFailedException: Error: VariableReference: Statement 19, type java.util.LinkedList<java.util.List<java.lang.Object>> is not assignable to java.util.Collection<java.util.List<?>>
[MASTER] 19:17:31.101 [logback-1] WARN  TestChromosome - Functional mock problem: org.evosuite.ga.ConstructionFailedException: Error: VariableReference: Statement 7, type java.util.Collection<java.util.List<java.lang.Integer>> is not assignable to java.util.Collection<java.util.List<?>>
[MASTER] 19:17:31.509 [logback-1] WARN  TestChromosome - Functional mock problem: org.evosuite.ga.ConstructionFailedException: Error: VariableReference: Statement 8, type java.util.Collection<java.util.List<java.lang.Integer>> is not assignable to java.util.Collection<java.util.List<?>>
[MASTER] 19:17:32.553 [logback-1] WARN  TestChromosome - Functional mock problem: org.evosuite.ga.ConstructionFailedException: Error: VariableReference: Statement 11, type java.util.Collection<java.util.List<java.lang.String>> is not assignable to java.util.Collection<java.util.List<?>>
[MASTER] 19:17:32.649 [logback-1] WARN  TestChromosome - Functional mock problem: org.evosuite.ga.ConstructionFailedException: Error: VariableReference: Statement 8, type java.util.Collection<java.util.List<java.security.cert.X509Certificate>> is not assignable to java.util.Collection<java.util.List<?>>
[MASTER] 19:17:33.386 [logback-1] WARN  TestChromosome - Functional mock problem: org.evosuite.ga.ConstructionFailedException: Error: VariableReference: Statement 8, type java.util.Collection<java.util.List<java.lang.String>> is not assignable to java.util.Collection<java.util.List<?>>
[MASTER] 19:17:33.751 [logback-1] WARN  TestChromosome - Functional mock problem: org.evosuite.ga.ConstructionFailedException: Error: VariableReference: Statement 8, type java.util.LinkedList<java.util.List<java.lang.String>> is not assignable to java.util.Collection<java.util.List<?>>
[MASTER] 19:17:34.304 [logback-1] WARN  TestChromosome - Functional mock problem: org.evosuite.ga.ConstructionFailedException: Error: VariableReference: Statement 8, type java.util.LinkedList<java.util.List<java.lang.Integer>> is not assignable to java.util.Collection<java.util.List<?>>
[MASTER] 19:17:34.829 [logback-1] WARN  TestChromosome - Functional mock problem: org.evosuite.ga.ConstructionFailedException: Error: VariableReference: Statement 8, type java.util.Collection<java.util.List<java.lang.Object>> is not assignable to java.util.Collection<java.util.List<?>>
[MASTER] 19:17:36.565 [logback-1] WARN  TestChromosome - Functional mock problem: org.evosuite.ga.ConstructionFailedException: Error: VariableReference: Statement 11, type java.util.Collection<java.util.List<java.lang.Object>> is not assignable to java.util.Collection<java.util.List<?>>
[MASTER] 19:17:36.566 [logback-1] WARN  TestChromosome - Functional mock problem: org.evosuite.ga.ConstructionFailedException: Error: VariableReference: Statement 7, type java.util.Collection<java.util.List<java.security.cert.X509Certificate>> is not assignable to java.util.Collection<java.util.List<?>>
[MASTER] 19:17:37.644 [logback-1] WARN  TestChromosome - Functional mock problem: org.evosuite.ga.ConstructionFailedException: Error: VariableReference: Statement 7, type java.util.LinkedList<java.util.List<java.security.cert.X509Certificate>> is not assignable to java.util.Collection<java.util.List<?>>
[MASTER] 19:17:39.975 [logback-1] WARN  TestChromosome - Functional mock problem: org.evosuite.ga.ConstructionFailedException: Error: VariableReference: Statement 13, type java.util.Collection<java.util.List<java.lang.Integer>> is not assignable to java.util.Collection<java.util.List<?>>
[MASTER] 19:17:40.539 [logback-1] WARN  TestChromosome - Functional mock problem: org.evosuite.ga.ConstructionFailedException: Error: VariableReference: Statement 10, type java.util.Collection<java.util.List<java.lang.Object>> is not assignable to java.util.Collection<java.util.List<?>>
[MASTER] 19:17:42.307 [logback-1] WARN  TestChromosome - Functional mock problem: org.evosuite.ga.ConstructionFailedException: Error: VariableReference: Statement 13, type java.util.Collection<java.util.List<java.lang.String>> is not assignable to java.util.Collection<java.util.List<?>>
[MASTER] 19:17:42.942 [logback-1] WARN  TestChromosome - Functional mock problem: org.evosuite.ga.ConstructionFailedException: Error: VariableReference: Statement 10, type java.util.Collection<java.util.List<java.lang.Integer>> is not assignable to java.util.Collection<java.util.List<?>>
[MASTER] 19:17:43.269 [logback-1] WARN  TestChromosome - Functional mock problem: org.evosuite.ga.ConstructionFailedException: Error: VariableReference: Statement 10, type java.util.Collection<java.util.List<java.security.cert.X509Certificate>> is not assignable to java.util.Collection<java.util.List<?>>
[MASTER] 19:17:43.898 [logback-1] WARN  TestChromosome - Functional mock problem: org.evosuite.ga.ConstructionFailedException: Error: VariableReference: Statement 13, type java.util.Collection<java.util.List<java.lang.Object>> is not assignable to java.util.Collection<java.util.List<?>>
[MASTER] 19:17:44.211 [logback-1] WARN  TestChromosome - Functional mock problem: org.evosuite.ga.ConstructionFailedException: Failed to add constructor for java.util.LinkedList due to org.evosuite.ga.ConstructionFailedException: Error: VariableReference: Statement 7, type java.util.Collection<java.util.List<java.lang.Integer>> is not assignable to java.util.Collection<? extends java.util.List<java.lang.Object>>
* Search finished after 71s and 709 generations, 151909 statements, best individual has fitness: 217.7809510311961
* Minimizing test suite
* Generated 20 tests with total length 85
* Resulting test suite's coverage: 40% (average coverage for all fitness functions)
* Generating assertions
* Compiling and checking tests
[MASTER] 19:17:47.730 [logback-2] ERROR ClassStateSupport - Could not initialize okhttp3.internal.Util: okio/BufferedSource
[MASTER] 19:17:47.736 [logback-2] ERROR ClassStateSupport - Could not initialize okhttp3.ResponseBody$1: okio/BufferedSource
[MASTER] 19:17:47.740 [logback-2] ERROR ClassStateSupport - Could not initialize okhttp3.ResponseBody: okio/BufferedSource
[MASTER] 19:17:47.749 [logback-1] WARN  ClassResetter - class java.lang.NoClassDefFoundError thrown while loading method  __STATIC_RESET() for class okhttp3.internal.Util
* Writing JUnit test case 'OkHostnameVerifier_ESTest' to temp/testcases
* Done!

* Computation finished
