* EvoSuite 1.0.6-SNAPSHOT
* Going to generate test cases for class: org.la4j.linear.GaussianSolver
* Starting client
* Connecting to master process on port 11074
* Analyzing classpath: 
  - /var/benchmarks/projects/la4j-0.6.0/target/classes
  - /var/benchmarks/projects/la4j-0.6.0/target/classes
* Finished analyzing classpath
* Generating tests for class org.la4j.linear.GaussianSolver
* Test criteria:
  - Line Coverage
  - Branch Coverage
  - Exception
  - Mutation testing (weak)
  - Method-Output Coverage
  - Top-Level Method Coverage
  - No-Exception Top-Level Method Coverage
  - Context Branch Coverage
* Setting up search algorithm for whole suite generation
* Total number of test goals: 
  - Line 37
  - Branch 23
  - Exception 0
  - MutationFactory 310
  - Output 6
  - Method 3
  - MethodNoException 3
  - CBranchFitnessFactory 23
* Using seed 1517342664022
* Starting evolution
[MASTER] 21:04:27.890 [logback-2] ERROR TestCluster - Failed to check cache for org.la4j.operation.VectorOperation<R> : Type points to itself
* Search finished after 72s and 86 generations, 24482 statements, best individual has fitness: 39.861111111111114
* Minimizing test suite
* Generated 15 tests with total length 88
* Resulting test suite's coverage: 93% (average coverage for all fitness functions)
* Generating assertions
* Compiling and checking tests
* Writing JUnit test case 'GaussianSolver_ESTest' to temp/testcases
* Done!

* Computation finished
