* EvoSuite 1.0.6-SNAPSHOT
* Going to generate test cases for class: com.google.re2j.Simplify
* Starting client
* Connecting to master process on port 16592
* Analyzing classpath: 
  - /var/benchmarks/projects/re2j/target/classes
  - /var/benchmarks/projects/re2j/target/classes
* Finished analyzing classpath
* Generating tests for class com.google.re2j.Simplify
* Test criteria:
  - Line Coverage
  - Branch Coverage
  - Exception
  - Mutation testing (weak)
  - Method-Output Coverage
  - Top-Level Method Coverage
  - No-Exception Top-Level Method Coverage
  - Context Branch Coverage
* Setting up search algorithm for whole suite generation
* Total number of test goals: 
  - Line 64
  - Branch 69
  - Exception 0
  - MutationFactory 148
  - Output 2
  - Method 1
  - MethodNoException 1
  - CBranchFitnessFactory 69
* Using seed 1517345083317
* Starting evolution
[MASTER] 21:46:04.145 [logback-1] WARN  TimeController - Operation 'update from archive' took too long: 6035ms
* Search finished after 79s and 16 generations, 9932 statements, best individual has fitness: 317.72058823529414
[MASTER] 21:46:04.158 [logback-1] WARN  TimeController - Phase SEARCH lasted too long, 8 seconds more than allowed.
* Minimizing test suite
* Generated 15 tests with total length 299
[MASTER] 21:46:17.752 [logback-1] WARN  TestSuiteMinimizer - Minimization timeout. Roll back to original test suite
* Resulting test suite's coverage: 79% (average coverage for all fitness functions)
* Generating assertions
* Compiling and checking tests
* Writing JUnit test case 'Simplify_ESTest' to temp/testcases
* Done!

* Computation finished
