* EvoSuite 1.0.6-SNAPSHOT
* Going to generate test cases for class: com.google.re2j.CharClass
* Starting client
* Connecting to master process on port 19732
* Analyzing classpath: 
  - /var/benchmarks/projects/re2j/target/classes
  - /var/benchmarks/projects/re2j/target/classes
* Finished analyzing classpath
* Generating tests for class com.google.re2j.CharClass
* Test criteria:
  - Line Coverage
  - Branch Coverage
  - Exception
  - Mutation testing (weak)
  - Method-Output Coverage
  - Top-Level Method Coverage
  - No-Exception Top-Level Method Coverage
  - Context Branch Coverage
* Setting up search algorithm for whole suite generation
* Total number of test goals: 
  - Line 176
  - Branch 115
  - Exception 0
  - MutationFactory 574
  - Output 35
  - Method 18
  - MethodNoException 18
  - CBranchFitnessFactory 115
* Using seed 1517345300484
* Starting evolution
[MASTER] 21:49:47.711 [logback-1] WARN  TimeController - Operation 'update from archive' took too long: 8293ms
* Search finished after 85s and 0 generations, 3371 statements, best individual has fitness: 693.9601376925227
[MASTER] 21:49:47.751 [logback-1] WARN  TimeController - Phase SEARCH lasted too long, 14 seconds more than allowed.
* Minimizing test suite
* Generated 36 tests with total length 592
[MASTER] 21:49:54.678 [logback-1] WARN  TestSuiteMinimizer - Minimization timeout. Roll back to original test suite
* Resulting test suite's coverage: 89% (average coverage for all fitness functions)
* Generating assertions
* Compiling and checking tests
* Writing JUnit test case 'CharClass_ESTest' to temp/testcases
* Done!

* Computation finished
