* EvoSuite 1.0.6-SNAPSHOT
* Going to generate test cases for class: org.la4j.matrix.dense.Basic2DMatrix
* Starting client
* Connecting to master process on port 10958
* Analyzing classpath: 
  - /var/benchmarks/projects/la4j-0.6.0/target/classes
  - /var/benchmarks/projects/la4j-0.6.0/target/classes
* Finished analyzing classpath
* Generating tests for class org.la4j.matrix.dense.Basic2DMatrix
* Test criteria:
  - Line Coverage
  - Branch Coverage
  - Exception
  - Mutation testing (weak)
  - Method-Output Coverage
  - Top-Level Method Coverage
  - No-Exception Top-Level Method Coverage
  - Context Branch Coverage
* Setting up search algorithm for whole suite generation
* Total number of test goals: 
  - Line 105
  - Branch 80
  - Exception 0
  - MutationFactory 783
  - Output 125
  - Method 27
  - MethodNoException 27
  - CBranchFitnessFactory 80
* Using seed 1517346681599
* Starting evolution
[MASTER] 22:11:26.978 [logback-2] ERROR TestCluster - Failed to check cache for org.la4j.operation.MatrixOperation<R> : Type points to itself
* Search finished after 74s and 15 generations, 8834 statements, best individual has fitness: 222.90894967199426
* Minimizing test suite
* Generated 67 tests with total length 723
* Resulting test suite's coverage: 81% (average coverage for all fitness functions)
[MASTER] 22:12:55.863 [logback-1] WARN  TestSuiteMinimizer - Minimization timeout. Roll back to original test suite
* Generating assertions
[MASTER] 22:12:55.867 [logback-1] WARN  TimeController - Phase MINIMIZATION lasted too long, 3 seconds more than allowed.
* Compiling and checking tests
[MASTER] 22:13:11.374 [logback-2] ERROR JUnitAnalyzer - Ran out of time while checking tests
* Writing JUnit test case 'Basic2DMatrix_ESTest' to temp/testcases
* Done!

* Computation finished
