* EvoSuite 1.0.6-SNAPSHOT
* Going to generate test cases for class: okhttp3.ConnectionSpec
* Starting client
* Connecting to master process on port 17521
* Analyzing classpath: 
  - /var/benchmarks/projects/okhttp/okhttp/target/classes
  - /var/benchmarks/projects/okhttp/okhttp/target/classes
* Finished analyzing classpath
* Generating tests for class okhttp3.ConnectionSpec
* Test criteria:
  - Line Coverage
  - Branch Coverage
  - Exception
  - Mutation testing (weak)
  - Method-Output Coverage
  - Top-Level Method Coverage
  - No-Exception Top-Level Method Coverage
  - Context Branch Coverage
* Setting up search algorithm for whole suite generation
* Total number of test goals: 
  - Line 110
  - Branch 94
  - Exception 0
  - MutationFactory 329
  - Output 23
  - Method 20
  - MethodNoException 20
  - CBranchFitnessFactory 94
* Using seed 1517341845567
* Starting evolution
* Search finished after 71s and 181 generations, 150147 statements, best individual has fitness: 138.34731934731934
* Minimizing test suite
* Generated 50 tests with total length 220
* Resulting test suite's coverage: 84% (average coverage for all fitness functions)
* Generating assertions
* Compiling and checking tests
[MASTER] 20:52:05.228 [logback-2] ERROR ClassStateSupport - Could not initialize okhttp3.internal.Util: okio/BufferedSource
[MASTER] 20:52:05.232 [logback-2] ERROR ClassStateSupport - Could not initialize okhttp3.ResponseBody: okio/BufferedSource
[MASTER] 20:52:05.239 [logback-1] WARN  ClassResetter - class java.lang.NoClassDefFoundError thrown while loading method  __STATIC_RESET() for class okhttp3.internal.Util
* Writing JUnit test case 'ConnectionSpec_ESTest' to temp/testcases
* Done!

* Computation finished
