* EvoSuite 1.0.6-SNAPSHOT
* Going to generate test cases for class: com.google.re2j.Machine
* Starting client
* Connecting to master process on port 21513
* Analyzing classpath: 
  - /var/benchmarks/projects/re2j/target/classes
  - /var/benchmarks/projects/re2j/target/classes
* Finished analyzing classpath
* Generating tests for class com.google.re2j.Machine
* Test criteria:
  - Line Coverage
  - Branch Coverage
  - Exception
  - Mutation testing (weak)
  - Method-Output Coverage
  - Top-Level Method Coverage
  - No-Exception Top-Level Method Coverage
  - Context Branch Coverage
* Setting up search algorithm for whole suite generation
* Total number of test goals: 
  - Line 195
  - Branch 168
  - Exception 0
  - MutationFactory 538
  - Output 5
  - Method 7
  - MethodNoException 7
  - CBranchFitnessFactory 168
* Using seed 1517345954271
* Starting evolution
[MASTER] 22:00:13.150 [logback-2] ERROR TestCluster - Failed to check cache for java.util.List<E> : Type points to itself
* Search finished after 72s and 50 generations, 34256 statements, best individual has fitness: 166.85714285714286
* Minimizing test suite
* Generated 23 tests with total length 415
* Resulting test suite's coverage: 79% (average coverage for all fitness functions)
[MASTER] 22:00:48.514 [logback-1] WARN  TestSuiteMinimizer - Minimization timeout. Roll back to original test suite
* Generating assertions
[MASTER] 22:00:48.517 [logback-1] WARN  TimeController - Phase MINIMIZATION lasted too long, 6 seconds more than allowed.
* Compiling and checking tests
* Writing JUnit test case 'Machine_ESTest' to temp/testcases
* Done!

* Computation finished
