* EvoSuite 1.0.6-SNAPSHOT
* Going to generate test cases for class: com.google.gson.internal.bind.JsonTreeReader
* Starting client
* Connecting to master process on port 17132
* Analyzing classpath: 
  - /var/benchmarks/projects/gson/gson/target/classes
  - /var/benchmarks/projects/gson/gson/target/classes
* Finished analyzing classpath
* Generating tests for class com.google.gson.internal.bind.JsonTreeReader
* Test criteria:
  - Line Coverage
  - Branch Coverage
  - Exception
  - Mutation testing (weak)
  - Method-Output Coverage
  - Top-Level Method Coverage
  - No-Exception Top-Level Method Coverage
  - Context Branch Coverage
* Setting up search algorithm for whole suite generation
* Total number of test goals: 
  - Line 165
  - Branch 99
  - Exception 0
  - MutationFactory 413
  - Output 27
  - Method 19
  - MethodNoException 19
  - CBranchFitnessFactory 99
* Using seed 1517346467478
* Starting evolution
[MASTER] 22:07:50.199 [logback-2] ERROR TestCluster - Failed to check cache for java.util.AbstractMap<K, V>.SimpleEntry<K, V> : Type points to itself
[MASTER] 22:07:50.199 [logback-2] ERROR TestCluster - Failed to check cache for java.util.AbstractMap<K, V>.SimpleImmutableEntry<K, V> : Type points to itself
[MASTER] 22:07:53.968 [logback-2] ERROR TestCluster - Failed to check cache for java.util.Comparator<T> : Type points to itself
* Search finished after 72s and 334 generations, 49392 statements, best individual has fitness: 136.9611111111111
* Minimizing test suite
* Generated 70 tests with total length 312
* Resulting test suite's coverage: 86% (average coverage for all fitness functions)
* Generating assertions
* Compiling and checking tests
[MASTER] 22:09:07.399 [logback-2] ERROR ClassStateSupport - Could not initialize com.google.gson.internal.bind.JsonTreeWriter: com/google/gson/internal/bind/JsonTreeWriter$1
[MASTER] 22:09:15.541 [logback-1] WARN  TimeController - Phase JUNIT_CHECK lasted too long, 1 seconds more than allowed.
* Writing JUnit test case 'JsonTreeReader_ESTest' to temp/testcases
* Done!

* Computation finished
