* EvoSuite 1.0.6-SNAPSHOT
* Going to generate test cases for class: org.la4j.matrix.sparse.CRSMatrix
* Starting client
* Connecting to master process on port 19202
* Analyzing classpath: 
  - /var/benchmarks/projects/la4j-0.6.0/target/classes
  - /var/benchmarks/projects/la4j-0.6.0/target/classes
* Finished analyzing classpath
* Generating tests for class org.la4j.matrix.sparse.CRSMatrix
* Test criteria:
  - Line Coverage
  - Branch Coverage
  - Exception
  - Mutation testing (weak)
  - Method-Output Coverage
  - Top-Level Method Coverage
  - No-Exception Top-Level Method Coverage
  - Context Branch Coverage
* Setting up search algorithm for whole suite generation
* Total number of test goals: 
  - Line 411
  - Branch 309
  - Exception 0
  - MutationFactory 817
  - Output 318
  - Method 41
  - MethodNoException 41
  - CBranchFitnessFactory 309
* Using seed 1517346923593
* Starting evolution
[MASTER] 22:15:28.888 [logback-2] ERROR TestCluster - Failed to check cache for org.la4j.operation.MatrixOperation<R> : Type points to itself
[MASTER] 22:16:50.114 [logback-1] WARN  TimeController - Operation 'update from archive' took too long: 11991ms
* Search finished after 84s and 12 generations, 5667 statements, best individual has fitness: 1396.3264857523825
[MASTER] 22:16:50.181 [logback-1] WARN  TimeController - Phase SEARCH lasted too long, 13 seconds more than allowed.
* Minimizing test suite
* Generated 96 tests with total length 916
[MASTER] 22:17:04.530 [logback-1] WARN  TestSuiteMinimizer - Minimization timeout. Roll back to original test suite
* Resulting test suite's coverage: 70% (average coverage for all fitness functions)
* Generating assertions
* Skipping assertion generation because not enough time is left
* Compiling and checking tests
* Writing JUnit test case 'CRSMatrix_ESTest' to temp/testcases
[MASTER] 22:17:27.485 [logback-1] WARN  TimeController - Phase WRITING_TESTS lasted too long, 6 seconds more than allowed.
* Done!

* Computation finished
