* EvoSuite 1.0.6-SNAPSHOT
* Going to generate test cases for class: com.google.gson.internal.LinkedTreeMap
* Starting client
* Connecting to master process on port 18825
* Analyzing classpath: 
  - /var/benchmarks/projects/gson/gson/target/classes
  - /var/benchmarks/projects/gson/gson/target/classes
* Finished analyzing classpath
* Generating tests for class com.google.gson.internal.LinkedTreeMap
* Test criteria:
  - Line Coverage
  - Branch Coverage
  - Exception
  - Mutation testing (weak)
  - Method-Output Coverage
  - Top-Level Method Coverage
  - No-Exception Top-Level Method Coverage
  - Context Branch Coverage
* Setting up search algorithm for whole suite generation
* Total number of test goals: 
  - Line 268
  - Branch 214
  - Exception 0
  - MutationFactory 288
  - Output 31
  - Method 39
  - MethodNoException 39
  - CBranchFitnessFactory 214
* Using seed 1517347051345
* Starting evolution
[MASTER] 22:17:34.150 [logback-2] ERROR TestCluster - Failed to check cache for java.util.AbstractMap<K, V>.SimpleEntry<K, V> : Type points to itself
[MASTER] 22:17:34.151 [logback-2] ERROR TestCluster - Failed to check cache for java.util.AbstractMap<K, V>.SimpleImmutableEntry<K, V> : Type points to itself
[MASTER] 22:17:34.188 [logback-2] ERROR TestCluster - Failed to check cache for java.util.stream.BaseStream<T, S> : Type points to itself
[MASTER] 22:17:45.114 [logback-2] ERROR TestCluster - Failed to check cache for java.util.Comparator<T> : Type points to itself
[MASTER] 22:17:45.331 [logback-2] ERROR TestCluster - Failed to check cache for java.util.function.BiFunction<T, U, R> : Type points to itself
[MASTER] 22:17:51.372 [logback-2] ERROR TestCluster - Failed to check cache for java.util.function.BiConsumer<T, U> : Type points to itself
[MASTER] 22:18:27.388 [logback-2] ERROR TestCluster - Failed to check cache for java.util.function.Function<T, R> : Type points to itself
* Search finished after 75s and 1 generations, 2980 statements, best individual has fitness: 1837.642857142857
* Minimizing test suite
* Generated 41 tests with total length 188
* Resulting test suite's coverage: 64% (average coverage for all fitness functions)
* Generating assertions
* Compiling and checking tests
* Writing JUnit test case 'LinkedTreeMap_ESTest' to temp/testcases
* Done!

* Computation finished
