* EvoSuite 1.0.6-SNAPSHOT
* Going to generate test cases for class: com.google.gson.stream.JsonReader
* Starting client
* Connecting to master process on port 14554
* Analyzing classpath: 
  - /var/benchmarks/projects/gson/gson/target/classes
  - /var/benchmarks/projects/gson/gson/target/classes
* Finished analyzing classpath
* Generating tests for class com.google.gson.stream.JsonReader
* Test criteria:
  - Line Coverage
  - Branch Coverage
  - Exception
  - Mutation testing (weak)
  - Method-Output Coverage
  - Top-Level Method Coverage
  - No-Exception Top-Level Method Coverage
  - Context Branch Coverage
* Setting up search algorithm for whole suite generation
* Total number of test goals: 
  - Line 668
  - Branch 667
  - Exception 0
  - MutationFactory 710
  - Output 32
  - Method 21
  - MethodNoException 21
  - CBranchFitnessFactory 667
* Using seed 1516822745561
* Starting evolution
[MASTER] 20:40:59.982 [logback-1] WARN  TimeController - Operation 'update from archive' took too long: 38322ms
* Search finished after 111s and 5 generations, 2500 statements, best individual has fitness: 5379.017679475814
[MASTER] 20:41:00.031 [logback-1] WARN  TimeController - Phase SEARCH lasted too long, 41 seconds more than allowed.
* Skipping minimization because not enough time is left
* Generated 60 tests with total length 662
* Resulting test suite's coverage: 31% (average coverage for all fitness functions)
* Generating assertions
* Skipping assertion generation because not enough time is left
* Compiling and checking tests
* Writing JUnit test case 'JsonReader_ESTest' to temp/testcases
* Done!

* Computation finished
