* EvoSuite 1.0.6-SNAPSHOT
* Going to generate test cases for class: org.apache.commons.jxpath.util.BasicTypeConverter
* Starting client
* Connecting to master process on port 14105
* Analyzing classpath: 
  - /var/benchmarks/projects/commons-jxpath-1.3-src/target/classes
  - /var/benchmarks/projects/commons-jxpath-1.3-src/target/classes
* Finished analyzing classpath
* Generating tests for class org.apache.commons.jxpath.util.BasicTypeConverter
* Test criteria:
  - Line Coverage
  - Branch Coverage
  - Exception
  - Mutation testing (weak)
  - Method-Output Coverage
  - Top-Level Method Coverage
  - No-Exception Top-Level Method Coverage
  - Context Branch Coverage
* Setting up search algorithm for whole suite generation
* Total number of test goals: 
  - Line 265
  - Branch 325
  - Exception 0
  - MutationFactory 221
  - Output 33
  - Method 21
  - MethodNoException 21
  - CBranchFitnessFactory 325
* Using seed 1517343608597
* Starting evolution
[MASTER] 21:20:11.248 [logback-2] ERROR TestCluster - Failed to check cache for java.util.LinkedList<E> : Type points to itself
[MASTER] 21:20:11.260 [logback-2] ERROR TestCluster - Failed to check cache for java.util.LinkedHashSet<E> : Type points to itself
[MASTER] 21:20:11.268 [logback-2] ERROR TestCluster - Failed to check cache for java.util.TreeSet<E> : Type points to itself
[MASTER] 21:20:13.331 [logback-2] ERROR TestCluster - Failed to check cache for java.util.Comparator<T> : Type points to itself
[MASTER] 21:20:46.259 [logback-2] ERROR TestCluster - Failed to check cache for java.util.Collection<E> : Type points to itself
[MASTER] 21:20:46.390 [logback-2] ERROR TestCluster - Failed to check cache for java.util.List<E> : Type points to itself
[MASTER] 21:20:55.086 [logback-2] ERROR TestCluster - Failed to check cache for java.util.SortedSet<E> : Type points to itself
[MASTER] 21:20:58.139 [logback-2] ERROR TestCluster - Failed to check cache for java.util.function.UnaryOperator<T> : Type points to itself
[MASTER] 21:21:10.727 [logback-2] ERROR TestCluster - Failed to check cache for java.util.function.Predicate<T> : Type points to itself
* Search finished after 71s and 271 generations, 118548 statements, best individual has fitness: 1145.6190821159355
* Minimizing test suite
* Generated 35 tests with total length 141
* Resulting test suite's coverage: 57% (average coverage for all fitness functions)
* Generating assertions
* Compiling and checking tests
* Writing JUnit test case 'BasicTypeConverter_ESTest' to temp/testcases
* Done!

* Computation finished
