* EvoSuite 1.0.6-SNAPSHOT
* Going to generate test cases for class: com.google.gson.internal.bind.ReflectiveTypeAdapterFactory
* Starting client
* Connecting to master process on port 6562
* Analyzing classpath: 
  - /var/benchmarks/projects/gson/gson/target/classes
  - /var/benchmarks/projects/gson/gson/target/classes
* Finished analyzing classpath
* Generating tests for class com.google.gson.internal.bind.ReflectiveTypeAdapterFactory
* Test criteria:
  - Line Coverage
  - Branch Coverage
  - Exception
  - Mutation testing (weak)
  - Method-Output Coverage
  - Top-Level Method Coverage
  - No-Exception Top-Level Method Coverage
  - Context Branch Coverage
* Setting up search algorithm for whole suite generation
* Total number of test goals: 
  - Line 117
  - Branch 65
  - Exception 0
  - MutationFactory 115
  - Output 6
  - Method 10
  - MethodNoException 10
  - CBranchFitnessFactory 65
* Using seed 1517347634218
* Starting evolution
[MASTER] 22:28:01.819 [logback-2] ERROR TestCluster - Failed to check cache for com.google.gson.internal.bind.ReflectiveTypeAdapterFactory.Adapter<T> : Type points to itself
[MASTER] 22:28:01.820 [logback-2] ERROR TestCluster - Failed to check cache for com.google.gson.internal.ObjectConstructor<T> : Type points to itself
[MASTER] 22:28:03.832 [logback-1] WARN  TestChromosome - Functional mock problem: org.evosuite.ga.ConstructionFailedException: Failed to add constructor for com.google.gson.internal.ConstructorConstructor due to org.evosuite.ga.ConstructionFailedException: Error: VariableReference: Statement 0, type java.util.Map<java.lang.reflect.Type, com.google.gson.InstanceCreator<org.evosuite.runtime.mock.java.time.chrono.MockMinguoDate>> is not assignable to java.util.Map<java.lang.reflect.Type, com.google.gson.InstanceCreator<?>>
[MASTER] 22:28:04.216 [logback-1] WARN  TestChromosome - Functional mock problem: org.evosuite.ga.ConstructionFailedException: Have no generator for class com.google.gson.internal.bind.ReflectiveTypeAdapterFactory$BoundField canUseFunctionalMocks=true, canBeMocked: false
[MASTER] 22:28:07.420 [logback-1] WARN  TestChromosome - Functional mock problem: org.evosuite.ga.ConstructionFailedException: Failed to add constructor for com.google.gson.internal.ConstructorConstructor due to org.evosuite.ga.ConstructionFailedException: Error: VariableReference: Statement 0, type java.util.Map<java.lang.reflect.Type, com.google.gson.InstanceCreator<org.evosuite.runtime.mock.java.time.chrono.MockJapaneseDate>> is not assignable to java.util.Map<java.lang.reflect.Type, com.google.gson.InstanceCreator<?>>
[MASTER] 22:28:07.644 [logback-1] WARN  TestChromosome - Functional mock problem: org.evosuite.ga.ConstructionFailedException: Failed to add constructor for com.google.gson.internal.ConstructorConstructor due to org.evosuite.ga.ConstructionFailedException: Error: VariableReference: Statement 9, type java.util.HashMap<java.lang.reflect.Type, com.google.gson.InstanceCreator<org.evosuite.runtime.mock.java.time.chrono.MockJapaneseDate>> is not assignable to java.util.Map<java.lang.reflect.Type, com.google.gson.InstanceCreator<?>>
[MASTER] 22:28:07.803 [logback-2] ERROR TestCluster - Failed to check cache for java.util.Collection<E> : Type points to itself
[MASTER] 22:28:09.653 [logback-1] WARN  TestChromosome - Functional mock problem: org.evosuite.ga.ConstructionFailedException: Failed to add constructor for com.google.gson.internal.ConstructorConstructor due to org.evosuite.ga.ConstructionFailedException: Error: VariableReference: Statement 10, type java.util.Map<java.lang.reflect.Type, com.google.gson.InstanceCreator<java.lang.reflect.Type>> is not assignable to java.util.Map<java.lang.reflect.Type, com.google.gson.InstanceCreator<?>>
[MASTER] 22:28:09.713 [logback-1] WARN  TestChromosome - Functional mock problem: org.evosuite.ga.ConstructionFailedException: Failed to add constructor for com.google.gson.internal.ConstructorConstructor due to org.evosuite.ga.ConstructionFailedException: Error: VariableReference: Statement 10, type java.util.Map<java.lang.reflect.Type, com.google.gson.InstanceCreator<java.lang.Integer>> is not assignable to java.util.Map<java.lang.reflect.Type, com.google.gson.InstanceCreator<?>>
[MASTER] 22:28:13.213 [logback-1] WARN  TestChromosome - Functional mock problem: org.evosuite.ga.ConstructionFailedException: Have no generator for class com.google.gson.internal.ConstructorConstructor canUseFunctionalMocks=false, canBeMocked: true
[MASTER] 22:28:13.571 [logback-2] ERROR TestCluster - Failed to check cache for java.util.Iterator<E> : Type points to itself
[MASTER] 22:28:14.208 [logback-1] WARN  TestChromosome - Functional mock problem: org.evosuite.ga.ConstructionFailedException: Have no generator for class java.time.chrono.JapaneseChronology canUseFunctionalMocks=true, canBeMocked: false
[MASTER] 22:28:14.379 [logback-1] WARN  TestChromosome - Functional mock problem: org.evosuite.ga.ConstructionFailedException: Failed to add constructor for com.google.gson.internal.ConstructorConstructor due to org.evosuite.ga.ConstructionFailedException: Error: VariableReference: Statement 12, type java.util.HashMap<java.lang.reflect.Type, com.google.gson.InstanceCreator<org.evosuite.runtime.mock.java.time.chrono.MockHijrahDate>> is not assignable to java.util.Map<java.lang.reflect.Type, com.google.gson.InstanceCreator<?>>
[MASTER] 22:28:15.193 [logback-1] WARN  TestChromosome - Functional mock problem: org.evosuite.ga.ConstructionFailedException: Failed to add constructor for com.google.gson.internal.ConstructorConstructor due to org.evosuite.ga.ConstructionFailedException: Error: VariableReference: Statement 0, type java.util.Map<java.lang.reflect.Type, com.google.gson.InstanceCreator<java.lang.Object>> is not assignable to java.util.Map<java.lang.reflect.Type, com.google.gson.InstanceCreator<?>>
[MASTER] 22:28:15.277 [logback-1] WARN  TestChromosome - Functional mock problem: org.evosuite.ga.ConstructionFailedException: Failed to add constructor for com.google.gson.internal.ConstructorConstructor due to org.evosuite.ga.ConstructionFailedException: Error: VariableReference: Statement 0, type java.util.Map<java.lang.reflect.Type, com.google.gson.InstanceCreator<java.lang.reflect.Type>> is not assignable to java.util.Map<java.lang.reflect.Type, com.google.gson.InstanceCreator<?>>
[MASTER] 22:28:15.412 [logback-1] WARN  TestChromosome - Functional mock problem: org.evosuite.ga.ConstructionFailedException: Have no generator for class java.lang.reflect.Field canUseFunctionalMocks=false, canBeMocked: false
[MASTER] 22:28:17.166 [logback-1] WARN  TestChromosome - Functional mock problem: org.evosuite.ga.ConstructionFailedException: Have no generator for class java.time.chrono.ThaiBuddhistChronology canUseFunctionalMocks=true, canBeMocked: false
[MASTER] 22:28:18.189 [logback-1] WARN  TestChromosome - Functional mock problem: org.evosuite.ga.ConstructionFailedException: Failed to add constructor for com.google.gson.internal.ConstructorConstructor due to org.evosuite.ga.ConstructionFailedException: Error: VariableReference: Statement 0, type java.util.Map<java.lang.reflect.Type, com.google.gson.InstanceCreator<java.lang.String>> is not assignable to java.util.Map<java.lang.reflect.Type, com.google.gson.InstanceCreator<?>>
[MASTER] 22:28:19.376 [logback-1] WARN  TestChromosome - Functional mock problem: org.evosuite.ga.ConstructionFailedException: Failed to add constructor for com.google.gson.internal.ConstructorConstructor due to org.evosuite.ga.ConstructionFailedException: Error: VariableReference: Statement 0, type java.util.Map<java.lang.reflect.Type, com.google.gson.InstanceCreator<java.lang.Integer>> is not assignable to java.util.Map<java.lang.reflect.Type, com.google.gson.InstanceCreator<?>>
[MASTER] 22:28:19.793 [logback-1] WARN  TestChromosome - Functional mock problem: org.evosuite.ga.ConstructionFailedException: Failed to add constructor for com.google.gson.internal.ConstructorConstructor due to org.evosuite.ga.ConstructionFailedException: Error: VariableReference: Statement 0, type java.util.HashMap<java.lang.reflect.Type, com.google.gson.InstanceCreator<java.lang.reflect.Type>> is not assignable to java.util.Map<java.lang.reflect.Type, com.google.gson.InstanceCreator<?>>
[MASTER] 22:28:22.729 [logback-1] WARN  TestChromosome - Functional mock problem: org.evosuite.ga.ConstructionFailedException: Failed to add constructor for com.google.gson.internal.ConstructorConstructor due to org.evosuite.ga.ConstructionFailedException: Error: VariableReference: Statement 0, type java.util.Map<java.lang.reflect.Type, com.google.gson.InstanceCreator<java.time.chrono.ChronoLocalDate>> is not assignable to java.util.Map<java.lang.reflect.Type, com.google.gson.InstanceCreator<?>>
[MASTER] 22:28:25.582 [logback-1] WARN  TestChromosome - Functional mock problem: org.evosuite.ga.ConstructionFailedException: Failed to add constructor for com.google.gson.internal.ConstructorConstructor due to org.evosuite.ga.ConstructionFailedException: Error: VariableReference: Statement 0, type java.util.Map<java.lang.reflect.Type, com.google.gson.InstanceCreator<org.evosuite.runtime.mock.java.time.chrono.MockHijrahDate>> is not assignable to java.util.Map<java.lang.reflect.Type, com.google.gson.InstanceCreator<?>>
* Search finished after 71s and 30 generations, 20081 statements, best individual has fitness: 154.16666666666669
* Minimizing test suite
* Generated 11 tests with total length 74
* Resulting test suite's coverage: 59% (average coverage for all fitness functions)
* Generating assertions
* Compiling and checking tests
[MASTER] 22:28:32.048 [logback-1] WARN  JUnitAnalyzer - Found unstable test named test0 -> class java.lang.AssertionError: Expecting exception: IllegalArgumentException
[MASTER] 22:28:32.049 [logback-1] WARN  JUnitAnalyzer - Failing test:
 ConstructorConstructor constructorConstructor0 = mock(ConstructorConstructor.class, new ViolatedAssumptionAnswer());
doReturn((ObjectConstructor) null).when(constructorConstructor0).get(any(com.google.gson.reflect.TypeToken.class));
String string0 = null;
FieldNamingStrategy fieldNamingStrategy0 = mock(FieldNamingStrategy.class, new ViolatedAssumptionAnswer());
doReturn(string0, string0).when(fieldNamingStrategy0).translateName(any(java.lang.reflect.Field.class));
boolean boolean0 = true;
Excluder excluder0 = mock(Excluder.class, new ViolatedAssumptionAnswer());
doReturn(boolean0, boolean0, boolean0, boolean0).when(excluder0).excludeClass(any(java.lang.Class.class) , anyBoolean());
doReturn(boolean0, boolean0, boolean0, boolean0).when(excluder0).excludeField(any(java.lang.reflect.Field.class) , anyBoolean());
JsonAdapterAnnotationTypeAdapterFactory jsonAdapterAnnotationTypeAdapterFactory0 = new JsonAdapterAnnotationTypeAdapterFactory(constructorConstructor0);
assertNotNull(jsonAdapterAnnotationTypeAdapterFactory0);

ReflectiveTypeAdapterFactory reflectiveTypeAdapterFactory0 = new ReflectiveTypeAdapterFactory(constructorConstructor0, fieldNamingStrategy0, excluder0, jsonAdapterAnnotationTypeAdapterFactory0);
assertNotNull(reflectiveTypeAdapterFactory0);

Gson gson0 = new Gson();
assertFalse(gson0.serializeNulls());
assertTrue(gson0.htmlSafe());
assertNotNull(gson0);

Class<ReflectiveTypeAdapterFactory.BoundField> class0 = ReflectiveTypeAdapterFactory.BoundField.class;
TypeToken<ReflectiveTypeAdapterFactory.BoundField> typeToken0 = TypeToken.get(class0);
assertNotNull(typeToken0);

reflectiveTypeAdapterFactory0.create(gson0, typeToken0);

* Permissions denied during test execution: 
  - java.lang.RuntimePermission: 
         writeFileDescriptor: 4
* Writing JUnit test case 'ReflectiveTypeAdapterFactory_ESTest' to temp/testcases
* Done!

* Computation finished
