* EvoSuite 1.0.6-SNAPSHOT
* Going to generate test cases for class: org.la4j.matrix.dense.Basic1DMatrix
* Starting client
* Connecting to master process on port 15847
* Analyzing classpath: 
  - /var/benchmarks/projects/la4j-0.6.0/target/classes
  - /var/benchmarks/projects/la4j-0.6.0/target/classes
* Finished analyzing classpath
* Generating tests for class org.la4j.matrix.dense.Basic1DMatrix
* Test criteria:
  - Line Coverage
  - Branch Coverage
  - Exception
  - Mutation testing (weak)
  - Method-Output Coverage
  - Top-Level Method Coverage
  - No-Exception Top-Level Method Coverage
  - Context Branch Coverage
* Setting up search algorithm for whole suite generation
* Total number of test goals: 
  - Line 116
  - Branch 81
  - Exception 0
  - MutationFactory 839
  - Output 125
  - Method 27
  - MethodNoException 27
  - CBranchFitnessFactory 81
* Using seed 1517347519788
* Starting evolution
[MASTER] 22:25:25.053 [logback-2] ERROR TestCluster - Failed to check cache for org.la4j.operation.MatrixOperation<R> : Type points to itself
* Search finished after 73s and 34 generations, 15537 statements, best individual has fitness: 549.5222222222222
* Minimizing test suite
[MASTER] 22:26:42.961 [logback-1] WARN  ExecutionTrace - Popping method zero(II)Lorg/la4j/matrix/dense/Basic1DMatrix; because we were looking for <init>(II)V
[MASTER] 22:26:42.961 [logback-1] WARN  ExecutionTrace - Current stack: [org.la4j.matrix.dense.Basic1DMatrix:zero(II)Lorg/la4j/matrix/dense/Basic1DMatrix;
Branches: 
True Distances: 
False Distances: 
, :
Branches: 
True Distances: 
False Distances: 
]
[MASTER] 22:26:53.317 [logback-1] WARN  ExecutionTrace - Popping method zero(II)Lorg/la4j/matrix/dense/Basic1DMatrix; because we were looking for <init>(II)V
[MASTER] 22:26:53.317 [logback-1] WARN  ExecutionTrace - Current stack: [org.la4j.matrix.dense.Basic1DMatrix:zero(II)Lorg/la4j/matrix/dense/Basic1DMatrix;
Branches: 
True Distances: 
False Distances: 
, :
Branches: 
True Distances: 
False Distances: 
]
* Generated 81 tests with total length 727
[MASTER] 22:26:53.939 [logback-1] WARN  TestSuiteMinimizer - Minimization timeout. Roll back to original test suite
* Resulting test suite's coverage: 88% (average coverage for all fitness functions)
* Generating assertions
[MASTER] 22:26:53.942 [logback-1] WARN  TimeController - Phase MINIMIZATION lasted too long, 4 seconds more than allowed.
* Compiling and checking tests
[MASTER] 22:27:09.030 [logback-1] WARN  TimeController - Phase JUNIT_CHECK lasted too long, 2 seconds more than allowed.
* Writing JUnit test case 'Basic1DMatrix_ESTest' to temp/testcases
* Done!

* Computation finished
