* EvoSuite 1.0.6-SNAPSHOT
* Going to generate test cases for class: org.apache.bcel.verifier.structurals.LocalVariables
* Starting client
* Connecting to master process on port 6188
* Analyzing classpath: 
  - /var/benchmarks/projects/bcel-6.0-src/target/classes
  - /var/benchmarks/projects/bcel-6.0-src/target/classes
* Finished analyzing classpath
* Generating tests for class org.apache.bcel.verifier.structurals.LocalVariables
* Test criteria:
  - Line Coverage
  - Branch Coverage
  - Exception
  - Mutation testing (weak)
  - Method-Output Coverage
  - Top-Level Method Coverage
  - No-Exception Top-Level Method Coverage
  - Context Branch Coverage
* Setting up search algorithm for whole suite generation
* Total number of test goals: 
  - Line 62
  - Branch 58
  - Exception 0
  - MutationFactory 163
  - Output 21
  - Method 11
  - MethodNoException 11
  - CBranchFitnessFactory 58
* Using seed 1517342234762
* Starting evolution
[MASTER] 20:57:34.746 [logback-2] ERROR TestCluster - Failed to check cache for java.util.Enumeration<E> : Type points to itself
* Search finished after 77s and 9 generations, 3904 statements, best individual has fitness: 153.5144230769231
* Minimizing test suite
* Generated 20 tests with total length 318
* Resulting test suite's coverage: 75% (average coverage for all fitness functions)
[MASTER] 20:58:50.012 [logback-1] WARN  TestSuiteMinimizer - Minimization timeout. Roll back to original test suite
* Generating assertions
* Compiling and checking tests
* Writing JUnit test case 'LocalVariables_ESTest' to temp/testcases
* Done!

* Computation finished
