* EvoSuite 1.0.6-SNAPSHOT
* Going to generate test cases for class: org.freehep.math.minuit.MnFunctionCross
* Starting client
* Connecting to master process on port 6870
* Analyzing classpath: 
  - /var/benchmarks/projects/freehep/math/freehep-jminuit/target/classes
  - /var/benchmarks/projects/freehep/math/freehep-jminuit/target/classes
* Finished analyzing classpath
* Generating tests for class org.freehep.math.minuit.MnFunctionCross
* Test criteria:
  - Line Coverage
  - Branch Coverage
  - Exception
  - Mutation testing (weak)
  - Method-Output Coverage
  - Top-Level Method Coverage
  - No-Exception Top-Level Method Coverage
  - Context Branch Coverage
* Setting up search algorithm for whole suite generation
* Total number of test goals: 
  - Line 219
  - Branch 161
  - Exception 0
  - MutationFactory 108
  - Output 2
  - Method 2
  - MethodNoException 2
  - CBranchFitnessFactory 161
* Using seed 1517344929167
* Starting evolution
* Search finished after 71s and 117 generations, 96190 statements, best individual has fitness: 219.43611110031569
* Minimizing test suite
* Generated 18 tests with total length 207
* Resulting test suite's coverage: 83% (average coverage for all fitness functions)
* Generating assertions
* Compiling and checking tests
* Writing JUnit test case 'MnFunctionCross_ESTest' to temp/testcases
* Done!

* Computation finished
