* EvoSuite 1.0.6-SNAPSHOT
* Going to generate test cases for class: org.apache.bcel.util.Class2HTML
* Starting client
* Connecting to master process on port 16261
* Analyzing classpath: 
  - /var/benchmarks/projects/bcel-6.0-src/target/classes
  - /var/benchmarks/projects/bcel-6.0-src/target/classes
  - /var/benchmarks/projects/bcel-6.0-src/target/bcel-6.0-tests.jar
* Finished analyzing classpath
* Generating tests for class org.apache.bcel.util.Class2HTML
* Test criteria:
  - Line Coverage
  - Branch Coverage
  - Exception
  - Mutation testing (weak)
  - Method-Output Coverage
  - Top-Level Method Coverage
  - No-Exception Top-Level Method Coverage
  - Context Branch Coverage
* Setting up search algorithm for whole suite generation
* Total number of test goals: 
  - Line 84
  - Branch 53
  - Exception 0
  - MutationFactory 344
  - Output 9
  - Method 5
  - MethodNoException 5
  - CBranchFitnessFactory 53
* Using seed 1517342446651
* Starting evolution
* Search finished after 73s and 19 generations, 7362 statements, best individual has fitness: 132.93614718059385
* Minimizing test suite
* Generated 19 tests with total length 168
* Resulting test suite's coverage: 81% (average coverage for all fitness functions)
[MASTER] 21:02:21.102 [logback-1] WARN  TestSuiteMinimizer - Minimization timeout. Roll back to original test suite
* Generating assertions
[MASTER] 21:02:21.105 [logback-1] WARN  TimeController - Phase MINIMIZATION lasted too long, 4 seconds more than allowed.
* Compiling and checking tests
[MASTER] 21:02:31.916 [logback-2] ERROR ClassStateSupport - Could not initialize org.apache.bcel.generic.Type: org/apache/bcel/generic/ReferenceType
[MASTER] 21:02:32.115 [logback-2] ERROR ClassStateSupport - Could not initialize org.apache.bcel.generic.Type: org/apache/bcel/generic/Type$1
[MASTER] 21:02:32.294 [logback-2] ERROR ClassStateSupport - Could not initialize org.apache.bcel.generic.ReferenceType: org/apache/bcel/generic/Type$2
[MASTER] 21:02:32.308 [logback-2] ERROR ClassStateSupport - Could not initialize org.apache.bcel.generic.Type: org/apache/bcel/generic/Type$3
[MASTER] 21:02:32.460 [logback-2] ERROR ClassStateSupport - Could not initialize org.apache.bcel.generic.ReferenceType: org/apache/bcel/generic/BasicType
[MASTER] 21:02:32.472 [logback-2] ERROR ClassStateSupport - Could not initialize org.apache.bcel.generic.Type: org/apache/bcel/generic/ArrayType
[MASTER] 21:02:32.480 [logback-2] ERROR ClassStateSupport - Could not initialize org.apache.bcel.generic.Type$2: org/apache/bcel/generic/ObjectType
[MASTER] 21:02:36.230 [logback-2] ERROR JUnitAnalyzer - Ran out of time while checking tests
* Writing JUnit test case 'Class2HTML_ESTest' to temp/testcases
* Done!

* Computation finished
