* EvoSuite 1.0.6-SNAPSHOT
* Going to generate test cases for class: com.google.gson.internal.LinkedHashTreeMap
* Starting client
* Connecting to master process on port 17933
* Analyzing classpath: 
  - /var/benchmarks/projects/gson/gson/target/classes
  - /var/benchmarks/projects/gson/gson/target/classes
* Finished analyzing classpath
* Generating tests for class com.google.gson.internal.LinkedHashTreeMap
* Test criteria:
  - Line Coverage
  - Branch Coverage
  - Exception
  - Mutation testing (weak)
  - Method-Output Coverage
  - Top-Level Method Coverage
  - No-Exception Top-Level Method Coverage
  - Context Branch Coverage
* Setting up search algorithm for whole suite generation
* Total number of test goals: 
  - Line 379
  - Branch 262
  - Exception 0
  - MutationFactory 592
  - Output 34
  - Method 47
  - MethodNoException 47
  - CBranchFitnessFactory 262
* Using seed 1517347199913
* Starting evolution
[MASTER] 22:20:02.899 [logback-2] ERROR TestCluster - Failed to check cache for java.util.AbstractMap<K, V>.SimpleEntry<K, V> : Type points to itself
[MASTER] 22:20:02.900 [logback-2] ERROR TestCluster - Failed to check cache for java.util.AbstractMap<K, V>.SimpleImmutableEntry<K, V> : Type points to itself
[MASTER] 22:20:02.942 [logback-2] ERROR TestCluster - Failed to check cache for java.util.stream.BaseStream<T, S> : Type points to itself
[MASTER] 22:20:16.955 [logback-2] ERROR TestCluster - Failed to check cache for java.util.Comparator<T> : Type points to itself
[MASTER] 22:20:22.407 [logback-2] ERROR TestCluster - Failed to check cache for java.util.function.BiFunction<T, U, R> : Type points to itself
[MASTER] 22:20:34.331 [logback-2] ERROR TestCluster - Failed to check cache for java.util.function.BiConsumer<T, U> : Type points to itself
* Search finished after 72s and 0 generations, 1786 statements, best individual has fitness: 2364.7619047619046
* Minimizing test suite
* Generated 45 tests with total length 191
* Resulting test suite's coverage: 57% (average coverage for all fitness functions)
* Generating assertions
* Compiling and checking tests
* Writing JUnit test case 'LinkedHashTreeMap_ESTest' to temp/testcases
* Done!

* Computation finished
