* EvoSuite 1.0.6-SNAPSHOT
* Going to generate test cases for class: org.apache.commons.jxpath.util.MethodLookupUtils
* Starting client
* Connecting to master process on port 21450
* Analyzing classpath: 
  - /var/benchmarks/projects/commons-jxpath-1.3-src/target/classes
  - /var/benchmarks/projects/commons-jxpath-1.3-src/target/classes
* Finished analyzing classpath
* Generating tests for class org.apache.commons.jxpath.util.MethodLookupUtils
* Test criteria:
  - Line Coverage
  - Branch Coverage
  - Exception
  - Mutation testing (weak)
  - Method-Output Coverage
  - Top-Level Method Coverage
  - No-Exception Top-Level Method Coverage
  - Context Branch Coverage
* Setting up search algorithm for whole suite generation
* Total number of test goals: 
  - Line 139
  - Branch 103
  - Exception 0
  - MutationFactory 284
  - Output 34
  - Method 4
  - MethodNoException 4
  - CBranchFitnessFactory 103
* Using seed 1517342136159
* Starting evolution
[MASTER] 20:55:42.499 [logback-2] ERROR TestCluster - Failed to check cache for java.lang.reflect.Constructor<T> : Type points to itself
* Search finished after 71s and 125 generations, 99766 statements, best individual has fitness: 116.41428570612342
* Minimizing test suite
* Generated 21 tests with total length 107
* Resulting test suite's coverage: 85% (average coverage for all fitness functions)
* Generating assertions
[MASTER] 20:57:07.612 [logback-1] WARN  TimeController - Phase MINIMIZATION lasted too long, 4 seconds more than allowed.
* Compiling and checking tests
* Writing JUnit test case 'MethodLookupUtils_ESTest' to temp/testcases
* Done!

* Computation finished
