* EvoSuite 1.0.6-SNAPSHOT
* Going to generate test cases for class: org.apache.commons.jxpath.util.ValueUtils
* Starting client
* Connecting to master process on port 4269
* Analyzing classpath: 
  - /var/benchmarks/projects/commons-jxpath-1.3-src/target/classes
  - /var/benchmarks/projects/commons-jxpath-1.3-src/target/classes
* Finished analyzing classpath
* Generating tests for class org.apache.commons.jxpath.util.ValueUtils
* Test criteria:
  - Line Coverage
  - Branch Coverage
  - Exception
  - Mutation testing (weak)
  - Method-Output Coverage
  - Top-Level Method Coverage
  - No-Exception Top-Level Method Coverage
  - Context Branch Coverage
* Setting up search algorithm for whole suite generation
* Total number of test goals: 
  - Line 245
  - Branch 151
  - Exception 0
  - MutationFactory 404
  - Output 39
  - Method 17
  - MethodNoException 17
  - CBranchFitnessFactory 151
* Using seed 1516819096587
* Starting evolution
[MASTER] 19:38:19.331 [logback-2] ERROR TestCluster - Failed to check cache for java.util.LinkedList<E> : Type points to itself
[MASTER] 19:38:21.161 [logback-2] ERROR TestCluster - Failed to check cache for java.util.Enumeration<E> : Type points to itself
[MASTER] 19:38:22.188 [logback-2] ERROR TestCluster - Failed to check cache for java.util.function.Function<T, R> : Type points to itself
[MASTER] 19:38:54.470 [logback-2] ERROR TestCluster - Failed to check cache for java.util.List<E> : Type points to itself
[MASTER] 19:38:54.880 [logback-2] ERROR TestCluster - Failed to check cache for java.util.function.Predicate<T> : Type points to itself
[MASTER] 19:38:56.237 [logback-2] ERROR TestCluster - Failed to check cache for java.util.Collection<E> : Type points to itself
* Search finished after 71s and 220 generations, 54797 statements, best individual has fitness: 554.2015979189893
* Minimizing test suite
* Generated 51 tests with total length 192
* Resulting test suite's coverage: 59% (average coverage for all fitness functions)
* Generating assertions
* Compiling and checking tests
* Writing JUnit test case 'ValueUtils_ESTest' to temp/testcases
* Done!

* Computation finished
