* EvoSuite 1.0.6-SNAPSHOT
* Going to generate test cases for class: org.apache.commons.imaging.formats.bmp.BmpImageParser
* Starting client
* Connecting to master process on port 4878
* Analyzing classpath: 
  - /var/benchmarks/projects/commons-imaging/target/classes
  - /var/benchmarks/projects/commons-imaging/target/classes
* Finished analyzing classpath
* Generating tests for class org.apache.commons.imaging.formats.bmp.BmpImageParser
* Test criteria:
  - Line Coverage
  - Branch Coverage
  - Exception
  - Mutation testing (weak)
  - Method-Output Coverage
  - Top-Level Method Coverage
  - No-Exception Top-Level Method Coverage
  - Context Branch Coverage
* Setting up search algorithm for whole suite generation
* Total number of test goals: 
  - Line 378
  - Branch 237
  - Exception 0
  - MutationFactory 560
  - Output 162
  - Method 15
  - MethodNoException 15
  - CBranchFitnessFactory 237
* Using seed 1517345185969
* Starting evolution
[MASTER] 21:46:35.430 [logback-2] ERROR TestCluster - Failed to check cache for java.util.function.Function<T, R> : Type points to itself
[MASTER] 21:47:07.904 [logback-2] ERROR TestCluster - Failed to check cache for java.util.Map<K, V> : Type points to itself
[MASTER] 21:47:08.854 [logback-2] ERROR TestCluster - Failed to check cache for java.util.Collection<E> : Type points to itself
[MASTER] 21:47:09.550 [logback-2] ERROR TestCluster - Failed to check cache for java.util.Enumeration<E> : Type points to itself
[MASTER] 21:47:12.292 [logback-2] ERROR TestCluster - Failed to check cache for java.util.List<E> : Type points to itself
[MASTER] 21:47:49.638 [logback-1] WARN  TimeController - Operation 'update from archive' took too long: 5099ms
* Search finished after 77s and 88 generations, 49597 statements, best individual has fitness: 1528.4895833333333
* Minimizing test suite
[MASTER] 21:48:00.417 [logback-1] WARN  TestSuiteMinimizer - Minimization timeout. Roll back to original test suite
* Generated 48 tests with total length 760
* Resulting test suite's coverage: 71% (average coverage for all fitness functions)
* Generating assertions
* Compiling and checking tests
[MASTER] 21:48:07.907 [logback-2] ERROR ClassStateSupport - Could not initialize org.apache.commons.imaging.formats.pnm.PamFileInfo: org/apache/commons/imaging/formats/pnm/PamFileInfo$TupleReader
[MASTER] 21:48:07.921 [logback-2] ERROR ClassStateSupport - Could not initialize org.apache.commons.imaging.formats.tiff.taginfos.TagInfoUndefineds: org/apache/commons/imaging/formats/tiff/fieldtypes/FieldType
[MASTER] 21:48:07.958 [logback-2] ERROR ClassStateSupport - Could not initialize org.apache.commons.imaging.formats.tiff.TiffDirectory: org/apache/commons/imaging/formats/tiff/taginfos/TagInfoSShort
[MASTER] 21:48:07.990 [logback-2] ERROR ClassStateSupport - Could not initialize org.apache.commons.imaging.formats.tiff.taginfos.TagInfoBytes: org/apache/commons/imaging/formats/tiff/fieldtypes/FieldTypeByte
[MASTER] 21:48:08.042 [logback-2] ERROR ClassStateSupport - Could not initialize org.apache.commons.imaging.formats.tiff.TiffElement: org/apache/commons/imaging/formats/tiff/TiffElement$1
[MASTER] 21:48:08.064 [logback-2] ERROR ClassStateSupport - Could not initialize org.apache.commons.imaging.formats.tiff.taginfos.TagInfoShort: org/apache/commons/imaging/formats/tiff/fieldtypes/FieldTypeShort
[MASTER] 21:48:08.068 [logback-2] ERROR ClassStateSupport - Could not initialize org.apache.commons.imaging.formats.tiff.TiffImageMetadata: org/apache/commons/imaging/formats/tiff/taginfos/TagInfoSRationals
[MASTER] 21:48:08.074 [logback-2] ERROR ClassStateSupport - Could not initialize org.apache.commons.imaging.formats.tiff.taginfos.TagInfoRational: org/apache/commons/imaging/formats/tiff/fieldtypes/FieldTypeRational
[MASTER] 21:48:08.194 [logback-2] ERROR ClassStateSupport - Could not initialize org.apache.commons.imaging.formats.pnm.PamFileInfo: org/apache/commons/imaging/formats/pnm/PamFileInfo$GrayscaleTupleReader
[MASTER] 21:48:08.234 [logback-2] ERROR ClassStateSupport - Could not initialize org.apache.commons.imaging.formats.tiff.fieldtypes.FieldType: org/apache/commons/imaging/formats/tiff/fieldtypes/FieldTypeAscii
[MASTER] 21:48:08.243 [logback-2] ERROR ClassStateSupport - Could not initialize org.apache.commons.imaging.formats.tiff.TiffDirectory: org/apache/commons/imaging/formats/tiff/taginfos/TagInfoSBytes
[MASTER] 21:48:08.271 [logback-2] ERROR ClassStateSupport - Could not initialize org.apache.commons.imaging.formats.tiff.fieldtypes.FieldTypeShort: org.apache.commons.imaging.formats.tiff.fieldtypes.FieldType
[MASTER] 21:48:08.341 [logback-2] ERROR ClassStateSupport - Could not initialize org.apache.commons.imaging.formats.tiff.TiffImageMetadata: org/apache/commons/imaging/formats/tiff/taginfos/TagInfoSLongs
[MASTER] 21:48:08.589 [logback-2] ERROR ClassStateSupport - Could not initialize org.apache.commons.imaging.formats.pnm.PamFileInfo: org/apache/commons/imaging/formats/pnm/PamFileInfo$ColorTupleReader
[MASTER] 21:48:08.630 [logback-2] ERROR ClassStateSupport - Could not initialize org.apache.commons.imaging.formats.tiff.fieldtypes.FieldType: org/apache/commons/imaging/formats/tiff/fieldtypes/FieldTypeLong
[MASTER] 21:48:08.640 [logback-2] ERROR ClassStateSupport - Could not initialize org.apache.commons.imaging.formats.tiff.TiffDirectory: org/apache/commons/imaging/formats/tiff/taginfos/TagInfoSByte
[MASTER] 21:48:08.731 [logback-2] ERROR ClassStateSupport - Could not initialize org.apache.commons.imaging.formats.tiff.TiffImageMetadata: org/apache/commons/imaging/formats/tiff/taginfos/TagInfoSShorts
[MASTER] 21:48:08.732 [logback-2] ERROR ClassStateSupport - Could not initialize org.apache.commons.imaging.formats.tiff.fieldtypes.FieldTypeRational: org.apache.commons.imaging.formats.tiff.fieldtypes.FieldType
[MASTER] 21:48:08.918 [logback-2] ERROR ClassStateSupport - Could not initialize org.apache.commons.imaging.formats.tiff.fieldtypes.FieldTypeAscii: org/apache/commons/imaging/formats/tiff/fieldtypes/FieldTypeFloat
[MASTER] 21:48:08.949 [logback-2] ERROR ClassStateSupport - Could not initialize org.apache.commons.imaging.formats.tiff.fieldtypes.FieldType: Could not initialize class org.apache.commons.imaging.formats.tiff.fieldtypes.FieldType
[MASTER] 21:48:08.960 [logback-2] ERROR ClassStateSupport - Could not initialize org.apache.commons.imaging.formats.tiff.TiffDirectory: org/apache/commons/imaging/formats/tiff/taginfos/TagInfoSLong
[MASTER] 21:48:09.051 [logback-2] ERROR ClassStateSupport - Could not initialize org.apache.commons.imaging.formats.tiff.TiffImageMetadata: org/apache/commons/imaging/formats/tiff/taginfos/TagInfoRationals
[MASTER] 21:48:09.192 [logback-2] ERROR ClassStateSupport - Could not initialize org.apache.commons.imaging.formats.tiff.fieldtypes.FieldTypeAscii: org/apache/commons/imaging/formats/tiff/fieldtypes/FieldTypeDouble
[MASTER] 21:48:09.229 [logback-2] ERROR ClassStateSupport - Could not initialize org.apache.commons.imaging.formats.tiff.TiffDirectory: org/apache/commons/imaging/formats/tiff/taginfos/TagInfoLongs
[MASTER] 21:48:09.306 [logback-2] ERROR ClassStateSupport - Could not initialize org.apache.commons.imaging.formats.tiff.TiffImageMetadata: org/apache/commons/imaging/formats/tiff/taginfos/TagInfoXpString
[MASTER] 21:48:09.450 [logback-2] ERROR ClassStateSupport - Could not initialize org.apache.commons.imaging.formats.tiff.TiffDirectory: org/apache/commons/imaging/formats/tiff/taginfos/TagInfoFloats
[MASTER] 21:48:09.528 [logback-2] ERROR ClassStateSupport - Could not initialize org.apache.commons.imaging.formats.tiff.TiffImageMetadata: org/apache/commons/imaging/formats/tiff/taginfos/TagInfoGpsText
[MASTER] 21:48:09.666 [logback-2] ERROR ClassStateSupport - Could not initialize org.apache.commons.imaging.formats.tiff.TiffDirectory: org/apache/commons/imaging/formats/tiff/taginfos/TagInfoDouble
[MASTER] 21:48:09.741 [logback-2] ERROR ClassStateSupport - Could not initialize org.apache.commons.imaging.formats.tiff.TiffImageMetadata: org/apache/commons/imaging/formats/tiff/taginfos/TagInfoDoubles
[MASTER] 21:48:09.893 [logback-2] ERROR ClassStateSupport - Could not initialize org.apache.commons.imaging.formats.tiff.taginfos.TagInfoGpsText: org/apache/commons/imaging/formats/tiff/taginfos/TagInfoGpsText$TextEncoding
[MASTER] 21:48:09.916 [logback-2] ERROR ClassStateSupport - Could not initialize org.apache.commons.imaging.formats.tiff.TiffDirectory: org/apache/commons/imaging/formats/tiff/taginfos/TagInfoSRational
[MASTER] 21:48:09.988 [logback-2] ERROR ClassStateSupport - Could not initialize org.apache.commons.imaging.formats.tiff.TiffImageMetadata: org/apache/commons/imaging/formats/tiff/taginfos/TagInfoByte
[MASTER] 21:48:10.184 [logback-2] ERROR ClassStateSupport - Could not initialize org.apache.commons.imaging.formats.tiff.TiffDirectory: org/apache/commons/imaging/formats/tiff/taginfos/TagInfoFloat
[MASTER] 21:48:10.262 [logback-2] ERROR ClassStateSupport - Could not initialize org.apache.commons.imaging.formats.tiff.TiffImageMetadata: org/apache/commons/imaging/formats/tiff/taginfos/TagInfoAscii
* Permissions denied during test execution: 
  - java.lang.RuntimePermission: 
         writeFileDescriptor: 2
[MASTER] 21:48:15.220 [logback-1] WARN  TimeController - Phase JUNIT_CHECK lasted too long, 2 seconds more than allowed.
* Writing JUnit test case 'BmpImageParser_ESTest' to temp/testcases
* Done!

* Computation finished
