* EvoSuite 1.0.6-SNAPSHOT
* Going to generate test cases for class: org.apache.commons.jxpath.ri.parser.XPathParserTokenManager
* Starting client
* Connecting to master process on port 17008
* Analyzing classpath: 
* Instrumentation exceeds Java's 64K limit per method in target class
* Attempting re-instrumentation without mutation
  - /var/benchmarks/projects/commons-jxpath-1.3-src/target/classes
  - /var/benchmarks/projects/commons-jxpath-1.3-src/target/classes
* Finished analyzing classpath
* Generating tests for class org.apache.commons.jxpath.ri.parser.XPathParserTokenManager
* Test criteria:
  - Line Coverage
  - Branch Coverage
  - Exception
  - Method-Output Coverage
  - Top-Level Method Coverage
  - No-Exception Top-Level Method Coverage
  - Context Branch Coverage
* Setting up search algorithm for whole suite generation
* Total number of test goals: 
  - Line 983
  - Branch 1388
  - Exception 0
  - Output 4
  - Method 8
  - MethodNoException 8
  - CBranchFitnessFactory 1388
* Using seed 1516819396680
* Starting evolution
* Search finished after 71s and 33 generations, 14320 statements, best individual has fitness: 2747.4004217048514
* Minimizing test suite
* Generated 30 tests with total length 204
* Resulting test suite's coverage: 59% (average coverage for all fitness functions)
* Generating assertions
* Compiling and checking tests
* Writing JUnit test case 'XPathParserTokenManager_ESTest' to temp/testcases
* Done!

* Computation finished
