* EvoSuite 1.0.6-SNAPSHOT
* Going to generate test cases for class: org.apache.commons.jxpath.ri.model.beans.PropertyIterator
* Starting client
* Connecting to master process on port 7718
* Analyzing classpath: 
  - /var/benchmarks/projects/commons-jxpath-1.3-src/target/classes
  - /var/benchmarks/projects/commons-jxpath-1.3-src/target/classes
* Finished analyzing classpath
* Generating tests for class org.apache.commons.jxpath.ri.model.beans.PropertyIterator
* Test criteria:
  - Line Coverage
  - Branch Coverage
  - Exception
  - Mutation testing (weak)
  - Method-Output Coverage
  - Top-Level Method Coverage
  - No-Exception Top-Level Method Coverage
  - Context Branch Coverage
* Setting up search algorithm for whole suite generation
* Total number of test goals: 
  - Line 154
  - Branch 102
  - Exception 0
  - MutationFactory 412
  - Output 29
  - Method 7
  - MethodNoException 7
  - CBranchFitnessFactory 102
* Using seed 1517343165460
* Starting evolution
[MASTER] 21:12:48.803 [logback-1] WARN  TestUsageChecker - class org.apache.commons.jxpath.ri.model.VariablePointer$1 looks like an anonymous class, ignoring it (although reflection says false) VariablePointer$1
[MASTER] 21:13:26.530 [logback-2] ERROR TestCluster - Failed to check cache for java.util.List<E> : Type points to itself
[MASTER] 21:13:30.095 [logback-2] ERROR TestCluster - Failed to check cache for java.util.Collection<E> : Type points to itself
* Search finished after 73s and 480 generations, 173451 statements, best individual has fitness: 222.64174356665916
* Minimizing test suite
* Generated 24 tests with total length 212
* Resulting test suite's coverage: 80% (average coverage for all fitness functions)
* Generating assertions
* Compiling and checking tests
[MASTER] 21:14:32.026 [logback-1] WARN  TimeController - Phase JUNIT_CHECK lasted too long, 3 seconds more than allowed.
* Writing JUnit test case 'PropertyIterator_ESTest' to temp/testcases
* Done!

* Computation finished
