* EvoSuite 1.0.6-SNAPSHOT
* Going to generate test cases for class: org.apache.bcel.verifier.structurals.Subroutines
* Starting client
* Connecting to master process on port 5498
* Analyzing classpath: 
  - /var/benchmarks/projects/bcel-6.0-src/target/classes
  - /var/benchmarks/projects/bcel-6.0-src/target/classes
* Finished analyzing classpath
* Generating tests for class org.apache.bcel.verifier.structurals.Subroutines
* Test criteria:
  - Line Coverage
  - Branch Coverage
  - Exception
  - Mutation testing (weak)
  - Method-Output Coverage
  - Top-Level Method Coverage
  - No-Exception Top-Level Method Coverage
  - Context Branch Coverage
* Setting up search algorithm for whole suite generation
* Total number of test goals: 
  - Line 231
  - Branch 143
  - Exception 0
  - MutationFactory 250
  - Output 9
  - Method 18
  - MethodNoException 18
  - CBranchFitnessFactory 143
* Using seed 1517347945724
* Starting evolution
[MASTER] 22:33:15.546 [logback-2] ERROR TestCluster - Failed to check cache for java.util.List<E> : Type points to itself
[MASTER] 22:33:25.946 [logback-2] ERROR TestCluster - Failed to check cache for java.util.Set<E> : Type points to itself
[MASTER] 22:33:29.304 [logback-2] ERROR TestCluster - Failed to check cache for java.util.Collection<E> : Type points to itself
* Search finished after 71s and 222 generations, 110371 statements, best individual has fitness: 523.4484323432343
* Minimizing test suite
* Generated 14 tests with total length 156
* Resulting test suite's coverage: 47% (average coverage for all fitness functions)
* Generating assertions
* Compiling and checking tests
* Writing JUnit test case 'Subroutines_ESTest' to temp/testcases
* Done!

* Computation finished
