* EvoSuite 1.0.6-SNAPSHOT
* Going to generate test cases for class: org.apache.commons.imaging.formats.tiff.TiffField
* Starting client
* Connecting to master process on port 4448
* Analyzing classpath: 
  - /var/benchmarks/projects/commons-imaging/target/classes
  - /var/benchmarks/projects/commons-imaging/target/classes
* Finished analyzing classpath
* Generating tests for class org.apache.commons.imaging.formats.tiff.TiffField
* Test criteria:
  - Line Coverage
  - Branch Coverage
  - Exception
  - Mutation testing (weak)
  - Method-Output Coverage
  - Top-Level Method Coverage
  - No-Exception Top-Level Method Coverage
  - Context Branch Coverage
* Setting up search algorithm for whole suite generation
* Total number of test goals: 
  - Line 260
  - Branch 155
  - Exception 0
  - MutationFactory 185
  - Output 74
  - Method 30
  - MethodNoException 30
  - CBranchFitnessFactory 155
* Using seed 1517345735094
* Starting evolution
[MASTER] 21:55:52.565 [logback-2] ERROR AbstractStatement - Error assigning value of type TemporalQuery[] defined at statement TemporalQuery<ChronoLocalDate>[] temporalQueryArray0 = (TemporalQuery<ChronoLocalDate>[]) Array.newInstance(TemporalQuery.class, 6), assignment statement: temporalQueryArray0[0] = (TemporalQuery<ChronoLocalDate>) temporalQueryArray0; SUT=org.apache.commons.imaging.formats.tiff.TiffField
[MASTER] 21:56:02.017 [logback-2] ERROR TestCluster - Failed to check cache for java.util.Comparator<T> : Type points to itself
[MASTER] 21:56:18.929 [logback-2] ERROR TestCluster - Failed to check cache for java.util.List<E> : Type points to itself
[MASTER] 21:56:38.329 [logback-1] WARN  TestChromosome - Functional mock problem: org.evosuite.ga.ConstructionFailedException: Have no generator for class java.time.chrono.JapaneseChronology canUseFunctionalMocks=true, canBeMocked: false
* Search finished after 71s and 203 generations, 156266 statements, best individual has fitness: 154.01059551093167
* Minimizing test suite
* Generated 112 tests with total length 821
* Resulting test suite's coverage: 88% (average coverage for all fitness functions)
* Generating assertions
* Compiling and checking tests
* Permissions denied during test execution: 
  - java.lang.RuntimePermission: 
         writeFileDescriptor: 1
[MASTER] 21:57:16.421 [logback-1] WARN  TimeController - Phase JUNIT_CHECK lasted too long, 6 seconds more than allowed.
* Writing JUnit test case 'TiffField_ESTest' to temp/testcases
* Done!

* Computation finished
