* EvoSuite 1.0.6-SNAPSHOT
* Going to generate test cases for class: org.la4j.vector.sparse.CompressedVector
* Starting client
* Connecting to master process on port 21560
* Analyzing classpath: 
  - /var/benchmarks/projects/la4j-0.6.0/target/classes
  - /var/benchmarks/projects/la4j-0.6.0/target/classes
* Finished analyzing classpath
* Generating tests for class org.la4j.vector.sparse.CompressedVector
* Test criteria:
  - Line Coverage
  - Branch Coverage
  - Exception
  - Mutation testing (weak)
  - Method-Output Coverage
  - Top-Level Method Coverage
  - No-Exception Top-Level Method Coverage
  - Context Branch Coverage
* Setting up search algorithm for whole suite generation
* Total number of test goals: 
  - Line 228
  - Branch 170
  - Exception 0
  - MutationFactory 450
  - Output 114
  - Method 27
  - MethodNoException 27
  - CBranchFitnessFactory 170
* Using seed 1517347718128
* Starting evolution
[MASTER] 22:28:41.254 [logback-2] ERROR TestCluster - Failed to check cache for java.util.AbstractMap<K, V>.SimpleEntry<K, V> : Type points to itself
[MASTER] 22:28:41.254 [logback-2] ERROR TestCluster - Failed to check cache for java.util.AbstractMap<K, V>.SimpleImmutableEntry<K, V> : Type points to itself
[MASTER] 22:28:47.183 [logback-2] ERROR TestCluster - Failed to check cache for org.la4j.operation.VectorOperation<R> : Type points to itself
[MASTER] 22:28:48.783 [logback-2] ERROR TestCluster - Failed to check cache for java.util.Comparator<T> : Type points to itself
[MASTER] 22:29:22.954 [logback-2] ERROR TestCluster - Failed to check cache for java.util.Collection<E> : Type points to itself
* Search finished after 74s and 15 generations, 11052 statements, best individual has fitness: 450.50174791436467
* Minimizing test suite
* Generated 74 tests with total length 888
* Resulting test suite's coverage: 81% (average coverage for all fitness functions)
[MASTER] 22:30:12.552 [logback-1] WARN  TestSuiteMinimizer - Minimization timeout. Roll back to original test suite
* Generating assertions
[MASTER] 22:30:12.555 [logback-1] WARN  TimeController - Phase MINIMIZATION lasted too long, 3 seconds more than allowed.
* Compiling and checking tests
[MASTER] 22:30:27.428 [logback-2] ERROR ClassStateSupport - Could not initialize org.la4j.matrix.SparseMatrix$2: org/la4j/iterator/CursorToColumnMajorMatrixIterator
[MASTER] 22:30:27.430 [logback-2] ERROR ClassStateSupport - Could not initialize org.la4j.matrix.SparseMatrix$1: org/la4j/iterator/CursorToRowMajorMatrixIterator
* Writing JUnit test case 'CompressedVector_ESTest' to temp/testcases
* Done!

* Computation finished
