* EvoSuite 1.0.6-SNAPSHOT
* Going to generate test cases for class: com.google.re2j.Parser
* Starting client
* Connecting to master process on port 11591
* Analyzing classpath: 
  - /var/benchmarks/projects/re2j/target/classes
  - /var/benchmarks/projects/re2j/target/classes
* Finished analyzing classpath
* Generating tests for class com.google.re2j.Parser
* Test criteria:
  - Line Coverage
  - Branch Coverage
  - Exception
  - Mutation testing (weak)
  - Method-Output Coverage
  - Top-Level Method Coverage
  - No-Exception Top-Level Method Coverage
  - Context Branch Coverage
* Setting up search algorithm for whole suite generation
* Total number of test goals: 
  - Line 786
  - Branch 668
  - Exception 0
  - MutationFactory 501
  - Output 5
  - Method 16
  - MethodNoException 16
  - CBranchFitnessFactory 668
* Using seed 1517348035002
* Starting evolution
* Search finished after 73s and 35 generations, 25816 statements, best individual has fitness: 1938.056499662246
* Minimizing test suite
* Generated 46 tests with total length 726
* Resulting test suite's coverage: 54% (average coverage for all fitness functions)
[MASTER] 22:35:29.142 [logback-1] WARN  TestSuiteMinimizer - Minimization timeout. Roll back to original test suite
* Generating assertions
[MASTER] 22:35:29.145 [logback-1] WARN  TimeController - Phase MINIMIZATION lasted too long, 4 seconds more than allowed.
* Compiling and checking tests
* Writing JUnit test case 'Parser_ESTest' to temp/testcases
* Done!

* Computation finished
