* EvoSuite 1.0.6-SNAPSHOT
* Going to generate test cases for class: org.apache.bcel.verifier.statics.Pass3aVerifier
* Starting client
* Connecting to master process on port 3495
* Analyzing classpath: 
  - /var/benchmarks/projects/bcel-6.0-src/target/classes
  - /var/benchmarks/projects/bcel-6.0-src/target/classes
* Finished analyzing classpath
* Generating tests for class org.apache.bcel.verifier.statics.Pass3aVerifier
* Test criteria:
  - Line Coverage
  - Branch Coverage
  - Exception
  - Mutation testing (weak)
  - Method-Output Coverage
  - Top-Level Method Coverage
  - No-Exception Top-Level Method Coverage
  - Context Branch Coverage
* Setting up search algorithm for whole suite generation
* Total number of test goals: 
  - Line 512
  - Branch 337
  - Exception 0
  - MutationFactory 917
  - Output 7
  - Method 35
  - MethodNoException 35
  - CBranchFitnessFactory 337
* Using seed 1517342024826
* Starting evolution
[MASTER] 20:53:51.224 [logback-1] WARN  TestChromosome - Functional mock problem: org.evosuite.ga.ConstructionFailedException: Have no generator for class org.apache.bcel.verifier.statics.Pass3aVerifier canUseFunctionalMocks=false, canBeMocked: false
* Search finished after 74s and 55 generations, 20024 statements, best individual has fitness: 2514.3190084246635
* Minimizing test suite
* Generated 21 tests with total length 420
[MASTER] 20:55:18.967 [logback-1] WARN  TestSuiteMinimizer - Minimization timeout. Roll back to original test suite
* Resulting test suite's coverage: 42% (average coverage for all fitness functions)
* Generating assertions
[MASTER] 20:55:18.970 [logback-1] WARN  TimeController - Phase MINIMIZATION lasted too long, 2 seconds more than allowed.
* Compiling and checking tests
[MASTER] 20:55:24.217 [logback-2] ERROR ClassStateSupport - Could not initialize org.apache.bcel.generic.MethodGen: org/apache/bcel/generic/MethodGen$1
[MASTER] 20:55:32.323 [logback-1] WARN  TimeController - Phase JUNIT_CHECK lasted too long, 1 seconds more than allowed.
* Writing JUnit test case 'Pass3aVerifier_ESTest' to temp/testcases
* Done!

* Computation finished
