* EvoSuite 1.0.6-SNAPSHOT
* Going to generate test cases for class: org.apache.bcel.classfile.Utility
* Starting client
* Connecting to master process on port 15361
* Analyzing classpath: 
  - /var/benchmarks/projects/bcel-6.0-src/target/classes
  - /var/benchmarks/projects/bcel-6.0-src/target/classes
* Finished analyzing classpath
* Generating tests for class org.apache.bcel.classfile.Utility
* Test criteria:
  - Line Coverage
  - Branch Coverage
  - Exception
  - Mutation testing (weak)
  - Method-Output Coverage
  - Top-Level Method Coverage
  - No-Exception Top-Level Method Coverage
  - Context Branch Coverage
* Setting up search algorithm for whole suite generation
* Total number of test goals: 
  - Line 521
  - Branch 916
  - Exception 0
  - MutationFactory 770
  - Output 114
  - Method 46
  - MethodNoException 46
  - CBranchFitnessFactory 916
* Using seed 1517343693053
* Starting evolution
[MASTER] 21:21:43.553 [logback-2] ERROR TestCluster - Failed to check cache for java.util.Enumeration<E> : Type points to itself
* Search finished after 75s and 32 generations, 18455 statements, best individual has fitness: 1719.2451234134473
* Minimizing test suite
* Generated 142 tests with total length 1792
* Resulting test suite's coverage: 67% (average coverage for all fitness functions)
[MASTER] 21:23:07.347 [logback-1] WARN  TestSuiteMinimizer - Minimization timeout. Roll back to original test suite
* Generating assertions
[MASTER] 21:23:07.349 [logback-1] WARN  TimeController - Phase MINIMIZATION lasted too long, 1 seconds more than allowed.
* Compiling and checking tests
[MASTER] 21:23:22.178 [logback-2] ERROR ClassStateSupport - Could not initialize org.apache.bcel.classfile.JavaClass: org/apache/bcel/classfile/JavaClass$1
* Writing JUnit test case 'Utility_ESTest' to temp/testcases
* Done!

* Computation finished
